
===========================================================================
 report_power
============================================================================
======================= Fastest Corner ===================================

Group                  Internal  Switching    Leakage      Total
                          Power      Power      Power      Power (Watts)
----------------------------------------------------------------
Sequential             1.47e-05   2.24e-07   4.34e-11   1.50e-05  15.6%
Combinational          2.09e-06   3.55e-06   6.28e-11   5.64e-06   5.9%
Clock                  6.34e-05   1.22e-05   3.45e-10   7.56e-05  78.6%
Macro                  0.00e+00   0.00e+00   0.00e+00   0.00e+00   0.0%
Pad                    0.00e+00   0.00e+00   0.00e+00   0.00e+00   0.0%
----------------------------------------------------------------
Total                  8.02e-05   1.60e-05   4.52e-10   9.62e-05 100.0%
                          83.4%      16.6%       0.0%

======================= Slowest Corner ===================================

Group                  Internal  Switching    Leakage      Total
                          Power      Power      Power      Power (Watts)
----------------------------------------------------------------
Sequential             9.99e-06   1.46e-07   4.25e-08   1.02e-05  15.2%
Combinational          1.58e-06   2.36e-06   7.36e-08   4.02e-06   6.0%
Clock                  4.47e-05   7.99e-06   6.36e-08   5.28e-05  78.8%
Macro                  0.00e+00   0.00e+00   0.00e+00   0.00e+00   0.0%
Pad                    0.00e+00   0.00e+00   0.00e+00   0.00e+00   0.0%
----------------------------------------------------------------
Total                  5.63e-05   1.05e-05   1.80e-07   6.70e-05 100.0%
                          84.1%      15.7%       0.3%

======================= Typical Corner ===================================

Group                  Internal  Switching    Leakage      Total
                          Power      Power      Power      Power (Watts)
----------------------------------------------------------------
Sequential             1.27e-05   1.87e-07   2.49e-11   1.29e-05  15.5%
Combinational          1.91e-06   3.00e-06   4.16e-11   4.92e-06   5.9%
Clock                  5.51e-05   1.03e-05   1.80e-10   6.53e-05  78.6%
Macro                  0.00e+00   0.00e+00   0.00e+00   0.00e+00   0.0%
Pad                    0.00e+00   0.00e+00   0.00e+00   0.00e+00   0.0%
----------------------------------------------------------------
Total                  6.97e-05   1.35e-05   2.46e-10   8.31e-05 100.0%
                          83.8%      16.2%       0.0%

