OpenROAD b16bda7e82721d10566ff7e2b68f1ff0be9f9e38 
Features included (+) or not (-): +Charts +GPU +GUI +Python
This program is licensed under the BSD-3 license. See the LICENSE file for details.
Components of this program may be licensed under more restrictive licenses which must be honored.
define_corners Typical
read_liberty -corner Typical /root/.volare/sky130A/libs.ref/sky130_fd_sc_hd/lib/sky130_fd_sc_hd__tt_025C_1v80.lib
Using 1e-12 for capacitance...
Using 1e+03 for resistance...
Using 1e-09 for time...
Using 1e+00 for voltage...
Using 1e-03 for current...
Using 1e-09 for power...
Using 1e-06 for distance...
[INFO]: Reading ODB at '/openlane/designs/encoder/runs/RUN_2024.11.03_18.10.17/results/floorplan/priority_encoder.odb'…
Reading design constraints file at '/openlane/scripts/base.sdc'…
[INFO]: Setting output delay to: 2.0
[INFO]: Setting input delay to: 2.0
[INFO]: Setting load to: 0.033442
[INFO]: Setting clock uncertainty to: 0.25
[INFO]: Setting clock transition to: 0.15
[INFO]: Setting timing derate to: 5.0 %
[INFO]: Setting RC values...
[INFO]: Setting signal min routing layer to: met1 and clock min routing layer to met3. 
[INFO]: Setting signal max routing layer to: met5 and clock max routing layer to met5. 
[INFO GPL-0002] DBU: 1000
[INFO GPL-0003] SiteSize: (  0.460  2.720 ) um
[INFO GPL-0004] CoreBBox: (  5.520 10.880 ) ( 194.120 187.680 ) um
[INFO GPL-0006] NumInstances:               611
[INFO GPL-0007] NumPlaceInstances:           12
[INFO GPL-0008] NumFixedInstances:          599
[INFO GPL-0009] NumDummyInstances:            0
[INFO GPL-0010] NumNets:                     21
[INFO GPL-0011] NumPins:                     53
[INFO GPL-0012] DieBBox:  (  0.000  0.000 ) ( 200.000 200.000 ) um
[INFO GPL-0013] CoreBBox: (  5.520 10.880 ) ( 194.120 187.680 ) um
[INFO GPL-0016] CoreArea:             33344.480 um^2
[INFO GPL-0017] NonPlaceInstsArea:     1074.781 um^2
[INFO GPL-0018] PlaceInstsArea:         132.627 um^2
[INFO GPL-0019] Util:                     0.411 %
[INFO GPL-0020] StdInstsArea:           132.627 um^2
[INFO GPL-0021] MacroInstsArea:           0.000 um^2
[InitialPlace]  Iter: 1 CG residual: 0.00000005 HPWL: 2780670
[InitialPlace]  Iter: 2 CG residual: 0.00000009 HPWL: 1621235
[InitialPlace]  Iter: 3 CG residual: 0.00000009 HPWL: 1579221
[InitialPlace]  Iter: 4 CG residual: 0.00000004 HPWL: 1518093
[InitialPlace]  Iter: 5 CG residual: 0.00000004 HPWL: 1454845
[INFO GPL-0031] FillerInit:NumGCells:      1274
[INFO GPL-0032] FillerInit:NumGNets:         21
[INFO GPL-0033] FillerInit:NumGPins:         53
[INFO GPL-0023] TargetDensity:            0.400
[INFO GPL-0024] AvrgPlaceInstArea:       11.052 um^2
[INFO GPL-0025] IdealBinArea:            27.631 um^2
[INFO GPL-0026] IdealBinCnt:               1206
[INFO GPL-0027] TotalBinArea:         33344.480 um^2
[INFO GPL-0028] BinCnt:        32     32
[INFO GPL-0029] BinSize: (  5.894  5.525 )
[INFO GPL-0030] NumBins: 1024
[NesterovSolve] Iter:    1 overflow: 0.128 HPWL: 1276092
[INFO GPL-0100] worst slack 7.07e-09
[INFO GPL-0103] Weighted 0 nets.
[NesterovSolve] Snapshot saved at iter = 0
[INFO GPL-0075] Routability numCall: 1 inflationIterCnt: 1 bloatIterCnt: 0
[INFO GPL-0036] TileBBox: (    0    0 ) ( 6900 6900 ) DBU
[INFO GPL-0038] TileCnt:      28   28
[INFO GPL-0039] numRoutingLayers: 6
[INFO GPL-0040] NumTiles: 784
[INFO GPL-0063] TotalRouteOverflowH2: 0
[INFO GPL-0064] TotalRouteOverflowV2: 0
[INFO GPL-0065] OverflowTileCnt2: 0
[INFO GPL-0066] 0.5%RC: 0.6833
[INFO GPL-0067] 1.0%RC: 0.6750
[INFO GPL-0068] 2.0%RC: 0.6708
[INFO GPL-0069] 5.0%RC: 0.6684
[INFO GPL-0070] 0.5rcK: 1
[INFO GPL-0071] 1.0rcK: 1
[INFO GPL-0072] 2.0rcK: 0
[INFO GPL-0073] 5.0rcK: 0
[INFO GPL-0074] FinalRC: 0.6792
[INFO GPL-0077] FinalRC lower than targetRC(1), routability not needed.
[NesterovSolve] Finished with Overflow: 0.076080
Setting global connections for newly added cells…
Writing OpenROAD database to '/openlane/designs/encoder/runs/RUN_2024.11.03_18.10.17/tmp/placement/7-global.odb'…
Writing netlist to '/openlane/designs/encoder/runs/RUN_2024.11.03_18.10.17/tmp/placement/7-global.nl.v'…
Writing powered netlist to '/openlane/designs/encoder/runs/RUN_2024.11.03_18.10.17/tmp/placement/7-global.pnl.v'…
Writing layout to '/openlane/designs/encoder/runs/RUN_2024.11.03_18.10.17/tmp/placement/7-global.def'…
