
===========================================================================
report_checks -path_delay min (Hold)
============================================================================
======================= Fastest Corner ===================================

Startpoint: D[4] (input port clocked by clk)
Endpoint: _16_ (rising edge-triggered flip-flop clocked by clk)
Path Group: clk
Path Type: min
Corner: Fastest

Fanout     Cap    Slew   Delay    Time   Description
-----------------------------------------------------------------------------
                          0.00    0.00   clock clk (rise edge)
                          0.00    0.00   clock network delay (propagated)
                          2.00    2.00 ^ input external delay
     1    0.00    0.02    0.01    2.01 ^ D[4] (in)
                                         D[4] (net)
                  0.02    0.00    2.01 ^ input4/A (sky130_fd_sc_hd__buf_1)
     3    0.01    0.10    0.09    2.10 ^ input4/X (sky130_fd_sc_hd__buf_1)
                                         net4 (net)
                  0.10    0.00    2.10 ^ _10_/D (sky130_fd_sc_hd__or4_1)
     1    0.00    0.04    0.08    2.18 ^ _10_/X (sky130_fd_sc_hd__or4_1)
                                         _00_ (net)
                  0.04    0.00    2.18 ^ _16_/D (sky130_fd_sc_hd__dfxtp_1)
                                  2.18   data arrival time

                          0.00    0.00   clock clk (rise edge)
                          0.00    0.00   clock source latency
     1    0.02    0.07    0.05    0.05 ^ clk (in)
                                         clk (net)
                  0.07    0.00    0.05 ^ clkbuf_0_clk/A (sky130_fd_sc_hd__clkbuf_16)
     2    0.02    0.03    0.10    0.15 ^ clkbuf_0_clk/X (sky130_fd_sc_hd__clkbuf_16)
                                         clknet_0_clk (net)
                  0.03    0.00    0.15 ^ clkbuf_1_1__f_clk/A (sky130_fd_sc_hd__clkbuf_16)
     2    0.01    0.02    0.08    0.23 ^ clkbuf_1_1__f_clk/X (sky130_fd_sc_hd__clkbuf_16)
                                         clknet_1_1__leaf_clk (net)
                  0.02    0.00    0.23 ^ _16_/CLK (sky130_fd_sc_hd__dfxtp_1)
                          0.25    0.48   clock uncertainty
                          0.00    0.48   clock reconvergence pessimism
                         -0.02    0.46   library hold time
                                  0.46   data required time
-----------------------------------------------------------------------------
                                  0.46   data required time
                                 -2.18   data arrival time
-----------------------------------------------------------------------------
                                  1.71   slack (MET)


Startpoint: D[3] (input port clocked by clk)
Endpoint: _17_ (rising edge-triggered flip-flop clocked by clk)
Path Group: clk
Path Type: min
Corner: Fastest

Fanout     Cap    Slew   Delay    Time   Description
-----------------------------------------------------------------------------
                          0.00    0.00   clock clk (rise edge)
                          0.00    0.00   clock network delay (propagated)
                          2.00    2.00 ^ input external delay
     1    0.00    0.02    0.01    2.01 ^ D[3] (in)
                                         D[3] (net)
                  0.02    0.00    2.01 ^ input3/A (sky130_fd_sc_hd__clkbuf_1)
     2    0.01    0.05    0.06    2.07 ^ input3/X (sky130_fd_sc_hd__clkbuf_1)
                                         net3 (net)
                  0.05    0.00    2.07 ^ _11_/A (sky130_fd_sc_hd__or2_1)
     1    0.00    0.03    0.06    2.13 ^ _11_/X (sky130_fd_sc_hd__or2_1)
                                         _05_ (net)
                  0.03    0.00    2.13 ^ _12_/A2 (sky130_fd_sc_hd__a211o_1)
     1    0.01    0.04    0.08    2.21 ^ _12_/X (sky130_fd_sc_hd__a211o_1)
                                         _01_ (net)
                  0.04    0.00    2.21 ^ _17_/D (sky130_fd_sc_hd__dfxtp_1)
                                  2.21   data arrival time

                          0.00    0.00   clock clk (rise edge)
                          0.00    0.00   clock source latency
     1    0.02    0.07    0.05    0.05 ^ clk (in)
                                         clk (net)
                  0.07    0.00    0.05 ^ clkbuf_0_clk/A (sky130_fd_sc_hd__clkbuf_16)
     2    0.02    0.03    0.10    0.15 ^ clkbuf_0_clk/X (sky130_fd_sc_hd__clkbuf_16)
                                         clknet_0_clk (net)
                  0.03    0.00    0.15 ^ clkbuf_1_0__f_clk/A (sky130_fd_sc_hd__clkbuf_16)
     2    0.01    0.02    0.08    0.23 ^ clkbuf_1_0__f_clk/X (sky130_fd_sc_hd__clkbuf_16)
                                         clknet_1_0__leaf_clk (net)
                  0.02    0.00    0.23 ^ _17_/CLK (sky130_fd_sc_hd__dfxtp_1)
                          0.25    0.48   clock uncertainty
                          0.00    0.48   clock reconvergence pessimism
                         -0.02    0.46   library hold time
                                  0.46   data required time
-----------------------------------------------------------------------------
                                  0.46   data required time
                                 -2.21   data arrival time
-----------------------------------------------------------------------------
                                  1.74   slack (MET)


Startpoint: D[6] (input port clocked by clk)
Endpoint: _18_ (rising edge-triggered flip-flop clocked by clk)
Path Group: clk
Path Type: min
Corner: Fastest

Fanout     Cap    Slew   Delay    Time   Description
-----------------------------------------------------------------------------
                          0.00    0.00   clock clk (rise edge)
                          0.00    0.00   clock network delay (propagated)
                          2.00    2.00 v input external delay
     1    0.00    0.01    0.00    2.00 v D[6] (in)
                                         D[6] (net)
                  0.01    0.00    2.00 v input6/A (sky130_fd_sc_hd__buf_1)
     3    0.02    0.08    0.09    2.09 v input6/X (sky130_fd_sc_hd__buf_1)
                                         net6 (net)
                  0.08    0.00    2.10 v _15_/A1 (sky130_fd_sc_hd__o21bai_1)
     1    0.00    0.05    0.12    2.21 ^ _15_/Y (sky130_fd_sc_hd__o21bai_1)
                                         _02_ (net)
                  0.05    0.00    2.21 ^ _18_/D (sky130_fd_sc_hd__dfxtp_1)
                                  2.21   data arrival time

                          0.00    0.00   clock clk (rise edge)
                          0.00    0.00   clock source latency
     1    0.02    0.07    0.05    0.05 ^ clk (in)
                                         clk (net)
                  0.07    0.00    0.05 ^ clkbuf_0_clk/A (sky130_fd_sc_hd__clkbuf_16)
     2    0.02    0.03    0.10    0.15 ^ clkbuf_0_clk/X (sky130_fd_sc_hd__clkbuf_16)
                                         clknet_0_clk (net)
                  0.03    0.00    0.15 ^ clkbuf_1_0__f_clk/A (sky130_fd_sc_hd__clkbuf_16)
     2    0.01    0.02    0.08    0.23 ^ clkbuf_1_0__f_clk/X (sky130_fd_sc_hd__clkbuf_16)
                                         clknet_1_0__leaf_clk (net)
                  0.02    0.00    0.23 ^ _18_/CLK (sky130_fd_sc_hd__dfxtp_1)
                          0.25    0.48   clock uncertainty
                          0.00    0.48   clock reconvergence pessimism
                         -0.02    0.46   library hold time
                                  0.46   data required time
-----------------------------------------------------------------------------
                                  0.46   data required time
                                 -2.21   data arrival time
-----------------------------------------------------------------------------
                                  1.75   slack (MET)


Startpoint: _17_ (rising edge-triggered flip-flop clocked by clk)
Endpoint: O[1] (output port clocked by clk)
Path Group: clk
Path Type: min
Corner: Fastest

Fanout     Cap    Slew   Delay    Time   Description
-----------------------------------------------------------------------------
                          0.00    0.00   clock clk (rise edge)
                          0.00    0.00   clock source latency
     1    0.02    0.07    0.05    0.05 ^ clk (in)
                                         clk (net)
                  0.07    0.00    0.05 ^ clkbuf_0_clk/A (sky130_fd_sc_hd__clkbuf_16)
     2    0.02    0.03    0.09    0.14 ^ clkbuf_0_clk/X (sky130_fd_sc_hd__clkbuf_16)
                                         clknet_0_clk (net)
                  0.03    0.00    0.14 ^ clkbuf_1_0__f_clk/A (sky130_fd_sc_hd__clkbuf_16)
     2    0.01    0.02    0.07    0.21 ^ clkbuf_1_0__f_clk/X (sky130_fd_sc_hd__clkbuf_16)
                                         clknet_1_0__leaf_clk (net)
                  0.02    0.00    0.21 ^ _17_/CLK (sky130_fd_sc_hd__dfxtp_1)
     1    0.01    0.05    0.20    0.41 v _17_/Q (sky130_fd_sc_hd__dfxtp_1)
                                         net9 (net)
                  0.05    0.00    0.41 v output9/A (sky130_fd_sc_hd__buf_2)
     1    0.03    0.06    0.12    0.53 v output9/X (sky130_fd_sc_hd__buf_2)
                                         O[1] (net)
                  0.06    0.00    0.53 v O[1] (out)
                                  0.53   data arrival time

                          0.00    0.00   clock clk (rise edge)
                          0.00    0.00   clock network delay (propagated)
                          0.25    0.25   clock uncertainty
                          0.00    0.25   clock reconvergence pessimism
                         -2.00   -1.75   output external delay
                                 -1.75   data required time
-----------------------------------------------------------------------------
                                 -1.75   data required time
                                 -0.53   data arrival time
-----------------------------------------------------------------------------
                                  2.28   slack (MET)


Startpoint: _16_ (rising edge-triggered flip-flop clocked by clk)
Endpoint: O[2] (output port clocked by clk)
Path Group: clk
Path Type: min
Corner: Fastest

Fanout     Cap    Slew   Delay    Time   Description
-----------------------------------------------------------------------------
                          0.00    0.00   clock clk (rise edge)
                          0.00    0.00   clock source latency
     1    0.02    0.07    0.05    0.05 ^ clk (in)
                                         clk (net)
                  0.07    0.00    0.05 ^ clkbuf_0_clk/A (sky130_fd_sc_hd__clkbuf_16)
     2    0.02    0.03    0.09    0.14 ^ clkbuf_0_clk/X (sky130_fd_sc_hd__clkbuf_16)
                                         clknet_0_clk (net)
                  0.03    0.00    0.14 ^ clkbuf_1_1__f_clk/A (sky130_fd_sc_hd__clkbuf_16)
     2    0.01    0.02    0.07    0.21 ^ clkbuf_1_1__f_clk/X (sky130_fd_sc_hd__clkbuf_16)
                                         clknet_1_1__leaf_clk (net)
                  0.02    0.00    0.21 ^ _16_/CLK (sky130_fd_sc_hd__dfxtp_1)
     1    0.02    0.06    0.20    0.41 v _16_/Q (sky130_fd_sc_hd__dfxtp_1)
                                         net10 (net)
                  0.06    0.00    0.42 v output10/A (sky130_fd_sc_hd__buf_2)
     1    0.03    0.06    0.12    0.54 v output10/X (sky130_fd_sc_hd__buf_2)
                                         O[2] (net)
                  0.06    0.00    0.54 v O[2] (out)
                                  0.54   data arrival time

                          0.00    0.00   clock clk (rise edge)
                          0.00    0.00   clock network delay (propagated)
                          0.25    0.25   clock uncertainty
                          0.00    0.25   clock reconvergence pessimism
                         -2.00   -1.75   output external delay
                                 -1.75   data required time
-----------------------------------------------------------------------------
                                 -1.75   data required time
                                 -0.54   data arrival time
-----------------------------------------------------------------------------
                                  2.29   slack (MET)


Startpoint: _18_ (rising edge-triggered flip-flop clocked by clk)
Endpoint: O[0] (output port clocked by clk)
Path Group: clk
Path Type: min
Corner: Fastest

Fanout     Cap    Slew   Delay    Time   Description
-----------------------------------------------------------------------------
                          0.00    0.00   clock clk (rise edge)
                          0.00    0.00   clock source latency
     1    0.02    0.07    0.05    0.05 ^ clk (in)
                                         clk (net)
                  0.07    0.00    0.05 ^ clkbuf_0_clk/A (sky130_fd_sc_hd__clkbuf_16)
     2    0.02    0.03    0.09    0.14 ^ clkbuf_0_clk/X (sky130_fd_sc_hd__clkbuf_16)
                                         clknet_0_clk (net)
                  0.03    0.00    0.14 ^ clkbuf_1_0__f_clk/A (sky130_fd_sc_hd__clkbuf_16)
     2    0.01    0.02    0.07    0.21 ^ clkbuf_1_0__f_clk/X (sky130_fd_sc_hd__clkbuf_16)
                                         clknet_1_0__leaf_clk (net)
                  0.02    0.00    0.21 ^ _18_/CLK (sky130_fd_sc_hd__dfxtp_1)
     1    0.02    0.07    0.21    0.42 v _18_/Q (sky130_fd_sc_hd__dfxtp_1)
                                         net8 (net)
                  0.07    0.00    0.42 v output8/A (sky130_fd_sc_hd__buf_2)
     1    0.03    0.06    0.13    0.55 v output8/X (sky130_fd_sc_hd__buf_2)
                                         O[0] (net)
                  0.06    0.00    0.55 v O[0] (out)
                                  0.55   data arrival time

                          0.00    0.00   clock clk (rise edge)
                          0.00    0.00   clock network delay (propagated)
                          0.25    0.25   clock uncertainty
                          0.00    0.25   clock reconvergence pessimism
                         -2.00   -1.75   output external delay
                                 -1.75   data required time
-----------------------------------------------------------------------------
                                 -1.75   data required time
                                 -0.55   data arrival time
-----------------------------------------------------------------------------
                                  2.30   slack (MET)



worst slack corner Fastest: 1.7142
======================= Slowest Corner ===================================

Startpoint: D[4] (input port clocked by clk)
Endpoint: _16_ (rising edge-triggered flip-flop clocked by clk)
Path Group: clk
Path Type: min
Corner: Slowest

Fanout     Cap    Slew   Delay    Time   Description
-----------------------------------------------------------------------------
                          0.00    0.00   clock clk (rise edge)
                          0.00    0.00   clock network delay (propagated)
                          2.00    2.00 ^ input external delay
     1    0.00    0.03    0.02    2.02 ^ D[4] (in)
                                         D[4] (net)
                  0.03    0.00    2.02 ^ input4/A (sky130_fd_sc_hd__buf_1)
     3    0.01    0.21    0.22    2.24 ^ input4/X (sky130_fd_sc_hd__buf_1)
                                         net4 (net)
                  0.21    0.00    2.24 ^ _10_/D (sky130_fd_sc_hd__or4_1)
     1    0.00    0.09    0.24    2.48 ^ _10_/X (sky130_fd_sc_hd__or4_1)
                                         _00_ (net)
                  0.09    0.00    2.48 ^ _16_/D (sky130_fd_sc_hd__dfxtp_1)
                                  2.48   data arrival time

                          0.00    0.00   clock clk (rise edge)
                          0.00    0.00   clock source latency
     1    0.02    0.15    0.11    0.11 ^ clk (in)
                                         clk (net)
                  0.15    0.00    0.11 ^ clkbuf_0_clk/A (sky130_fd_sc_hd__clkbuf_16)
     2    0.02    0.07    0.27    0.38 ^ clkbuf_0_clk/X (sky130_fd_sc_hd__clkbuf_16)
                                         clknet_0_clk (net)
                  0.07    0.00    0.38 ^ clkbuf_1_1__f_clk/A (sky130_fd_sc_hd__clkbuf_16)
     2    0.01    0.05    0.21    0.59 ^ clkbuf_1_1__f_clk/X (sky130_fd_sc_hd__clkbuf_16)
                                         clknet_1_1__leaf_clk (net)
                  0.05    0.00    0.59 ^ _16_/CLK (sky130_fd_sc_hd__dfxtp_1)
                          0.25    0.84   clock uncertainty
                          0.00    0.84   clock reconvergence pessimism
                         -0.08    0.76   library hold time
                                  0.76   data required time
-----------------------------------------------------------------------------
                                  0.76   data required time
                                 -2.48   data arrival time
-----------------------------------------------------------------------------
                                  1.72   slack (MET)


Startpoint: D[3] (input port clocked by clk)
Endpoint: _17_ (rising edge-triggered flip-flop clocked by clk)
Path Group: clk
Path Type: min
Corner: Slowest

Fanout     Cap    Slew   Delay    Time   Description
-----------------------------------------------------------------------------
                          0.00    0.00   clock clk (rise edge)
                          0.00    0.00   clock network delay (propagated)
                          2.00    2.00 ^ input external delay
     1    0.00    0.03    0.02    2.02 ^ D[3] (in)
                                         D[3] (net)
                  0.03    0.00    2.02 ^ input3/A (sky130_fd_sc_hd__clkbuf_1)
     2    0.00    0.11    0.15    2.17 ^ input3/X (sky130_fd_sc_hd__clkbuf_1)
                                         net3 (net)
                  0.11    0.00    2.17 ^ _11_/A (sky130_fd_sc_hd__or2_1)
     1    0.00    0.07    0.17    2.34 ^ _11_/X (sky130_fd_sc_hd__or2_1)
                                         _05_ (net)
                  0.07    0.00    2.34 ^ _12_/A2 (sky130_fd_sc_hd__a211o_1)
     1    0.01    0.09    0.24    2.59 ^ _12_/X (sky130_fd_sc_hd__a211o_1)
                                         _01_ (net)
                  0.09    0.00    2.59 ^ _17_/D (sky130_fd_sc_hd__dfxtp_1)
                                  2.59   data arrival time

                          0.00    0.00   clock clk (rise edge)
                          0.00    0.00   clock source latency
     1    0.02    0.15    0.11    0.11 ^ clk (in)
                                         clk (net)
                  0.15    0.00    0.11 ^ clkbuf_0_clk/A (sky130_fd_sc_hd__clkbuf_16)
     2    0.02    0.07    0.27    0.38 ^ clkbuf_0_clk/X (sky130_fd_sc_hd__clkbuf_16)
                                         clknet_0_clk (net)
                  0.07    0.00    0.38 ^ clkbuf_1_0__f_clk/A (sky130_fd_sc_hd__clkbuf_16)
     2    0.01    0.05    0.21    0.59 ^ clkbuf_1_0__f_clk/X (sky130_fd_sc_hd__clkbuf_16)
                                         clknet_1_0__leaf_clk (net)
                  0.05    0.00    0.59 ^ _17_/CLK (sky130_fd_sc_hd__dfxtp_1)
                          0.25    0.84   clock uncertainty
                          0.00    0.84   clock reconvergence pessimism
                         -0.08    0.76   library hold time
                                  0.76   data required time
-----------------------------------------------------------------------------
                                  0.76   data required time
                                 -2.59   data arrival time
-----------------------------------------------------------------------------
                                  1.83   slack (MET)


Startpoint: D[6] (input port clocked by clk)
Endpoint: _18_ (rising edge-triggered flip-flop clocked by clk)
Path Group: clk
Path Type: min
Corner: Slowest

Fanout     Cap    Slew   Delay    Time   Description
-----------------------------------------------------------------------------
                          0.00    0.00   clock clk (rise edge)
                          0.00    0.00   clock network delay (propagated)
                          2.00    2.00 v input external delay
     1    0.00    0.02    0.01    2.01 v D[6] (in)
                                         D[6] (net)
                  0.02    0.00    2.01 v input6/A (sky130_fd_sc_hd__buf_1)
     3    0.02    0.23    0.26    2.27 v input6/X (sky130_fd_sc_hd__buf_1)
                                         net6 (net)
                  0.23    0.00    2.27 v _15_/A1 (sky130_fd_sc_hd__o21bai_1)
     1    0.00    0.12    0.32    2.59 ^ _15_/Y (sky130_fd_sc_hd__o21bai_1)
                                         _02_ (net)
                  0.12    0.00    2.59 ^ _18_/D (sky130_fd_sc_hd__dfxtp_1)
                                  2.59   data arrival time

                          0.00    0.00   clock clk (rise edge)
                          0.00    0.00   clock source latency
     1    0.02    0.15    0.11    0.11 ^ clk (in)
                                         clk (net)
                  0.15    0.00    0.11 ^ clkbuf_0_clk/A (sky130_fd_sc_hd__clkbuf_16)
     2    0.02    0.07    0.27    0.38 ^ clkbuf_0_clk/X (sky130_fd_sc_hd__clkbuf_16)
                                         clknet_0_clk (net)
                  0.07    0.00    0.38 ^ clkbuf_1_0__f_clk/A (sky130_fd_sc_hd__clkbuf_16)
     2    0.01    0.05    0.21    0.59 ^ clkbuf_1_0__f_clk/X (sky130_fd_sc_hd__clkbuf_16)
                                         clknet_1_0__leaf_clk (net)
                  0.05    0.00    0.59 ^ _18_/CLK (sky130_fd_sc_hd__dfxtp_1)
                          0.25    0.84   clock uncertainty
                          0.00    0.84   clock reconvergence pessimism
                         -0.09    0.75   library hold time
                                  0.75   data required time
-----------------------------------------------------------------------------
                                  0.75   data required time
                                 -2.59   data arrival time
-----------------------------------------------------------------------------
                                  1.84   slack (MET)


Startpoint: _17_ (rising edge-triggered flip-flop clocked by clk)
Endpoint: O[1] (output port clocked by clk)
Path Group: clk
Path Type: min
Corner: Slowest

Fanout     Cap    Slew   Delay    Time   Description
-----------------------------------------------------------------------------
                          0.00    0.00   clock clk (rise edge)
                          0.00    0.00   clock source latency
     1    0.02    0.15    0.10    0.10 ^ clk (in)
                                         clk (net)
                  0.15    0.00    0.10 ^ clkbuf_0_clk/A (sky130_fd_sc_hd__clkbuf_16)
     2    0.02    0.07    0.24    0.34 ^ clkbuf_0_clk/X (sky130_fd_sc_hd__clkbuf_16)
                                         clknet_0_clk (net)
                  0.07    0.00    0.34 ^ clkbuf_1_0__f_clk/A (sky130_fd_sc_hd__clkbuf_16)
     2    0.01    0.05    0.19    0.53 ^ clkbuf_1_0__f_clk/X (sky130_fd_sc_hd__clkbuf_16)
                                         clknet_1_0__leaf_clk (net)
                  0.05    0.00    0.53 ^ _17_/CLK (sky130_fd_sc_hd__dfxtp_1)
     1    0.01    0.14    0.61    1.14 v _17_/Q (sky130_fd_sc_hd__dfxtp_1)
                                         net9 (net)
                  0.14    0.00    1.14 v output9/A (sky130_fd_sc_hd__buf_2)
     1    0.03    0.17    0.36    1.50 v output9/X (sky130_fd_sc_hd__buf_2)
                                         O[1] (net)
                  0.17    0.00    1.50 v O[1] (out)
                                  1.50   data arrival time

                          0.00    0.00   clock clk (rise edge)
                          0.00    0.00   clock network delay (propagated)
                          0.25    0.25   clock uncertainty
                          0.00    0.25   clock reconvergence pessimism
                         -2.00   -1.75   output external delay
                                 -1.75   data required time
-----------------------------------------------------------------------------
                                 -1.75   data required time
                                 -1.50   data arrival time
-----------------------------------------------------------------------------
                                  3.25   slack (MET)


Startpoint: _16_ (rising edge-triggered flip-flop clocked by clk)
Endpoint: O[2] (output port clocked by clk)
Path Group: clk
Path Type: min
Corner: Slowest

Fanout     Cap    Slew   Delay    Time   Description
-----------------------------------------------------------------------------
                          0.00    0.00   clock clk (rise edge)
                          0.00    0.00   clock source latency
     1    0.02    0.15    0.10    0.10 ^ clk (in)
                                         clk (net)
                  0.15    0.00    0.10 ^ clkbuf_0_clk/A (sky130_fd_sc_hd__clkbuf_16)
     2    0.02    0.07    0.24    0.34 ^ clkbuf_0_clk/X (sky130_fd_sc_hd__clkbuf_16)
                                         clknet_0_clk (net)
                  0.07    0.00    0.34 ^ clkbuf_1_1__f_clk/A (sky130_fd_sc_hd__clkbuf_16)
     2    0.01    0.05    0.19    0.53 ^ clkbuf_1_1__f_clk/X (sky130_fd_sc_hd__clkbuf_16)
                                         clknet_1_1__leaf_clk (net)
                  0.05    0.00    0.53 ^ _16_/CLK (sky130_fd_sc_hd__dfxtp_1)
     1    0.02    0.15    0.62    1.15 v _16_/Q (sky130_fd_sc_hd__dfxtp_1)
                                         net10 (net)
                  0.15    0.00    1.15 v output10/A (sky130_fd_sc_hd__buf_2)
     1    0.03    0.17    0.36    1.52 v output10/X (sky130_fd_sc_hd__buf_2)
                                         O[2] (net)
                  0.17    0.00    1.52 v O[2] (out)
                                  1.52   data arrival time

                          0.00    0.00   clock clk (rise edge)
                          0.00    0.00   clock network delay (propagated)
                          0.25    0.25   clock uncertainty
                          0.00    0.25   clock reconvergence pessimism
                         -2.00   -1.75   output external delay
                                 -1.75   data required time
-----------------------------------------------------------------------------
                                 -1.75   data required time
                                 -1.52   data arrival time
-----------------------------------------------------------------------------
                                  3.27   slack (MET)


Startpoint: _18_ (rising edge-triggered flip-flop clocked by clk)
Endpoint: O[0] (output port clocked by clk)
Path Group: clk
Path Type: min
Corner: Slowest

Fanout     Cap    Slew   Delay    Time   Description
-----------------------------------------------------------------------------
                          0.00    0.00   clock clk (rise edge)
                          0.00    0.00   clock source latency
     1    0.02    0.15    0.10    0.10 ^ clk (in)
                                         clk (net)
                  0.15    0.00    0.10 ^ clkbuf_0_clk/A (sky130_fd_sc_hd__clkbuf_16)
     2    0.02    0.07    0.24    0.34 ^ clkbuf_0_clk/X (sky130_fd_sc_hd__clkbuf_16)
                                         clknet_0_clk (net)
                  0.07    0.00    0.34 ^ clkbuf_1_0__f_clk/A (sky130_fd_sc_hd__clkbuf_16)
     2    0.01    0.05    0.19    0.53 ^ clkbuf_1_0__f_clk/X (sky130_fd_sc_hd__clkbuf_16)
                                         clknet_1_0__leaf_clk (net)
                  0.05    0.00    0.53 ^ _18_/CLK (sky130_fd_sc_hd__dfxtp_1)
     1    0.02    0.18    0.64    1.17 v _18_/Q (sky130_fd_sc_hd__dfxtp_1)
                                         net8 (net)
                  0.18    0.00    1.18 v output8/A (sky130_fd_sc_hd__buf_2)
     1    0.03    0.17    0.38    1.55 v output8/X (sky130_fd_sc_hd__buf_2)
                                         O[0] (net)
                  0.17    0.00    1.55 v O[0] (out)
                                  1.55   data arrival time

                          0.00    0.00   clock clk (rise edge)
                          0.00    0.00   clock network delay (propagated)
                          0.25    0.25   clock uncertainty
                          0.00    0.25   clock reconvergence pessimism
                         -2.00   -1.75   output external delay
                                 -1.75   data required time
-----------------------------------------------------------------------------
                                 -1.75   data required time
                                 -1.55   data arrival time
-----------------------------------------------------------------------------
                                  3.30   slack (MET)



worst slack corner Slowest: 1.7151
======================= Typical Corner ===================================

Startpoint: D[4] (input port clocked by clk)
Endpoint: _16_ (rising edge-triggered flip-flop clocked by clk)
Path Group: clk
Path Type: min
Corner: Typical

Fanout     Cap    Slew   Delay    Time   Description
-----------------------------------------------------------------------------
                          0.00    0.00   clock clk (rise edge)
                          0.00    0.00   clock network delay (propagated)
                          2.00    2.00 ^ input external delay
     1    0.00    0.02    0.01    2.01 ^ D[4] (in)
                                         D[4] (net)
                  0.02    0.00    2.01 ^ input4/A (sky130_fd_sc_hd__buf_1)
     3    0.01    0.13    0.13    2.14 ^ input4/X (sky130_fd_sc_hd__buf_1)
                                         net4 (net)
                  0.13    0.00    2.14 ^ _10_/D (sky130_fd_sc_hd__or4_1)
     1    0.00    0.05    0.13    2.27 ^ _10_/X (sky130_fd_sc_hd__or4_1)
                                         _00_ (net)
                  0.05    0.00    2.27 ^ _16_/D (sky130_fd_sc_hd__dfxtp_1)
                                  2.27   data arrival time

                          0.00    0.00   clock clk (rise edge)
                          0.00    0.00   clock source latency
     1    0.02    0.10    0.07    0.07 ^ clk (in)
                                         clk (net)
                  0.10    0.00    0.07 ^ clkbuf_0_clk/A (sky130_fd_sc_hd__clkbuf_16)
     2    0.02    0.04    0.15    0.22 ^ clkbuf_0_clk/X (sky130_fd_sc_hd__clkbuf_16)
                                         clknet_0_clk (net)
                  0.04    0.00    0.22 ^ clkbuf_1_1__f_clk/A (sky130_fd_sc_hd__clkbuf_16)
     2    0.01    0.03    0.12    0.34 ^ clkbuf_1_1__f_clk/X (sky130_fd_sc_hd__clkbuf_16)
                                         clknet_1_1__leaf_clk (net)
                  0.03    0.00    0.34 ^ _16_/CLK (sky130_fd_sc_hd__dfxtp_1)
                          0.25    0.59   clock uncertainty
                          0.00    0.59   clock reconvergence pessimism
                         -0.04    0.55   library hold time
                                  0.55   data required time
-----------------------------------------------------------------------------
                                  0.55   data required time
                                 -2.27   data arrival time
-----------------------------------------------------------------------------
                                  1.71   slack (MET)


Startpoint: D[3] (input port clocked by clk)
Endpoint: _17_ (rising edge-triggered flip-flop clocked by clk)
Path Group: clk
Path Type: min
Corner: Typical

Fanout     Cap    Slew   Delay    Time   Description
-----------------------------------------------------------------------------
                          0.00    0.00   clock clk (rise edge)
                          0.00    0.00   clock network delay (propagated)
                          2.00    2.00 ^ input external delay
     1    0.00    0.02    0.01    2.01 ^ D[3] (in)
                                         D[3] (net)
                  0.02    0.00    2.01 ^ input3/A (sky130_fd_sc_hd__clkbuf_1)
     2    0.01    0.07    0.09    2.10 ^ input3/X (sky130_fd_sc_hd__clkbuf_1)
                                         net3 (net)
                  0.07    0.00    2.10 ^ _11_/A (sky130_fd_sc_hd__or2_1)
     1    0.00    0.04    0.09    2.19 ^ _11_/X (sky130_fd_sc_hd__or2_1)
                                         _05_ (net)
                  0.04    0.00    2.19 ^ _12_/A2 (sky130_fd_sc_hd__a211o_1)
     1    0.01    0.06    0.12    2.31 ^ _12_/X (sky130_fd_sc_hd__a211o_1)
                                         _01_ (net)
                  0.06    0.00    2.31 ^ _17_/D (sky130_fd_sc_hd__dfxtp_1)
                                  2.31   data arrival time

                          0.00    0.00   clock clk (rise edge)
                          0.00    0.00   clock source latency
     1    0.02    0.10    0.07    0.07 ^ clk (in)
                                         clk (net)
                  0.10    0.00    0.07 ^ clkbuf_0_clk/A (sky130_fd_sc_hd__clkbuf_16)
     2    0.02    0.04    0.15    0.22 ^ clkbuf_0_clk/X (sky130_fd_sc_hd__clkbuf_16)
                                         clknet_0_clk (net)
                  0.04    0.00    0.22 ^ clkbuf_1_0__f_clk/A (sky130_fd_sc_hd__clkbuf_16)
     2    0.01    0.03    0.12    0.34 ^ clkbuf_1_0__f_clk/X (sky130_fd_sc_hd__clkbuf_16)
                                         clknet_1_0__leaf_clk (net)
                  0.03    0.00    0.34 ^ _17_/CLK (sky130_fd_sc_hd__dfxtp_1)
                          0.25    0.59   clock uncertainty
                          0.00    0.59   clock reconvergence pessimism
                         -0.04    0.55   library hold time
                                  0.55   data required time
-----------------------------------------------------------------------------
                                  0.55   data required time
                                 -2.31   data arrival time
-----------------------------------------------------------------------------
                                  1.76   slack (MET)


Startpoint: D[6] (input port clocked by clk)
Endpoint: _18_ (rising edge-triggered flip-flop clocked by clk)
Path Group: clk
Path Type: min
Corner: Typical

Fanout     Cap    Slew   Delay    Time   Description
-----------------------------------------------------------------------------
                          0.00    0.00   clock clk (rise edge)
                          0.00    0.00   clock network delay (propagated)
                          2.00    2.00 v input external delay
     1    0.00    0.01    0.00    2.00 v D[6] (in)
                                         D[6] (net)
                  0.01    0.00    2.00 v input6/A (sky130_fd_sc_hd__buf_1)
     3    0.02    0.12    0.14    2.14 v input6/X (sky130_fd_sc_hd__buf_1)
                                         net6 (net)
                  0.12    0.00    2.14 v _15_/A1 (sky130_fd_sc_hd__o21bai_1)
     1    0.00    0.08    0.18    2.32 ^ _15_/Y (sky130_fd_sc_hd__o21bai_1)
                                         _02_ (net)
                  0.08    0.00    2.32 ^ _18_/D (sky130_fd_sc_hd__dfxtp_1)
                                  2.32   data arrival time

                          0.00    0.00   clock clk (rise edge)
                          0.00    0.00   clock source latency
     1    0.02    0.10    0.07    0.07 ^ clk (in)
                                         clk (net)
                  0.10    0.00    0.07 ^ clkbuf_0_clk/A (sky130_fd_sc_hd__clkbuf_16)
     2    0.02    0.04    0.15    0.22 ^ clkbuf_0_clk/X (sky130_fd_sc_hd__clkbuf_16)
                                         clknet_0_clk (net)
                  0.04    0.00    0.22 ^ clkbuf_1_0__f_clk/A (sky130_fd_sc_hd__clkbuf_16)
     2    0.01    0.03    0.12    0.34 ^ clkbuf_1_0__f_clk/X (sky130_fd_sc_hd__clkbuf_16)
                                         clknet_1_0__leaf_clk (net)
                  0.03    0.00    0.34 ^ _18_/CLK (sky130_fd_sc_hd__dfxtp_1)
                          0.25    0.59   clock uncertainty
                          0.00    0.59   clock reconvergence pessimism
                         -0.04    0.55   library hold time
                                  0.55   data required time
-----------------------------------------------------------------------------
                                  0.55   data required time
                                 -2.32   data arrival time
-----------------------------------------------------------------------------
                                  1.77   slack (MET)


Startpoint: _17_ (rising edge-triggered flip-flop clocked by clk)
Endpoint: O[1] (output port clocked by clk)
Path Group: clk
Path Type: min
Corner: Typical

Fanout     Cap    Slew   Delay    Time   Description
-----------------------------------------------------------------------------
                          0.00    0.00   clock clk (rise edge)
                          0.00    0.00   clock source latency
     1    0.02    0.10    0.06    0.06 ^ clk (in)
                                         clk (net)
                  0.10    0.00    0.06 ^ clkbuf_0_clk/A (sky130_fd_sc_hd__clkbuf_16)
     2    0.02    0.04    0.14    0.20 ^ clkbuf_0_clk/X (sky130_fd_sc_hd__clkbuf_16)
                                         clknet_0_clk (net)
                  0.04    0.00    0.20 ^ clkbuf_1_0__f_clk/A (sky130_fd_sc_hd__clkbuf_16)
     2    0.01    0.03    0.10    0.31 ^ clkbuf_1_0__f_clk/X (sky130_fd_sc_hd__clkbuf_16)
                                         clknet_1_0__leaf_clk (net)
                  0.03    0.00    0.31 ^ _17_/CLK (sky130_fd_sc_hd__dfxtp_1)
     1    0.01    0.07    0.31    0.62 v _17_/Q (sky130_fd_sc_hd__dfxtp_1)
                                         net9 (net)
                  0.07    0.00    0.62 v output9/A (sky130_fd_sc_hd__buf_2)
     1    0.03    0.09    0.18    0.80 v output9/X (sky130_fd_sc_hd__buf_2)
                                         O[1] (net)
                  0.09    0.00    0.80 v O[1] (out)
                                  0.80   data arrival time

                          0.00    0.00   clock clk (rise edge)
                          0.00    0.00   clock network delay (propagated)
                          0.25    0.25   clock uncertainty
                          0.00    0.25   clock reconvergence pessimism
                         -2.00   -1.75   output external delay
                                 -1.75   data required time
-----------------------------------------------------------------------------
                                 -1.75   data required time
                                 -0.80   data arrival time
-----------------------------------------------------------------------------
                                  2.55   slack (MET)


Startpoint: _16_ (rising edge-triggered flip-flop clocked by clk)
Endpoint: O[2] (output port clocked by clk)
Path Group: clk
Path Type: min
Corner: Typical

Fanout     Cap    Slew   Delay    Time   Description
-----------------------------------------------------------------------------
                          0.00    0.00   clock clk (rise edge)
                          0.00    0.00   clock source latency
     1    0.02    0.10    0.06    0.06 ^ clk (in)
                                         clk (net)
                  0.10    0.00    0.06 ^ clkbuf_0_clk/A (sky130_fd_sc_hd__clkbuf_16)
     2    0.02    0.04    0.14    0.20 ^ clkbuf_0_clk/X (sky130_fd_sc_hd__clkbuf_16)
                                         clknet_0_clk (net)
                  0.04    0.00    0.20 ^ clkbuf_1_1__f_clk/A (sky130_fd_sc_hd__clkbuf_16)
     2    0.01    0.03    0.11    0.31 ^ clkbuf_1_1__f_clk/X (sky130_fd_sc_hd__clkbuf_16)
                                         clknet_1_1__leaf_clk (net)
                  0.03    0.00    0.31 ^ _16_/CLK (sky130_fd_sc_hd__dfxtp_1)
     1    0.02    0.08    0.32    0.62 v _16_/Q (sky130_fd_sc_hd__dfxtp_1)
                                         net10 (net)
                  0.08    0.00    0.62 v output10/A (sky130_fd_sc_hd__buf_2)
     1    0.03    0.09    0.19    0.81 v output10/X (sky130_fd_sc_hd__buf_2)
                                         O[2] (net)
                  0.09    0.00    0.81 v O[2] (out)
                                  0.81   data arrival time

                          0.00    0.00   clock clk (rise edge)
                          0.00    0.00   clock network delay (propagated)
                          0.25    0.25   clock uncertainty
                          0.00    0.25   clock reconvergence pessimism
                         -2.00   -1.75   output external delay
                                 -1.75   data required time
-----------------------------------------------------------------------------
                                 -1.75   data required time
                                 -0.81   data arrival time
-----------------------------------------------------------------------------
                                  2.56   slack (MET)


Startpoint: _18_ (rising edge-triggered flip-flop clocked by clk)
Endpoint: O[0] (output port clocked by clk)
Path Group: clk
Path Type: min
Corner: Typical

Fanout     Cap    Slew   Delay    Time   Description
-----------------------------------------------------------------------------
                          0.00    0.00   clock clk (rise edge)
                          0.00    0.00   clock source latency
     1    0.02    0.10    0.06    0.06 ^ clk (in)
                                         clk (net)
                  0.10    0.00    0.06 ^ clkbuf_0_clk/A (sky130_fd_sc_hd__clkbuf_16)
     2    0.02    0.04    0.14    0.20 ^ clkbuf_0_clk/X (sky130_fd_sc_hd__clkbuf_16)
                                         clknet_0_clk (net)
                  0.04    0.00    0.20 ^ clkbuf_1_0__f_clk/A (sky130_fd_sc_hd__clkbuf_16)
     2    0.01    0.03    0.10    0.31 ^ clkbuf_1_0__f_clk/X (sky130_fd_sc_hd__clkbuf_16)
                                         clknet_1_0__leaf_clk (net)
                  0.03    0.00    0.31 ^ _18_/CLK (sky130_fd_sc_hd__dfxtp_1)
     1    0.02    0.10    0.33    0.63 v _18_/Q (sky130_fd_sc_hd__dfxtp_1)
                                         net8 (net)
                  0.10    0.00    0.64 v output8/A (sky130_fd_sc_hd__buf_2)
     1    0.03    0.09    0.19    0.83 v output8/X (sky130_fd_sc_hd__buf_2)
                                         O[0] (net)
                  0.09    0.00    0.83 v O[0] (out)
                                  0.83   data arrival time

                          0.00    0.00   clock clk (rise edge)
                          0.00    0.00   clock network delay (propagated)
                          0.25    0.25   clock uncertainty
                          0.00    0.25   clock reconvergence pessimism
                         -2.00   -1.75   output external delay
                                 -1.75   data required time
-----------------------------------------------------------------------------
                                 -1.75   data required time
                                 -0.83   data arrival time
-----------------------------------------------------------------------------
                                  2.58   slack (MET)



worst slack corner Typical: 1.7123
