
===========================================================================
 report_power
============================================================================
======================= Fastest Corner ===================================

Group                  Internal  Switching    Leakage      Total
                          Power      Power      Power      Power (Watts)
----------------------------------------------------------------
Sequential             1.47e-05   9.59e-07   4.34e-11   1.57e-05  16.1%
Combinational          2.09e-06   4.30e-06   6.58e-11   6.38e-06   6.6%
Clock                  6.33e-05   1.20e-05   2.16e-09   7.52e-05  77.3%
Macro                  0.00e+00   0.00e+00   0.00e+00   0.00e+00   0.0%
Pad                    0.00e+00   0.00e+00   0.00e+00   0.00e+00   0.0%
----------------------------------------------------------------
Total                  8.01e-05   1.72e-05   2.27e-09   9.73e-05 100.0%
                          82.3%      17.7%       0.0%

======================= Slowest Corner ===================================

Group                  Internal  Switching    Leakage      Total
                          Power      Power      Power      Power (Watts)
----------------------------------------------------------------
Sequential             1.00e-05   6.41e-07   4.25e-08   1.07e-05  15.8%
Combinational          1.57e-06   2.86e-06   7.36e-08   4.51e-06   6.7%
Clock                  4.47e-05   7.85e-06   6.55e-08   5.26e-05  77.6%
Macro                  0.00e+00   0.00e+00   0.00e+00   0.00e+00   0.0%
Pad                    0.00e+00   0.00e+00   0.00e+00   0.00e+00   0.0%
----------------------------------------------------------------
Total                  5.62e-05   1.13e-05   1.82e-07   6.78e-05 100.0%
                          83.0%      16.8%       0.3%

======================= Typical Corner ===================================

Group                  Internal  Switching    Leakage      Total
                          Power      Power      Power      Power (Watts)
----------------------------------------------------------------
Sequential             1.27e-05   8.14e-07   2.49e-11   1.35e-05  16.1%
Combinational          1.90e-06   3.64e-06   4.46e-11   5.54e-06   6.6%
Clock                  5.50e-05   1.01e-05   2.00e-09   6.50e-05  77.3%
Macro                  0.00e+00   0.00e+00   0.00e+00   0.00e+00   0.0%
Pad                    0.00e+00   0.00e+00   0.00e+00   0.00e+00   0.0%
----------------------------------------------------------------
Total                  6.96e-05   1.45e-05   2.07e-09   8.41e-05 100.0%
                          82.7%      17.3%       0.0%

