
===========================================================================
report_checks -path_delay max (Setup)
============================================================================
======================= Fastest Corner ===================================

Startpoint: _18_ (rising edge-triggered flip-flop clocked by clk)
Endpoint: O[0] (output port clocked by clk)
Path Group: clk
Path Type: max
Corner: Fastest

Fanout     Cap    Slew   Delay    Time   Description
-----------------------------------------------------------------------------
                          0.00    0.00   clock clk (rise edge)
                          0.00    0.00   clock source latency
     1    0.02    0.07    0.05    0.05 ^ clk (in)
                                         clk (net)
                  0.07    0.00    0.05 ^ clkbuf_0_clk/A (sky130_fd_sc_hd__clkbuf_16)
     2    0.02    0.03    0.10    0.15 ^ clkbuf_0_clk/X (sky130_fd_sc_hd__clkbuf_16)
                                         clknet_0_clk (net)
                  0.03    0.00    0.15 ^ clkbuf_1_0__f_clk/A (sky130_fd_sc_hd__clkbuf_16)
     2    0.01    0.02    0.08    0.23 ^ clkbuf_1_0__f_clk/X (sky130_fd_sc_hd__clkbuf_16)
                                         clknet_1_0__leaf_clk (net)
                  0.02    0.00    0.23 ^ _18_/CLK (sky130_fd_sc_hd__dfxtp_1)
     1    0.02    0.14    0.27    0.51 ^ _18_/Q (sky130_fd_sc_hd__dfxtp_1)
                                         net8 (net)
                  0.14    0.00    0.51 ^ output8/A (sky130_fd_sc_hd__buf_2)
     1    0.03    0.13    0.17    0.68 ^ output8/X (sky130_fd_sc_hd__buf_2)
                                         O[0] (net)
                  0.13    0.00    0.68 ^ O[0] (out)
                                  0.68   data arrival time

                         10.00   10.00   clock clk (rise edge)
                          0.00   10.00   clock network delay (propagated)
                         -0.25    9.75   clock uncertainty
                          0.00    9.75   clock reconvergence pessimism
                         -2.00    7.75   output external delay
                                  7.75   data required time
-----------------------------------------------------------------------------
                                  7.75   data required time
                                 -0.68   data arrival time
-----------------------------------------------------------------------------
                                  7.07   slack (MET)


Startpoint: _16_ (rising edge-triggered flip-flop clocked by clk)
Endpoint: O[2] (output port clocked by clk)
Path Group: clk
Path Type: max
Corner: Fastest

Fanout     Cap    Slew   Delay    Time   Description
-----------------------------------------------------------------------------
                          0.00    0.00   clock clk (rise edge)
                          0.00    0.00   clock source latency
     1    0.02    0.07    0.05    0.05 ^ clk (in)
                                         clk (net)
                  0.07    0.00    0.05 ^ clkbuf_0_clk/A (sky130_fd_sc_hd__clkbuf_16)
     2    0.02    0.03    0.10    0.15 ^ clkbuf_0_clk/X (sky130_fd_sc_hd__clkbuf_16)
                                         clknet_0_clk (net)
                  0.03    0.00    0.15 ^ clkbuf_1_1__f_clk/A (sky130_fd_sc_hd__clkbuf_16)
     2    0.01    0.02    0.08    0.23 ^ clkbuf_1_1__f_clk/X (sky130_fd_sc_hd__clkbuf_16)
                                         clknet_1_1__leaf_clk (net)
                  0.02    0.00    0.23 ^ _16_/CLK (sky130_fd_sc_hd__dfxtp_1)
     1    0.02    0.11    0.25    0.49 ^ _16_/Q (sky130_fd_sc_hd__dfxtp_1)
                                         net10 (net)
                  0.11    0.00    0.49 ^ output10/A (sky130_fd_sc_hd__buf_2)
     1    0.03    0.13    0.17    0.65 ^ output10/X (sky130_fd_sc_hd__buf_2)
                                         O[2] (net)
                  0.13    0.00    0.65 ^ O[2] (out)
                                  0.65   data arrival time

                         10.00   10.00   clock clk (rise edge)
                          0.00   10.00   clock network delay (propagated)
                         -0.25    9.75   clock uncertainty
                          0.00    9.75   clock reconvergence pessimism
                         -2.00    7.75   output external delay
                                  7.75   data required time
-----------------------------------------------------------------------------
                                  7.75   data required time
                                 -0.65   data arrival time
-----------------------------------------------------------------------------
                                  7.10   slack (MET)


Startpoint: _17_ (rising edge-triggered flip-flop clocked by clk)
Endpoint: O[1] (output port clocked by clk)
Path Group: clk
Path Type: max
Corner: Fastest

Fanout     Cap    Slew   Delay    Time   Description
-----------------------------------------------------------------------------
                          0.00    0.00   clock clk (rise edge)
                          0.00    0.00   clock source latency
     1    0.02    0.07    0.05    0.05 ^ clk (in)
                                         clk (net)
                  0.07    0.00    0.05 ^ clkbuf_0_clk/A (sky130_fd_sc_hd__clkbuf_16)
     2    0.02    0.03    0.10    0.15 ^ clkbuf_0_clk/X (sky130_fd_sc_hd__clkbuf_16)
                                         clknet_0_clk (net)
                  0.03    0.00    0.15 ^ clkbuf_1_0__f_clk/A (sky130_fd_sc_hd__clkbuf_16)
     2    0.01    0.02    0.08    0.23 ^ clkbuf_1_0__f_clk/X (sky130_fd_sc_hd__clkbuf_16)
                                         clknet_1_0__leaf_clk (net)
                  0.02    0.00    0.23 ^ _17_/CLK (sky130_fd_sc_hd__dfxtp_1)
     1    0.01    0.11    0.25    0.48 ^ _17_/Q (sky130_fd_sc_hd__dfxtp_1)
                                         net9 (net)
                  0.11    0.00    0.48 ^ output9/A (sky130_fd_sc_hd__buf_2)
     1    0.03    0.13    0.16    0.64 ^ output9/X (sky130_fd_sc_hd__buf_2)
                                         O[1] (net)
                  0.13    0.00    0.64 ^ O[1] (out)
                                  0.64   data arrival time

                         10.00   10.00   clock clk (rise edge)
                          0.00   10.00   clock network delay (propagated)
                         -0.25    9.75   clock uncertainty
                          0.00    9.75   clock reconvergence pessimism
                         -2.00    7.75   output external delay
                                  7.75   data required time
-----------------------------------------------------------------------------
                                  7.75   data required time
                                 -0.64   data arrival time
-----------------------------------------------------------------------------
                                  7.11   slack (MET)


Startpoint: D[7] (input port clocked by clk)
Endpoint: _16_ (rising edge-triggered flip-flop clocked by clk)
Path Group: clk
Path Type: max
Corner: Fastest

Fanout     Cap    Slew   Delay    Time   Description
-----------------------------------------------------------------------------
                          0.00    0.00   clock clk (rise edge)
                          0.00    0.00   clock network delay (propagated)
                          2.00    2.00 v input external delay
     1    0.00    0.01    0.00    2.00 v D[7] (in)
                                         D[7] (net)
                  0.01    0.00    2.00 v input7/A (sky130_fd_sc_hd__buf_1)
     3    0.02    0.08    0.10    2.10 v input7/X (sky130_fd_sc_hd__buf_1)
                                         net7 (net)
                  0.08    0.00    2.10 v _10_/A (sky130_fd_sc_hd__or4_1)
     1    0.00    0.06    0.33    2.43 v _10_/X (sky130_fd_sc_hd__or4_1)
                                         _00_ (net)
                  0.06    0.00    2.43 v _16_/D (sky130_fd_sc_hd__dfxtp_1)
                                  2.43   data arrival time

                         10.00   10.00   clock clk (rise edge)
                          0.00   10.00   clock source latency
     1    0.02    0.07    0.05   10.05 ^ clk (in)
                                         clk (net)
                  0.07    0.00   10.05 ^ clkbuf_0_clk/A (sky130_fd_sc_hd__clkbuf_16)
     2    0.02    0.03    0.09   10.14 ^ clkbuf_0_clk/X (sky130_fd_sc_hd__clkbuf_16)
                                         clknet_0_clk (net)
                  0.03    0.00   10.14 ^ clkbuf_1_1__f_clk/A (sky130_fd_sc_hd__clkbuf_16)
     2    0.01    0.02    0.07   10.21 ^ clkbuf_1_1__f_clk/X (sky130_fd_sc_hd__clkbuf_16)
                                         clknet_1_1__leaf_clk (net)
                  0.02    0.00   10.21 ^ _16_/CLK (sky130_fd_sc_hd__dfxtp_1)
                         -0.25    9.96   clock uncertainty
                          0.00    9.96   clock reconvergence pessimism
                         -0.08    9.88   library setup time
                                  9.88   data required time
-----------------------------------------------------------------------------
                                  9.88   data required time
                                 -2.43   data arrival time
-----------------------------------------------------------------------------
                                  7.44   slack (MET)


Startpoint: D[2] (input port clocked by clk)
Endpoint: _17_ (rising edge-triggered flip-flop clocked by clk)
Path Group: clk
Path Type: max
Corner: Fastest

Fanout     Cap    Slew   Delay    Time   Description
-----------------------------------------------------------------------------
                          0.00    0.00   clock clk (rise edge)
                          0.00    0.00   clock network delay (propagated)
                          2.00    2.00 v input external delay
     1    0.00    0.01    0.00    2.00 v D[2] (in)
                                         D[2] (net)
                  0.01    0.00    2.00 v input2/A (sky130_fd_sc_hd__buf_1)
     2    0.01    0.05    0.07    2.08 v input2/X (sky130_fd_sc_hd__buf_1)
                                         net2 (net)
                  0.05    0.00    2.08 v _11_/B (sky130_fd_sc_hd__or2_1)
     1    0.00    0.03    0.13    2.21 v _11_/X (sky130_fd_sc_hd__or2_1)
                                         _05_ (net)
                  0.03    0.00    2.21 v _12_/A2 (sky130_fd_sc_hd__a211o_1)
     1    0.01    0.04    0.20    2.40 v _12_/X (sky130_fd_sc_hd__a211o_1)
                                         _01_ (net)
                  0.04    0.00    2.40 v _17_/D (sky130_fd_sc_hd__dfxtp_1)
                                  2.40   data arrival time

                         10.00   10.00   clock clk (rise edge)
                          0.00   10.00   clock source latency
     1    0.02    0.07    0.05   10.05 ^ clk (in)
                                         clk (net)
                  0.07    0.00   10.05 ^ clkbuf_0_clk/A (sky130_fd_sc_hd__clkbuf_16)
     2    0.02    0.03    0.09   10.14 ^ clkbuf_0_clk/X (sky130_fd_sc_hd__clkbuf_16)
                                         clknet_0_clk (net)
                  0.03    0.00   10.14 ^ clkbuf_1_0__f_clk/A (sky130_fd_sc_hd__clkbuf_16)
     2    0.01    0.02    0.07   10.21 ^ clkbuf_1_0__f_clk/X (sky130_fd_sc_hd__clkbuf_16)
                                         clknet_1_0__leaf_clk (net)
                  0.02    0.00   10.21 ^ _17_/CLK (sky130_fd_sc_hd__dfxtp_1)
                         -0.25    9.96   clock uncertainty
                          0.00    9.96   clock reconvergence pessimism
                         -0.07    9.88   library setup time
                                  9.88   data required time
-----------------------------------------------------------------------------
                                  9.88   data required time
                                 -2.40   data arrival time
-----------------------------------------------------------------------------
                                  7.48   slack (MET)


Startpoint: D[2] (input port clocked by clk)
Endpoint: _18_ (rising edge-triggered flip-flop clocked by clk)
Path Group: clk
Path Type: max
Corner: Fastest

Fanout     Cap    Slew   Delay    Time   Description
-----------------------------------------------------------------------------
                          0.00    0.00   clock clk (rise edge)
                          0.00    0.00   clock network delay (propagated)
                          2.00    2.00 ^ input external delay
     1    0.00    0.02    0.01    2.01 ^ D[2] (in)
                                         D[2] (net)
                  0.02    0.00    2.01 ^ input2/A (sky130_fd_sc_hd__buf_1)
     2    0.01    0.10    0.10    2.11 ^ input2/X (sky130_fd_sc_hd__buf_1)
                                         net2 (net)
                  0.10    0.00    2.11 ^ _08_/A (sky130_fd_sc_hd__inv_2)
     1    0.00    0.02    0.02    2.13 v _08_/Y (sky130_fd_sc_hd__inv_2)
                                         _03_ (net)
                  0.02    0.00    2.13 v _13_/A1 (sky130_fd_sc_hd__a21oi_1)
     1    0.00    0.09    0.09    2.22 ^ _13_/Y (sky130_fd_sc_hd__a21oi_1)
                                         _06_ (net)
                  0.09    0.00    2.22 ^ _14_/A2 (sky130_fd_sc_hd__o21ba_1)
     1    0.00    0.03    0.08    2.29 ^ _14_/X (sky130_fd_sc_hd__o21ba_1)
                                         _07_ (net)
                  0.03    0.00    2.29 ^ _15_/A2 (sky130_fd_sc_hd__o21bai_1)
     1    0.01    0.05    0.04    2.34 v _15_/Y (sky130_fd_sc_hd__o21bai_1)
                                         _02_ (net)
                  0.05    0.00    2.34 v _18_/D (sky130_fd_sc_hd__dfxtp_1)
                                  2.34   data arrival time

                         10.00   10.00   clock clk (rise edge)
                          0.00   10.00   clock source latency
     1    0.02    0.07    0.05   10.05 ^ clk (in)
                                         clk (net)
                  0.07    0.00   10.05 ^ clkbuf_0_clk/A (sky130_fd_sc_hd__clkbuf_16)
     2    0.02    0.03    0.09   10.14 ^ clkbuf_0_clk/X (sky130_fd_sc_hd__clkbuf_16)
                                         clknet_0_clk (net)
                  0.03    0.00   10.14 ^ clkbuf_1_0__f_clk/A (sky130_fd_sc_hd__clkbuf_16)
     2    0.01    0.02    0.07   10.21 ^ clkbuf_1_0__f_clk/X (sky130_fd_sc_hd__clkbuf_16)
                                         clknet_1_0__leaf_clk (net)
                  0.02    0.00   10.21 ^ _18_/CLK (sky130_fd_sc_hd__dfxtp_1)
                         -0.25    9.96   clock uncertainty
                          0.00    9.96   clock reconvergence pessimism
                         -0.08    9.88   library setup time
                                  9.88   data required time
-----------------------------------------------------------------------------
                                  9.88   data required time
                                 -2.34   data arrival time
-----------------------------------------------------------------------------
                                  7.54   slack (MET)



worst slack corner Fastest: 7.0719
======================= Slowest Corner ===================================

Startpoint: _18_ (rising edge-triggered flip-flop clocked by clk)
Endpoint: O[0] (output port clocked by clk)
Path Group: clk
Path Type: max
Corner: Slowest

Fanout     Cap    Slew   Delay    Time   Description
-----------------------------------------------------------------------------
                          0.00    0.00   clock clk (rise edge)
                          0.00    0.00   clock source latency
     1    0.02    0.15    0.11    0.11 ^ clk (in)
                                         clk (net)
                  0.15    0.00    0.11 ^ clkbuf_0_clk/A (sky130_fd_sc_hd__clkbuf_16)
     2    0.02    0.07    0.27    0.38 ^ clkbuf_0_clk/X (sky130_fd_sc_hd__clkbuf_16)
                                         clknet_0_clk (net)
                  0.07    0.00    0.38 ^ clkbuf_1_0__f_clk/A (sky130_fd_sc_hd__clkbuf_16)
     2    0.01    0.05    0.21    0.59 ^ clkbuf_1_0__f_clk/X (sky130_fd_sc_hd__clkbuf_16)
                                         clknet_1_0__leaf_clk (net)
                  0.05    0.00    0.59 ^ _18_/CLK (sky130_fd_sc_hd__dfxtp_1)
     1    0.02    0.30    0.83    1.42 ^ _18_/Q (sky130_fd_sc_hd__dfxtp_1)
                                         net8 (net)
                  0.30    0.00    1.42 ^ output8/A (sky130_fd_sc_hd__buf_2)
     1    0.03    0.27    0.47    1.88 ^ output8/X (sky130_fd_sc_hd__buf_2)
                                         O[0] (net)
                  0.27    0.00    1.88 ^ O[0] (out)
                                  1.88   data arrival time

                         10.00   10.00   clock clk (rise edge)
                          0.00   10.00   clock network delay (propagated)
                         -0.25    9.75   clock uncertainty
                          0.00    9.75   clock reconvergence pessimism
                         -2.00    7.75   output external delay
                                  7.75   data required time
-----------------------------------------------------------------------------
                                  7.75   data required time
                                 -1.88   data arrival time
-----------------------------------------------------------------------------
                                  5.87   slack (MET)


Startpoint: _16_ (rising edge-triggered flip-flop clocked by clk)
Endpoint: O[2] (output port clocked by clk)
Path Group: clk
Path Type: max
Corner: Slowest

Fanout     Cap    Slew   Delay    Time   Description
-----------------------------------------------------------------------------
                          0.00    0.00   clock clk (rise edge)
                          0.00    0.00   clock source latency
     1    0.02    0.15    0.11    0.11 ^ clk (in)
                                         clk (net)
                  0.15    0.00    0.11 ^ clkbuf_0_clk/A (sky130_fd_sc_hd__clkbuf_16)
     2    0.02    0.07    0.27    0.38 ^ clkbuf_0_clk/X (sky130_fd_sc_hd__clkbuf_16)
                                         clknet_0_clk (net)
                  0.07    0.00    0.38 ^ clkbuf_1_1__f_clk/A (sky130_fd_sc_hd__clkbuf_16)
     2    0.01    0.05    0.21    0.59 ^ clkbuf_1_1__f_clk/X (sky130_fd_sc_hd__clkbuf_16)
                                         clknet_1_1__leaf_clk (net)
                  0.05    0.00    0.59 ^ _16_/CLK (sky130_fd_sc_hd__dfxtp_1)
     1    0.02    0.24    0.79    1.37 ^ _16_/Q (sky130_fd_sc_hd__dfxtp_1)
                                         net10 (net)
                  0.24    0.00    1.38 ^ output10/A (sky130_fd_sc_hd__buf_2)
     1    0.03    0.27    0.44    1.82 ^ output10/X (sky130_fd_sc_hd__buf_2)
                                         O[2] (net)
                  0.27    0.00    1.82 ^ O[2] (out)
                                  1.82   data arrival time

                         10.00   10.00   clock clk (rise edge)
                          0.00   10.00   clock network delay (propagated)
                         -0.25    9.75   clock uncertainty
                          0.00    9.75   clock reconvergence pessimism
                         -2.00    7.75   output external delay
                                  7.75   data required time
-----------------------------------------------------------------------------
                                  7.75   data required time
                                 -1.82   data arrival time
-----------------------------------------------------------------------------
                                  5.93   slack (MET)


Startpoint: _17_ (rising edge-triggered flip-flop clocked by clk)
Endpoint: O[1] (output port clocked by clk)
Path Group: clk
Path Type: max
Corner: Slowest

Fanout     Cap    Slew   Delay    Time   Description
-----------------------------------------------------------------------------
                          0.00    0.00   clock clk (rise edge)
                          0.00    0.00   clock source latency
     1    0.02    0.15    0.11    0.11 ^ clk (in)
                                         clk (net)
                  0.15    0.00    0.11 ^ clkbuf_0_clk/A (sky130_fd_sc_hd__clkbuf_16)
     2    0.02    0.07    0.27    0.38 ^ clkbuf_0_clk/X (sky130_fd_sc_hd__clkbuf_16)
                                         clknet_0_clk (net)
                  0.07    0.00    0.38 ^ clkbuf_1_0__f_clk/A (sky130_fd_sc_hd__clkbuf_16)
     2    0.01    0.05    0.21    0.59 ^ clkbuf_1_0__f_clk/X (sky130_fd_sc_hd__clkbuf_16)
                                         clknet_1_0__leaf_clk (net)
                  0.05    0.00    0.59 ^ _17_/CLK (sky130_fd_sc_hd__dfxtp_1)
     1    0.01    0.22    0.77    1.36 ^ _17_/Q (sky130_fd_sc_hd__dfxtp_1)
                                         net9 (net)
                  0.22    0.00    1.36 ^ output9/A (sky130_fd_sc_hd__buf_2)
     1    0.03    0.27    0.44    1.80 ^ output9/X (sky130_fd_sc_hd__buf_2)
                                         O[1] (net)
                  0.27    0.00    1.80 ^ O[1] (out)
                                  1.80   data arrival time

                         10.00   10.00   clock clk (rise edge)
                          0.00   10.00   clock network delay (propagated)
                         -0.25    9.75   clock uncertainty
                          0.00    9.75   clock reconvergence pessimism
                         -2.00    7.75   output external delay
                                  7.75   data required time
-----------------------------------------------------------------------------
                                  7.75   data required time
                                 -1.80   data arrival time
-----------------------------------------------------------------------------
                                  5.95   slack (MET)


Startpoint: D[7] (input port clocked by clk)
Endpoint: _16_ (rising edge-triggered flip-flop clocked by clk)
Path Group: clk
Path Type: max
Corner: Slowest

Fanout     Cap    Slew   Delay    Time   Description
-----------------------------------------------------------------------------
                          0.00    0.00   clock clk (rise edge)
                          0.00    0.00   clock network delay (propagated)
                          2.00    2.00 v input external delay
     1    0.00    0.02    0.01    2.01 v D[7] (in)
                                         D[7] (net)
                  0.02    0.00    2.01 v input7/A (sky130_fd_sc_hd__buf_1)
     3    0.02    0.21    0.28    2.29 v input7/X (sky130_fd_sc_hd__buf_1)
                                         net7 (net)
                  0.21    0.00    2.29 v _10_/A (sky130_fd_sc_hd__or4_1)
     1    0.00    0.21    1.36    3.65 v _10_/X (sky130_fd_sc_hd__or4_1)
                                         _00_ (net)
                  0.21    0.00    3.65 v _16_/D (sky130_fd_sc_hd__dfxtp_1)
                                  3.65   data arrival time

                         10.00   10.00   clock clk (rise edge)
                          0.00   10.00   clock source latency
     1    0.02    0.15    0.10   10.10 ^ clk (in)
                                         clk (net)
                  0.15    0.00   10.10 ^ clkbuf_0_clk/A (sky130_fd_sc_hd__clkbuf_16)
     2    0.02    0.07    0.24   10.34 ^ clkbuf_0_clk/X (sky130_fd_sc_hd__clkbuf_16)
                                         clknet_0_clk (net)
                  0.07    0.00   10.34 ^ clkbuf_1_1__f_clk/A (sky130_fd_sc_hd__clkbuf_16)
     2    0.01    0.05    0.19   10.53 ^ clkbuf_1_1__f_clk/X (sky130_fd_sc_hd__clkbuf_16)
                                         clknet_1_1__leaf_clk (net)
                  0.05    0.00   10.53 ^ _16_/CLK (sky130_fd_sc_hd__dfxtp_1)
                         -0.25   10.28   clock uncertainty
                          0.00   10.28   clock reconvergence pessimism
                         -0.33    9.95   library setup time
                                  9.95   data required time
-----------------------------------------------------------------------------
                                  9.95   data required time
                                 -3.65   data arrival time
-----------------------------------------------------------------------------
                                  6.30   slack (MET)


Startpoint: D[2] (input port clocked by clk)
Endpoint: _17_ (rising edge-triggered flip-flop clocked by clk)
Path Group: clk
Path Type: max
Corner: Slowest

Fanout     Cap    Slew   Delay    Time   Description
-----------------------------------------------------------------------------
                          0.00    0.00   clock clk (rise edge)
                          0.00    0.00   clock network delay (propagated)
                          2.00    2.00 v input external delay
     1    0.00    0.02    0.01    2.01 v D[2] (in)
                                         D[2] (net)
                  0.02    0.00    2.01 v input2/A (sky130_fd_sc_hd__buf_1)
     2    0.01    0.13    0.21    2.22 v input2/X (sky130_fd_sc_hd__buf_1)
                                         net2 (net)
                  0.13    0.00    2.22 v _11_/B (sky130_fd_sc_hd__or2_1)
     1    0.00    0.10    0.50    2.72 v _11_/X (sky130_fd_sc_hd__or2_1)
                                         _05_ (net)
                  0.10    0.00    2.72 v _12_/A2 (sky130_fd_sc_hd__a211o_1)
     1    0.01    0.11    0.61    3.33 v _12_/X (sky130_fd_sc_hd__a211o_1)
                                         _01_ (net)
                  0.11    0.00    3.33 v _17_/D (sky130_fd_sc_hd__dfxtp_1)
                                  3.33   data arrival time

                         10.00   10.00   clock clk (rise edge)
                          0.00   10.00   clock source latency
     1    0.02    0.15    0.10   10.10 ^ clk (in)
                                         clk (net)
                  0.15    0.00   10.10 ^ clkbuf_0_clk/A (sky130_fd_sc_hd__clkbuf_16)
     2    0.02    0.07    0.24   10.34 ^ clkbuf_0_clk/X (sky130_fd_sc_hd__clkbuf_16)
                                         clknet_0_clk (net)
                  0.07    0.00   10.34 ^ clkbuf_1_0__f_clk/A (sky130_fd_sc_hd__clkbuf_16)
     2    0.01    0.05    0.19   10.53 ^ clkbuf_1_0__f_clk/X (sky130_fd_sc_hd__clkbuf_16)
                                         clknet_1_0__leaf_clk (net)
                  0.05    0.00   10.53 ^ _17_/CLK (sky130_fd_sc_hd__dfxtp_1)
                         -0.25   10.28   clock uncertainty
                          0.00   10.28   clock reconvergence pessimism
                         -0.29    9.99   library setup time
                                  9.99   data required time
-----------------------------------------------------------------------------
                                  9.99   data required time
                                 -3.33   data arrival time
-----------------------------------------------------------------------------
                                  6.66   slack (MET)


Startpoint: D[2] (input port clocked by clk)
Endpoint: _18_ (rising edge-triggered flip-flop clocked by clk)
Path Group: clk
Path Type: max
Corner: Slowest

Fanout     Cap    Slew   Delay    Time   Description
-----------------------------------------------------------------------------
                          0.00    0.00   clock clk (rise edge)
                          0.00    0.00   clock network delay (propagated)
                          2.00    2.00 ^ input external delay
     1    0.00    0.03    0.02    2.02 ^ D[2] (in)
                                         D[2] (net)
                  0.03    0.00    2.02 ^ input2/A (sky130_fd_sc_hd__buf_1)
     2    0.01    0.22    0.25    2.27 ^ input2/X (sky130_fd_sc_hd__buf_1)
                                         net2 (net)
                  0.22    0.00    2.27 ^ _08_/A (sky130_fd_sc_hd__inv_2)
     1    0.00    0.05    0.10    2.37 v _08_/Y (sky130_fd_sc_hd__inv_2)
                                         _03_ (net)
                  0.05    0.00    2.37 v _13_/A1 (sky130_fd_sc_hd__a21oi_1)
     1    0.00    0.20    0.22    2.59 ^ _13_/Y (sky130_fd_sc_hd__a21oi_1)
                                         _06_ (net)
                  0.20    0.00    2.60 ^ _14_/A2 (sky130_fd_sc_hd__o21ba_1)
     1    0.00    0.08    0.28    2.87 ^ _14_/X (sky130_fd_sc_hd__o21ba_1)
                                         _07_ (net)
                  0.08    0.00    2.87 ^ _15_/A2 (sky130_fd_sc_hd__o21bai_1)
     1    0.00    0.14    0.16    3.03 v _15_/Y (sky130_fd_sc_hd__o21bai_1)
                                         _02_ (net)
                  0.14    0.00    3.03 v _18_/D (sky130_fd_sc_hd__dfxtp_1)
                                  3.03   data arrival time

                         10.00   10.00   clock clk (rise edge)
                          0.00   10.00   clock source latency
     1    0.02    0.15    0.10   10.10 ^ clk (in)
                                         clk (net)
                  0.15    0.00   10.10 ^ clkbuf_0_clk/A (sky130_fd_sc_hd__clkbuf_16)
     2    0.02    0.07    0.24   10.34 ^ clkbuf_0_clk/X (sky130_fd_sc_hd__clkbuf_16)
                                         clknet_0_clk (net)
                  0.07    0.00   10.34 ^ clkbuf_1_0__f_clk/A (sky130_fd_sc_hd__clkbuf_16)
     2    0.01    0.05    0.19   10.53 ^ clkbuf_1_0__f_clk/X (sky130_fd_sc_hd__clkbuf_16)
                                         clknet_1_0__leaf_clk (net)
                  0.05    0.00   10.53 ^ _18_/CLK (sky130_fd_sc_hd__dfxtp_1)
                         -0.25   10.28   clock uncertainty
                          0.00   10.28   clock reconvergence pessimism
                         -0.30    9.98   library setup time
                                  9.98   data required time
-----------------------------------------------------------------------------
                                  9.98   data required time
                                 -3.03   data arrival time
-----------------------------------------------------------------------------
                                  6.95   slack (MET)



worst slack corner Slowest: 5.8658
======================= Typical Corner ===================================

Startpoint: _18_ (rising edge-triggered flip-flop clocked by clk)
Endpoint: O[0] (output port clocked by clk)
Path Group: clk
Path Type: max
Corner: Typical

Fanout     Cap    Slew   Delay    Time   Description
-----------------------------------------------------------------------------
                          0.00    0.00   clock clk (rise edge)
                          0.00    0.00   clock source latency
     1    0.02    0.10    0.07    0.07 ^ clk (in)
                                         clk (net)
                  0.10    0.00    0.07 ^ clkbuf_0_clk/A (sky130_fd_sc_hd__clkbuf_16)
     2    0.02    0.04    0.15    0.22 ^ clkbuf_0_clk/X (sky130_fd_sc_hd__clkbuf_16)
                                         clknet_0_clk (net)
                  0.04    0.00    0.22 ^ clkbuf_1_0__f_clk/A (sky130_fd_sc_hd__clkbuf_16)
     2    0.01    0.03    0.12    0.34 ^ clkbuf_1_0__f_clk/X (sky130_fd_sc_hd__clkbuf_16)
                                         clknet_1_0__leaf_clk (net)
                  0.03    0.00    0.34 ^ _18_/CLK (sky130_fd_sc_hd__dfxtp_1)
     1    0.02    0.19    0.42    0.76 ^ _18_/Q (sky130_fd_sc_hd__dfxtp_1)
                                         net8 (net)
                  0.19    0.00    0.76 ^ output8/A (sky130_fd_sc_hd__buf_2)
     1    0.03    0.17    0.26    1.02 ^ output8/X (sky130_fd_sc_hd__buf_2)
                                         O[0] (net)
                  0.17    0.00    1.02 ^ O[0] (out)
                                  1.02   data arrival time

                         10.00   10.00   clock clk (rise edge)
                          0.00   10.00   clock network delay (propagated)
                         -0.25    9.75   clock uncertainty
                          0.00    9.75   clock reconvergence pessimism
                         -2.00    7.75   output external delay
                                  7.75   data required time
-----------------------------------------------------------------------------
                                  7.75   data required time
                                 -1.02   data arrival time
-----------------------------------------------------------------------------
                                  6.73   slack (MET)


Startpoint: _16_ (rising edge-triggered flip-flop clocked by clk)
Endpoint: O[2] (output port clocked by clk)
Path Group: clk
Path Type: max
Corner: Typical

Fanout     Cap    Slew   Delay    Time   Description
-----------------------------------------------------------------------------
                          0.00    0.00   clock clk (rise edge)
                          0.00    0.00   clock source latency
     1    0.02    0.10    0.07    0.07 ^ clk (in)
                                         clk (net)
                  0.10    0.00    0.07 ^ clkbuf_0_clk/A (sky130_fd_sc_hd__clkbuf_16)
     2    0.02    0.04    0.15    0.22 ^ clkbuf_0_clk/X (sky130_fd_sc_hd__clkbuf_16)
                                         clknet_0_clk (net)
                  0.04    0.00    0.22 ^ clkbuf_1_1__f_clk/A (sky130_fd_sc_hd__clkbuf_16)
     2    0.01    0.03    0.12    0.34 ^ clkbuf_1_1__f_clk/X (sky130_fd_sc_hd__clkbuf_16)
                                         clknet_1_1__leaf_clk (net)
                  0.03    0.00    0.34 ^ _16_/CLK (sky130_fd_sc_hd__dfxtp_1)
     1    0.02    0.15    0.39    0.73 ^ _16_/Q (sky130_fd_sc_hd__dfxtp_1)
                                         net10 (net)
                  0.15    0.00    0.73 ^ output10/A (sky130_fd_sc_hd__buf_2)
     1    0.03    0.17    0.25    0.98 ^ output10/X (sky130_fd_sc_hd__buf_2)
                                         O[2] (net)
                  0.17    0.00    0.98 ^ O[2] (out)
                                  0.98   data arrival time

                         10.00   10.00   clock clk (rise edge)
                          0.00   10.00   clock network delay (propagated)
                         -0.25    9.75   clock uncertainty
                          0.00    9.75   clock reconvergence pessimism
                         -2.00    7.75   output external delay
                                  7.75   data required time
-----------------------------------------------------------------------------
                                  7.75   data required time
                                 -0.98   data arrival time
-----------------------------------------------------------------------------
                                  6.77   slack (MET)


Startpoint: _17_ (rising edge-triggered flip-flop clocked by clk)
Endpoint: O[1] (output port clocked by clk)
Path Group: clk
Path Type: max
Corner: Typical

Fanout     Cap    Slew   Delay    Time   Description
-----------------------------------------------------------------------------
                          0.00    0.00   clock clk (rise edge)
                          0.00    0.00   clock source latency
     1    0.02    0.10    0.07    0.07 ^ clk (in)
                                         clk (net)
                  0.10    0.00    0.07 ^ clkbuf_0_clk/A (sky130_fd_sc_hd__clkbuf_16)
     2    0.02    0.04    0.15    0.22 ^ clkbuf_0_clk/X (sky130_fd_sc_hd__clkbuf_16)
                                         clknet_0_clk (net)
                  0.04    0.00    0.22 ^ clkbuf_1_0__f_clk/A (sky130_fd_sc_hd__clkbuf_16)
     2    0.01    0.03    0.12    0.34 ^ clkbuf_1_0__f_clk/X (sky130_fd_sc_hd__clkbuf_16)
                                         clknet_1_0__leaf_clk (net)
                  0.03    0.00    0.34 ^ _17_/CLK (sky130_fd_sc_hd__dfxtp_1)
     1    0.01    0.14    0.39    0.72 ^ _17_/Q (sky130_fd_sc_hd__dfxtp_1)
                                         net9 (net)
                  0.14    0.00    0.72 ^ output9/A (sky130_fd_sc_hd__buf_2)
     1    0.03    0.17    0.24    0.97 ^ output9/X (sky130_fd_sc_hd__buf_2)
                                         O[1] (net)
                  0.17    0.00    0.97 ^ O[1] (out)
                                  0.97   data arrival time

                         10.00   10.00   clock clk (rise edge)
                          0.00   10.00   clock network delay (propagated)
                         -0.25    9.75   clock uncertainty
                          0.00    9.75   clock reconvergence pessimism
                         -2.00    7.75   output external delay
                                  7.75   data required time
-----------------------------------------------------------------------------
                                  7.75   data required time
                                 -0.97   data arrival time
-----------------------------------------------------------------------------
                                  6.78   slack (MET)


Startpoint: D[7] (input port clocked by clk)
Endpoint: _16_ (rising edge-triggered flip-flop clocked by clk)
Path Group: clk
Path Type: max
Corner: Typical

Fanout     Cap    Slew   Delay    Time   Description
-----------------------------------------------------------------------------
                          0.00    0.00   clock clk (rise edge)
                          0.00    0.00   clock network delay (propagated)
                          2.00    2.00 v input external delay
     1    0.00    0.01    0.01    2.01 v D[7] (in)
                                         D[7] (net)
                  0.01    0.00    2.01 v input7/A (sky130_fd_sc_hd__buf_1)
     3    0.02    0.11    0.15    2.15 v input7/X (sky130_fd_sc_hd__buf_1)
                                         net7 (net)
                  0.11    0.00    2.15 v _10_/A (sky130_fd_sc_hd__or4_1)
     1    0.00    0.10    0.58    2.73 v _10_/X (sky130_fd_sc_hd__or4_1)
                                         _00_ (net)
                  0.10    0.00    2.73 v _16_/D (sky130_fd_sc_hd__dfxtp_1)
                                  2.73   data arrival time

                         10.00   10.00   clock clk (rise edge)
                          0.00   10.00   clock source latency
     1    0.02    0.10    0.06   10.06 ^ clk (in)
                                         clk (net)
                  0.10    0.00   10.06 ^ clkbuf_0_clk/A (sky130_fd_sc_hd__clkbuf_16)
     2    0.02    0.04    0.14   10.20 ^ clkbuf_0_clk/X (sky130_fd_sc_hd__clkbuf_16)
                                         clknet_0_clk (net)
                  0.04    0.00   10.20 ^ clkbuf_1_1__f_clk/A (sky130_fd_sc_hd__clkbuf_16)
     2    0.01    0.03    0.11   10.31 ^ clkbuf_1_1__f_clk/X (sky130_fd_sc_hd__clkbuf_16)
                                         clknet_1_1__leaf_clk (net)
                  0.03    0.00   10.31 ^ _16_/CLK (sky130_fd_sc_hd__dfxtp_1)
                         -0.25   10.06   clock uncertainty
                          0.00   10.06   clock reconvergence pessimism
                         -0.14    9.92   library setup time
                                  9.92   data required time
-----------------------------------------------------------------------------
                                  9.92   data required time
                                 -2.73   data arrival time
-----------------------------------------------------------------------------
                                  7.19   slack (MET)


Startpoint: D[2] (input port clocked by clk)
Endpoint: _17_ (rising edge-triggered flip-flop clocked by clk)
Path Group: clk
Path Type: max
Corner: Typical

Fanout     Cap    Slew   Delay    Time   Description
-----------------------------------------------------------------------------
                          0.00    0.00   clock clk (rise edge)
                          0.00    0.00   clock network delay (propagated)
                          2.00    2.00 v input external delay
     1    0.00    0.01    0.00    2.00 v D[2] (in)
                                         D[2] (net)
                  0.01    0.00    2.00 v input2/A (sky130_fd_sc_hd__buf_1)
     2    0.01    0.07    0.11    2.12 v input2/X (sky130_fd_sc_hd__buf_1)
                                         net2 (net)
                  0.07    0.00    2.12 v _11_/B (sky130_fd_sc_hd__or2_1)
     1    0.00    0.05    0.22    2.34 v _11_/X (sky130_fd_sc_hd__or2_1)
                                         _05_ (net)
                  0.05    0.00    2.34 v _12_/A2 (sky130_fd_sc_hd__a211o_1)
     1    0.01    0.06    0.32    2.65 v _12_/X (sky130_fd_sc_hd__a211o_1)
                                         _01_ (net)
                  0.06    0.00    2.65 v _17_/D (sky130_fd_sc_hd__dfxtp_1)
                                  2.65   data arrival time

                         10.00   10.00   clock clk (rise edge)
                          0.00   10.00   clock source latency
     1    0.02    0.10    0.06   10.06 ^ clk (in)
                                         clk (net)
                  0.10    0.00   10.06 ^ clkbuf_0_clk/A (sky130_fd_sc_hd__clkbuf_16)
     2    0.02    0.04    0.14   10.20 ^ clkbuf_0_clk/X (sky130_fd_sc_hd__clkbuf_16)
                                         clknet_0_clk (net)
                  0.04    0.00   10.20 ^ clkbuf_1_0__f_clk/A (sky130_fd_sc_hd__clkbuf_16)
     2    0.01    0.03    0.10   10.31 ^ clkbuf_1_0__f_clk/X (sky130_fd_sc_hd__clkbuf_16)
                                         clknet_1_0__leaf_clk (net)
                  0.03    0.00   10.31 ^ _17_/CLK (sky130_fd_sc_hd__dfxtp_1)
                         -0.25   10.06   clock uncertainty
                          0.00   10.06   clock reconvergence pessimism
                         -0.12    9.93   library setup time
                                  9.93   data required time
-----------------------------------------------------------------------------
                                  9.93   data required time
                                 -2.65   data arrival time
-----------------------------------------------------------------------------
                                  7.28   slack (MET)


Startpoint: D[2] (input port clocked by clk)
Endpoint: _18_ (rising edge-triggered flip-flop clocked by clk)
Path Group: clk
Path Type: max
Corner: Typical

Fanout     Cap    Slew   Delay    Time   Description
-----------------------------------------------------------------------------
                          0.00    0.00   clock clk (rise edge)
                          0.00    0.00   clock network delay (propagated)
                          2.00    2.00 ^ input external delay
     1    0.00    0.02    0.01    2.01 ^ D[2] (in)
                                         D[2] (net)
                  0.02    0.00    2.01 ^ input2/A (sky130_fd_sc_hd__buf_1)
     2    0.01    0.14    0.14    2.16 ^ input2/X (sky130_fd_sc_hd__buf_1)
                                         net2 (net)
                  0.14    0.00    2.16 ^ _08_/A (sky130_fd_sc_hd__inv_2)
     1    0.00    0.03    0.04    2.20 v _08_/Y (sky130_fd_sc_hd__inv_2)
                                         _03_ (net)
                  0.03    0.00    2.20 v _13_/A1 (sky130_fd_sc_hd__a21oi_1)
     1    0.00    0.12    0.13    2.33 ^ _13_/Y (sky130_fd_sc_hd__a21oi_1)
                                         _06_ (net)
                  0.12    0.00    2.33 ^ _14_/A2 (sky130_fd_sc_hd__o21ba_1)
     1    0.00    0.04    0.13    2.46 ^ _14_/X (sky130_fd_sc_hd__o21ba_1)
                                         _07_ (net)
                  0.04    0.00    2.46 ^ _15_/A2 (sky130_fd_sc_hd__o21bai_1)
     1    0.00    0.07    0.07    2.53 v _15_/Y (sky130_fd_sc_hd__o21bai_1)
                                         _02_ (net)
                  0.07    0.00    2.53 v _18_/D (sky130_fd_sc_hd__dfxtp_1)
                                  2.53   data arrival time

                         10.00   10.00   clock clk (rise edge)
                          0.00   10.00   clock source latency
     1    0.02    0.10    0.06   10.06 ^ clk (in)
                                         clk (net)
                  0.10    0.00   10.06 ^ clkbuf_0_clk/A (sky130_fd_sc_hd__clkbuf_16)
     2    0.02    0.04    0.14   10.20 ^ clkbuf_0_clk/X (sky130_fd_sc_hd__clkbuf_16)
                                         clknet_0_clk (net)
                  0.04    0.00   10.20 ^ clkbuf_1_0__f_clk/A (sky130_fd_sc_hd__clkbuf_16)
     2    0.01    0.03    0.10   10.31 ^ clkbuf_1_0__f_clk/X (sky130_fd_sc_hd__clkbuf_16)
                                         clknet_1_0__leaf_clk (net)
                  0.03    0.00   10.31 ^ _18_/CLK (sky130_fd_sc_hd__dfxtp_1)
                         -0.25   10.06   clock uncertainty
                          0.00   10.06   clock reconvergence pessimism
                         -0.13    9.93   library setup time
                                  9.93   data required time
-----------------------------------------------------------------------------
                                  9.93   data required time
                                 -2.53   data arrival time
-----------------------------------------------------------------------------
                                  7.40   slack (MET)



worst slack corner Typical: 6.7326
