
===========================================================================
report_checks -path_delay min (Hold)
============================================================================
======================= Typical Corner ===================================

Startpoint: D[4] (input port clocked by clk)
Endpoint: _16_ (rising edge-triggered flip-flop clocked by clk)
Path Group: clk
Path Type: min

Fanout     Cap    Slew   Delay    Time   Description
-----------------------------------------------------------------------------
                  0.15    0.00    0.00   clock clk (rise edge)
                          0.00    0.00   clock network delay (ideal)
                          2.00    2.00 ^ input external delay
     1    0.00    0.02    0.01    2.01 ^ D[4] (in)
                                         D[4] (net)
                  0.02    0.00    2.01 ^ input4/A (sky130_fd_sc_hd__buf_1)
     3    0.01    0.11    0.12    2.13 ^ input4/X (sky130_fd_sc_hd__buf_1)
                                         net4 (net)
                  0.11    0.00    2.13 ^ _10_/D (sky130_fd_sc_hd__or4_1)
     1    0.00    0.05    0.12    2.24 ^ _10_/X (sky130_fd_sc_hd__or4_1)
                                         _00_ (net)
                  0.05    0.00    2.24 ^ _16_/D (sky130_fd_sc_hd__dfxtp_1)
                                  2.24   data arrival time

                  0.15    0.00    0.00   clock clk (rise edge)
                          0.00    0.00   clock network delay (ideal)
                          0.25    0.25   clock uncertainty
                          0.00    0.25   clock reconvergence pessimism
                                  0.25 ^ _16_/CLK (sky130_fd_sc_hd__dfxtp_1)
                         -0.02    0.23   library hold time
                                  0.23   data required time
-----------------------------------------------------------------------------
                                  0.23   data required time
                                 -2.24   data arrival time
-----------------------------------------------------------------------------
                                  2.01   slack (MET)


Startpoint: D[6] (input port clocked by clk)
Endpoint: _18_ (rising edge-triggered flip-flop clocked by clk)
Path Group: clk
Path Type: min

Fanout     Cap    Slew   Delay    Time   Description
-----------------------------------------------------------------------------
                  0.15    0.00    0.00   clock clk (rise edge)
                          0.00    0.00   clock network delay (ideal)
                          2.00    2.00 ^ input external delay
     1    0.00    0.02    0.01    2.01 ^ D[6] (in)
                                         D[6] (net)
                  0.02    0.00    2.01 ^ input6/A (sky130_fd_sc_hd__buf_1)
     3    0.01    0.17    0.15    2.16 ^ input6/X (sky130_fd_sc_hd__buf_1)
                                         net6 (net)
                  0.17    0.00    2.16 ^ _15_/A1 (sky130_fd_sc_hd__o21bai_1)
     1    0.00    0.04    0.10    2.26 v _15_/Y (sky130_fd_sc_hd__o21bai_1)
                                         _02_ (net)
                  0.04    0.00    2.26 v _18_/D (sky130_fd_sc_hd__dfxtp_1)
                                  2.26   data arrival time

                  0.15    0.00    0.00   clock clk (rise edge)
                          0.00    0.00   clock network delay (ideal)
                          0.25    0.25   clock uncertainty
                          0.00    0.25   clock reconvergence pessimism
                                  0.25 ^ _18_/CLK (sky130_fd_sc_hd__dfxtp_1)
                         -0.03    0.22   library hold time
                                  0.22   data required time
-----------------------------------------------------------------------------
                                  0.22   data required time
                                 -2.26   data arrival time
-----------------------------------------------------------------------------
                                  2.04   slack (MET)


Startpoint: D[6] (input port clocked by clk)
Endpoint: _17_ (rising edge-triggered flip-flop clocked by clk)
Path Group: clk
Path Type: min

Fanout     Cap    Slew   Delay    Time   Description
-----------------------------------------------------------------------------
                  0.15    0.00    0.00   clock clk (rise edge)
                          0.00    0.00   clock network delay (ideal)
                          2.00    2.00 ^ input external delay
     1    0.00    0.02    0.01    2.01 ^ D[6] (in)
                                         D[6] (net)
                  0.02    0.00    2.01 ^ input6/A (sky130_fd_sc_hd__buf_1)
     3    0.01    0.17    0.15    2.16 ^ input6/X (sky130_fd_sc_hd__buf_1)
                                         net6 (net)
                  0.17    0.00    2.16 ^ _12_/C1 (sky130_fd_sc_hd__a211o_1)
     1    0.00    0.05    0.12    2.29 ^ _12_/X (sky130_fd_sc_hd__a211o_1)
                                         _01_ (net)
                  0.05    0.00    2.29 ^ _17_/D (sky130_fd_sc_hd__dfxtp_1)
                                  2.29   data arrival time

                  0.15    0.00    0.00   clock clk (rise edge)
                          0.00    0.00   clock network delay (ideal)
                          0.25    0.25   clock uncertainty
                          0.00    0.25   clock reconvergence pessimism
                                  0.25 ^ _17_/CLK (sky130_fd_sc_hd__dfxtp_1)
                         -0.02    0.23   library hold time
                                  0.23   data required time
-----------------------------------------------------------------------------
                                  0.23   data required time
                                 -2.29   data arrival time
-----------------------------------------------------------------------------
                                  2.05   slack (MET)


Startpoint: _17_ (rising edge-triggered flip-flop clocked by clk)
Endpoint: O[1] (output port clocked by clk)
Path Group: clk
Path Type: min

Fanout     Cap    Slew   Delay    Time   Description
-----------------------------------------------------------------------------
                  0.15    0.00    0.00   clock clk (rise edge)
                          0.00    0.00   clock network delay (ideal)
                  0.15    0.00    0.00 ^ _17_/CLK (sky130_fd_sc_hd__dfxtp_1)
     1    0.01    0.07    0.35    0.35 v _17_/Q (sky130_fd_sc_hd__dfxtp_1)
                                         net9 (net)
                  0.07    0.00    0.35 v output9/A (sky130_fd_sc_hd__buf_2)
     1    0.03    0.09    0.18    0.53 v output9/X (sky130_fd_sc_hd__buf_2)
                                         O[1] (net)
                  0.09    0.00    0.53 v O[1] (out)
                                  0.53   data arrival time

                  0.15    0.00    0.00   clock clk (rise edge)
                          0.00    0.00   clock network delay (ideal)
                          0.25    0.25   clock uncertainty
                          0.00    0.25   clock reconvergence pessimism
                         -2.00   -1.75   output external delay
                                 -1.75   data required time
-----------------------------------------------------------------------------
                                 -1.75   data required time
                                 -0.53   data arrival time
-----------------------------------------------------------------------------
                                  2.28   slack (MET)


Startpoint: _16_ (rising edge-triggered flip-flop clocked by clk)
Endpoint: O[2] (output port clocked by clk)
Path Group: clk
Path Type: min

Fanout     Cap    Slew   Delay    Time   Description
-----------------------------------------------------------------------------
                  0.15    0.00    0.00   clock clk (rise edge)
                          0.00    0.00   clock network delay (ideal)
                  0.15    0.00    0.00 ^ _16_/CLK (sky130_fd_sc_hd__dfxtp_1)
     1    0.01    0.07    0.35    0.35 v _16_/Q (sky130_fd_sc_hd__dfxtp_1)
                                         net10 (net)
                  0.07    0.00    0.35 v output10/A (sky130_fd_sc_hd__buf_2)
     1    0.03    0.09    0.18    0.53 v output10/X (sky130_fd_sc_hd__buf_2)
                                         O[2] (net)
                  0.09    0.00    0.53 v O[2] (out)
                                  0.53   data arrival time

                  0.15    0.00    0.00   clock clk (rise edge)
                          0.00    0.00   clock network delay (ideal)
                          0.25    0.25   clock uncertainty
                          0.00    0.25   clock reconvergence pessimism
                         -2.00   -1.75   output external delay
                                 -1.75   data required time
-----------------------------------------------------------------------------
                                 -1.75   data required time
                                 -0.53   data arrival time
-----------------------------------------------------------------------------
                                  2.28   slack (MET)


Startpoint: _18_ (rising edge-triggered flip-flop clocked by clk)
Endpoint: O[0] (output port clocked by clk)
Path Group: clk
Path Type: min

Fanout     Cap    Slew   Delay    Time   Description
-----------------------------------------------------------------------------
                  0.15    0.00    0.00   clock clk (rise edge)
                          0.00    0.00   clock network delay (ideal)
                  0.15    0.00    0.00 ^ _18_/CLK (sky130_fd_sc_hd__dfxtp_1)
     1    0.02    0.08    0.36    0.36 v _18_/Q (sky130_fd_sc_hd__dfxtp_1)
                                         net8 (net)
                  0.08    0.00    0.36 v output8/A (sky130_fd_sc_hd__buf_2)
     1    0.03    0.09    0.19    0.55 v output8/X (sky130_fd_sc_hd__buf_2)
                                         O[0] (net)
                  0.09    0.00    0.55 v O[0] (out)
                                  0.55   data arrival time

                  0.15    0.00    0.00   clock clk (rise edge)
                          0.00    0.00   clock network delay (ideal)
                          0.25    0.25   clock uncertainty
                          0.00    0.25   clock reconvergence pessimism
                         -2.00   -1.75   output external delay
                                 -1.75   data required time
-----------------------------------------------------------------------------
                                 -1.75   data required time
                                 -0.55   data arrival time
-----------------------------------------------------------------------------
                                  2.30   slack (MET)



worst slack corner Typical: 2.0127
