Instance,Terminal,Layer,X location,Y location,Voltage
FILLER_0_9_73,VGND,li1,39.5600,38.0800,0.000001
FILLER_0_9_65,VGND,li1,37.2600,38.0800,0.000001
FILLER_0_9_61,VGND,li1,33.8100,38.0800,0.000001
FILLER_0_9_57,VGND,li1,32.6600,38.0800,0.000001
FILLER_0_9_52,VGND,li1,30.3600,38.0800,0.000001
FILLER_0_9_46,VGND,li1,27.3700,38.0800,0.000001
FILLER_0_9_39,VGND,li1,24.3800,38.0800,0.000001
FILLER_0_9_35,VGND,li1,21.8500,38.0800,0.000001
FILLER_0_9_29,VGND,li1,20.2400,38.0800,0.000001
FILLER_0_9_26,VGND,li1,17.9400,38.0800,0.000001
FILLER_0_9_21,VGND,li1,15.6400,38.0800,0.000001
FILLER_0_9_13,VGND,li1,13.3400,38.0800,0.000001
FILLER_0_9_9,VGND,li1,9.8900,38.0800,0.000001
FILLER_0_9_3,VGND,li1,8.2800,38.0800,0.000001
FILLER_0_8_79,VGND,li1,42.3200,32.6400,0.000015
FILLER_0_8_67,VGND,li1,39.1000,32.6400,0.000021
FILLER_0_8_59,VGND,li1,33.1200,32.6400,0.000013
FILLER_0_8_29,VGND,li1,19.0900,32.6400,0.000004
FILLER_0_8_23,VGND,li1,16.3300,32.6400,0.000004
FILLER_0_8_15,VGND,li1,14.2600,32.6400,0.000003
FILLER_0_8_3,VGND,li1,9.6600,32.6400,0.000003
FILLER_0_7_57,VGND,li1,32.6600,32.6400,0.000011
FILLER_0_7_48,VGND,li1,29.4400,32.6400,0.000009
FILLER_0_7_39,VGND,li1,24.1500,32.6400,0.000006
FILLER_0_7_27,VGND,li1,20.7000,32.6400,0.000005
FILLER_0_7_15,VGND,li1,15.1800,32.6400,0.000003
FILLER_0_7_3,VGND,li1,9.6600,32.6400,0.000003
FILLER_0_6_75,VGND,li1,41.4000,27.2000,0.000012
FILLER_0_6_37,VGND,li1,23.0000,27.2000,0.000024
FILLER_0_6_29,VGND,li1,20.7000,27.2000,0.000025
FILLER_0_6_7,VGND,li1,8.9700,27.2000,0.000026
FILLER_0_6_3,VGND,li1,7.8200,27.2000,0.000026
FILLER_0_5_69,VGND,li1,40.0200,27.2000,0.000012
FILLER_0_5_57,VGND,li1,34.5000,27.2000,0.000016
FILLER_0_5_53,VGND,li1,30.5900,27.2000,0.000023
FILLER_0_5_45,VGND,li1,28.0600,27.2000,0.000027
FILLER_0_5_27,VGND,li1,18.4000,27.2000,0.000025
FILLER_0_5_15,VGND,li1,15.1800,27.2000,0.000026
FILLER_0_5_3,VGND,li1,9.6600,27.2000,0.000026
FILLER_0_4_69,VGND,li1,40.0200,21.7600,0.000001
FILLER_0_4_57,VGND,li1,34.5000,21.7600,0.000001
FILLER_0_4_45,VGND,li1,28.9800,21.7600,0.000002
FILLER_0_4_27,VGND,li1,18.1700,21.7600,0.000003
FILLER_0_4_15,VGND,li1,15.1800,21.7600,0.000002
FILLER_0_4_3,VGND,li1,9.6600,21.7600,0.000002
FILLER_0_3_69,VGND,li1,40.0200,21.7600,0.000001
FILLER_0_3_57,VGND,li1,34.5000,21.7600,0.000001
FILLER_0_3_55,VGND,li1,31.0500,21.7600,0.000002
FILLER_0_3_51,VGND,li1,29.9000,21.7600,0.000002
FILLER_0_3_39,VGND,li1,26.2200,21.7600,0.000003
FILLER_0_3_27,VGND,li1,20.7000,21.7600,0.000003
FILLER_0_3_15,VGND,li1,15.1800,21.7600,0.000002
FILLER_0_3_3,VGND,li1,9.6600,21.7600,0.000002
FILLER_0_2_77,VGND,li1,41.8600,16.3200,0.000000
FILLER_0_2_65,VGND,li1,38.1800,16.3200,0.000000
FILLER_0_2_53,VGND,li1,32.6600,16.3200,0.000000
FILLER_0_2_41,VGND,li1,27.1400,16.3200,0.000000
FILLER_0_2_29,VGND,li1,21.6200,16.3200,0.000000
FILLER_0_2_27,VGND,li1,18.1700,16.3200,0.000000
FILLER_0_2_15,VGND,li1,15.1800,16.3200,0.000000
FILLER_0_2_3,VGND,li1,9.6600,16.3200,0.000000
FILLER_0_1_69,VGND,li1,40.0200,16.3200,0.000000
FILLER_0_1_57,VGND,li1,34.5000,16.3200,0.000000
FILLER_0_1_55,VGND,li1,31.0500,16.3200,0.000000
FILLER_0_1_51,VGND,li1,29.9000,16.3200,0.000000
FILLER_0_1_39,VGND,li1,26.2200,16.3200,0.000000
FILLER_0_1_27,VGND,li1,20.7000,16.3200,0.000000
FILLER_0_1_15,VGND,li1,15.1800,16.3200,0.000000
FILLER_0_1_3,VGND,li1,9.6600,16.3200,0.000000
FILLER_0_0_69,VGND,li1,39.1000,10.8800,0.000001
FILLER_0_0_57,VGND,li1,34.5000,10.8800,0.000000
FILLER_0_0_55,VGND,li1,31.0500,10.8800,0.000001
FILLER_0_0_47,VGND,li1,28.9800,10.8800,0.000001
FILLER_0_0_41,VGND,li1,24.8400,10.8800,0.000001
FILLER_0_0_29,VGND,li1,21.6200,10.8800,0.000001
FILLER_0_0_27,VGND,li1,18.1700,10.8800,0.000001
FILLER_0_0_23,VGND,li1,17.0200,10.8800,0.000001
FILLER_0_0_11,VGND,li1,13.3400,10.8800,0.000001
FILLER_0_0_3,VGND,li1,7.8200,10.8800,0.000002
clkload0,VGND,li1,34.9600,32.6400,0.000016
clkbuf_1_1__f_clk,VGND,li1,38.1800,32.6400,0.000021
clkbuf_1_0__f_clk,VGND,li1,13.8000,27.2000,0.000026
clkbuf_0_clk,VGND,li1,28.0600,27.2000,0.000027
output10,VGND,li1,41.8600,10.8800,0.000001
output9,VGND,li1,26.2200,10.8800,0.000001
output8,VGND,li1,9.6600,10.8800,0.000002
input7,VGND,li1,42.0900,38.0800,0.000001
input6,VGND,li1,40.7100,38.0800,0.000001
input5,VGND,li1,34.7300,38.0800,0.000001
input4,VGND,li1,28.7500,38.0800,0.000001
input3,VGND,li1,22.7700,38.0800,0.000001
input2,VGND,li1,16.7900,38.0800,0.000001
input1,VGND,li1,10.8100,38.0800,0.000001
TAP_TAPCELL_ROW_9_31,VGND,li1,31.5100,37.7880,0.000001
TAP_TAPCELL_ROW_9_30,VGND,li1,18.6300,37.7880,0.000001
TAP_TAPCELL_ROW_8_29,VGND,li1,18.6300,32.9310,0.000004
TAP_TAPCELL_ROW_7_28,VGND,li1,31.5100,32.3480,0.000011
TAP_TAPCELL_ROW_6_27,VGND,li1,18.6300,27.4910,0.000025
TAP_TAPCELL_ROW_5_26,VGND,li1,31.5100,26.9080,0.000023
TAP_TAPCELL_ROW_4_25,VGND,li1,18.6300,22.0510,0.000003
TAP_TAPCELL_ROW_3_24,VGND,li1,31.5100,21.4680,0.000002
TAP_TAPCELL_ROW_2_23,VGND,li1,18.6300,16.6110,0.000000
TAP_TAPCELL_ROW_1_22,VGND,li1,31.5100,16.0280,0.000000
TAP_TAPCELL_ROW_0_21,VGND,li1,31.5100,11.1710,0.000001
TAP_TAPCELL_ROW_0_20,VGND,li1,18.6300,11.1710,0.000001
PHY_EDGE_ROW_9_Left_19,VGND,li1,6.2100,38.0800,0.000001
PHY_EDGE_ROW_8_Left_18,VGND,li1,6.2100,32.6400,0.000003
PHY_EDGE_ROW_7_Left_17,VGND,li1,6.2100,32.6400,0.000003
PHY_EDGE_ROW_6_Left_16,VGND,li1,6.2100,27.2000,0.000026
PHY_EDGE_ROW_5_Left_15,VGND,li1,6.2100,27.2000,0.000026
PHY_EDGE_ROW_4_Left_14,VGND,li1,6.2100,21.7600,0.000002
PHY_EDGE_ROW_3_Left_13,VGND,li1,6.2100,21.7600,0.000002
PHY_EDGE_ROW_2_Left_12,VGND,li1,6.2100,16.3200,0.000000
PHY_EDGE_ROW_1_Left_11,VGND,li1,6.2100,16.3200,0.000000
PHY_EDGE_ROW_0_Left_10,VGND,li1,6.2100,10.8800,0.000002
PHY_EDGE_ROW_9_Right_9,VGND,li1,43.4700,38.0800,0.000001
PHY_EDGE_ROW_8_Right_8,VGND,li1,43.4700,32.6400,0.000015
PHY_EDGE_ROW_7_Right_7,VGND,li1,43.4700,32.6400,0.000015
PHY_EDGE_ROW_6_Right_6,VGND,li1,43.4700,27.2000,0.000009
PHY_EDGE_ROW_5_Right_5,VGND,li1,43.4700,27.2000,0.000009
PHY_EDGE_ROW_4_Right_4,VGND,li1,43.4700,21.7600,0.000001
PHY_EDGE_ROW_3_Right_3,VGND,li1,43.4700,21.7600,0.000001
PHY_EDGE_ROW_2_Right_2,VGND,li1,43.4700,16.3200,0.000000
PHY_EDGE_ROW_1_Right_1,VGND,li1,43.4700,16.3200,0.000000
PHY_EDGE_ROW_0_Right_0,VGND,li1,43.4700,10.8800,0.000001
_18_,VGND,li1,22.5400,21.7600,0.000004
_17_,VGND,li1,22.5400,27.2000,0.000024
_16_,VGND,li1,36.3400,27.2000,0.000015
_15_,VGND,li1,26.2200,32.6400,0.000008
_14_,VGND,li1,24.8400,32.6400,0.000006
_13_,VGND,li1,17.4800,32.6400,0.000004
_12_,VGND,li1,28.2900,32.6400,0.000009
_11_,VGND,li1,20.4700,32.6400,0.000005
_10_,VGND,li1,31.2800,32.6400,0.000011
_09_,VGND,li1,25.9900,38.0800,0.000001
_08_,VGND,li1,22.3100,32.6400,0.000005
