
===========================================================================
 report_power
============================================================================
======================= Fastest Corner ===================================

Group                  Internal  Switching    Leakage      Total
                          Power      Power      Power      Power (Watts)
----------------------------------------------------------------
Sequential             1.47e-05   2.15e-07   4.34e-11   1.50e-05  15.6%
Combinational          2.09e-06   3.51e-06   6.28e-11   5.60e-06   5.8%
Clock                  6.34e-05   1.20e-05   3.45e-10   7.54e-05  78.6%
Macro                  0.00e+00   0.00e+00   0.00e+00   0.00e+00   0.0%
Pad                    0.00e+00   0.00e+00   0.00e+00   0.00e+00   0.0%
----------------------------------------------------------------
Total                  8.02e-05   1.57e-05   4.52e-10   9.59e-05 100.0%
                          83.6%      16.4%       0.0%

======================= Slowest Corner ===================================

Group                  Internal  Switching    Leakage      Total
                          Power      Power      Power      Power (Watts)
----------------------------------------------------------------
Sequential             9.99e-06   1.40e-07   4.25e-08   1.02e-05  15.2%
Combinational          1.58e-06   2.33e-06   7.36e-08   3.99e-06   6.0%
Clock                  4.47e-05   7.86e-06   6.36e-08   5.27e-05  78.8%
Macro                  0.00e+00   0.00e+00   0.00e+00   0.00e+00   0.0%
Pad                    0.00e+00   0.00e+00   0.00e+00   0.00e+00   0.0%
----------------------------------------------------------------
Total                  5.63e-05   1.03e-05   1.80e-07   6.68e-05 100.0%
                          84.3%      15.5%       0.3%

======================= Typical Corner ===================================

Group                  Internal  Switching    Leakage      Total
                          Power      Power      Power      Power (Watts)
----------------------------------------------------------------
Sequential             1.27e-05   1.80e-07   2.49e-11   1.29e-05  15.5%
Combinational          1.91e-06   2.97e-06   4.16e-11   4.88e-06   5.9%
Clock                  5.51e-05   1.01e-05   1.80e-10   6.52e-05  78.6%
Macro                  0.00e+00   0.00e+00   0.00e+00   0.00e+00   0.0%
Pad                    0.00e+00   0.00e+00   0.00e+00   0.00e+00   0.0%
----------------------------------------------------------------
Total                  6.97e-05   1.33e-05   2.46e-10   8.29e-05 100.0%
                          84.0%      16.0%       0.0%

