
===========================================================================
report_checks -path_delay max (Setup)
============================================================================
======================= Fastest Corner ===================================

Startpoint: _18_ (rising edge-triggered flip-flop clocked by clk)
Endpoint: O[0] (output port clocked by clk)
Path Group: clk
Path Type: max
Corner: Fastest

Fanout     Cap    Slew   Delay    Time   Description
-----------------------------------------------------------------------------
                          0.00    0.00   clock clk (rise edge)
                          0.00    0.00   clock source latency
     1    0.01    0.04    0.03    0.03 ^ clk (in)
                                         clk (net)
                  0.04    0.00    0.03 ^ clkbuf_0_clk/A (sky130_fd_sc_hd__clkbuf_16)
     2    0.02    0.03    0.09    0.12 ^ clkbuf_0_clk/X (sky130_fd_sc_hd__clkbuf_16)
                                         clknet_0_clk (net)
                  0.03    0.00    0.12 ^ clkbuf_1_0__f_clk/A (sky130_fd_sc_hd__clkbuf_16)
     2    0.01    0.02    0.08    0.20 ^ clkbuf_1_0__f_clk/X (sky130_fd_sc_hd__clkbuf_16)
                                         clknet_1_0__leaf_clk (net)
                  0.02    0.00    0.20 ^ _18_/CLK (sky130_fd_sc_hd__dfxtp_1)
     1    0.00    0.04    0.20    0.40 ^ _18_/Q (sky130_fd_sc_hd__dfxtp_1)
                                         net8 (net)
                  0.04    0.00    0.40 ^ output8/A (sky130_fd_sc_hd__buf_2)
     1    0.03    0.13    0.15    0.55 ^ output8/X (sky130_fd_sc_hd__buf_2)
                                         O[0] (net)
                  0.13    0.00    0.55 ^ O[0] (out)
                                  0.55   data arrival time

                         10.00   10.00   clock clk (rise edge)
                          0.00   10.00   clock network delay (propagated)
                         -0.25    9.75   clock uncertainty
                          0.00    9.75   clock reconvergence pessimism
                         -2.00    7.75   output external delay
                                  7.75   data required time
-----------------------------------------------------------------------------
                                  7.75   data required time
                                 -0.55   data arrival time
-----------------------------------------------------------------------------
                                  7.20   slack (MET)


Startpoint: _16_ (rising edge-triggered flip-flop clocked by clk)
Endpoint: O[2] (output port clocked by clk)
Path Group: clk
Path Type: max
Corner: Fastest

Fanout     Cap    Slew   Delay    Time   Description
-----------------------------------------------------------------------------
                          0.00    0.00   clock clk (rise edge)
                          0.00    0.00   clock source latency
     1    0.01    0.04    0.03    0.03 ^ clk (in)
                                         clk (net)
                  0.04    0.00    0.03 ^ clkbuf_0_clk/A (sky130_fd_sc_hd__clkbuf_16)
     2    0.02    0.03    0.09    0.12 ^ clkbuf_0_clk/X (sky130_fd_sc_hd__clkbuf_16)
                                         clknet_0_clk (net)
                  0.03    0.00    0.12 ^ clkbuf_1_1__f_clk/A (sky130_fd_sc_hd__clkbuf_16)
     2    0.01    0.02    0.08    0.20 ^ clkbuf_1_1__f_clk/X (sky130_fd_sc_hd__clkbuf_16)
                                         clknet_1_1__leaf_clk (net)
                  0.02    0.00    0.20 ^ _16_/CLK (sky130_fd_sc_hd__dfxtp_1)
     1    0.00    0.03    0.20    0.40 ^ _16_/Q (sky130_fd_sc_hd__dfxtp_1)
                                         net10 (net)
                  0.03    0.00    0.40 ^ output10/A (sky130_fd_sc_hd__buf_2)
     1    0.03    0.13    0.15    0.54 ^ output10/X (sky130_fd_sc_hd__buf_2)
                                         O[2] (net)
                  0.13    0.00    0.54 ^ O[2] (out)
                                  0.54   data arrival time

                         10.00   10.00   clock clk (rise edge)
                          0.00   10.00   clock network delay (propagated)
                         -0.25    9.75   clock uncertainty
                          0.00    9.75   clock reconvergence pessimism
                         -2.00    7.75   output external delay
                                  7.75   data required time
-----------------------------------------------------------------------------
                                  7.75   data required time
                                 -0.54   data arrival time
-----------------------------------------------------------------------------
                                  7.21   slack (MET)


Startpoint: _17_ (rising edge-triggered flip-flop clocked by clk)
Endpoint: O[1] (output port clocked by clk)
Path Group: clk
Path Type: max
Corner: Fastest

Fanout     Cap    Slew   Delay    Time   Description
-----------------------------------------------------------------------------
                          0.00    0.00   clock clk (rise edge)
                          0.00    0.00   clock source latency
     1    0.01    0.04    0.03    0.03 ^ clk (in)
                                         clk (net)
                  0.04    0.00    0.03 ^ clkbuf_0_clk/A (sky130_fd_sc_hd__clkbuf_16)
     2    0.02    0.03    0.09    0.12 ^ clkbuf_0_clk/X (sky130_fd_sc_hd__clkbuf_16)
                                         clknet_0_clk (net)
                  0.03    0.00    0.12 ^ clkbuf_1_0__f_clk/A (sky130_fd_sc_hd__clkbuf_16)
     2    0.01    0.02    0.08    0.20 ^ clkbuf_1_0__f_clk/X (sky130_fd_sc_hd__clkbuf_16)
                                         clknet_1_0__leaf_clk (net)
                  0.02    0.00    0.20 ^ _17_/CLK (sky130_fd_sc_hd__dfxtp_1)
     1    0.00    0.03    0.19    0.39 ^ _17_/Q (sky130_fd_sc_hd__dfxtp_1)
                                         net9 (net)
                  0.03    0.00    0.39 ^ output9/A (sky130_fd_sc_hd__buf_2)
     1    0.03    0.13    0.14    0.54 ^ output9/X (sky130_fd_sc_hd__buf_2)
                                         O[1] (net)
                  0.13    0.00    0.54 ^ O[1] (out)
                                  0.54   data arrival time

                         10.00   10.00   clock clk (rise edge)
                          0.00   10.00   clock network delay (propagated)
                         -0.25    9.75   clock uncertainty
                          0.00    9.75   clock reconvergence pessimism
                         -2.00    7.75   output external delay
                                  7.75   data required time
-----------------------------------------------------------------------------
                                  7.75   data required time
                                 -0.54   data arrival time
-----------------------------------------------------------------------------
                                  7.21   slack (MET)


Startpoint: D[3] (input port clocked by clk)
Endpoint: _17_ (rising edge-triggered flip-flop clocked by clk)
Path Group: clk
Path Type: max
Corner: Fastest

Fanout     Cap    Slew   Delay    Time   Description
-----------------------------------------------------------------------------
                          0.00    0.00   clock clk (rise edge)
                          0.00    0.00   clock network delay (propagated)
                          2.00    2.00 v input external delay
     1    0.00    0.01    0.00    2.00 v D[3] (in)
                                         D[3] (net)
                  0.01    0.00    2.00 v input3/A (sky130_fd_sc_hd__clkbuf_1)
     2    0.00    0.03    0.06    2.06 v input3/X (sky130_fd_sc_hd__clkbuf_1)
                                         net3 (net)
                  0.03    0.00    2.06 v _11_/A (sky130_fd_sc_hd__or2_1)
     1    0.00    0.04    0.14    2.20 v _11_/X (sky130_fd_sc_hd__or2_1)
                                         _05_ (net)
                  0.04    0.00    2.20 v _12_/A2 (sky130_fd_sc_hd__a211o_1)
     1    0.00    0.04    0.19    2.39 v _12_/X (sky130_fd_sc_hd__a211o_1)
                                         _01_ (net)
                  0.04    0.00    2.39 v _17_/D (sky130_fd_sc_hd__dfxtp_1)
                                  2.39   data arrival time

                         10.00   10.00   clock clk (rise edge)
                          0.00   10.00   clock source latency
     1    0.01    0.04    0.03   10.03 ^ clk (in)
                                         clk (net)
                  0.04    0.00   10.03 ^ clkbuf_0_clk/A (sky130_fd_sc_hd__clkbuf_16)
     2    0.02    0.03    0.08   10.11 ^ clkbuf_0_clk/X (sky130_fd_sc_hd__clkbuf_16)
                                         clknet_0_clk (net)
                  0.03    0.00   10.11 ^ clkbuf_1_0__f_clk/A (sky130_fd_sc_hd__clkbuf_16)
     2    0.01    0.02    0.07   10.18 ^ clkbuf_1_0__f_clk/X (sky130_fd_sc_hd__clkbuf_16)
                                         clknet_1_0__leaf_clk (net)
                  0.02    0.00   10.18 ^ _17_/CLK (sky130_fd_sc_hd__dfxtp_1)
                         -0.25    9.93   clock uncertainty
                          0.00    9.93   clock reconvergence pessimism
                         -0.07    9.86   library setup time
                                  9.86   data required time
-----------------------------------------------------------------------------
                                  9.86   data required time
                                 -2.39   data arrival time
-----------------------------------------------------------------------------
                                  7.47   slack (MET)


Startpoint: D[7] (input port clocked by clk)
Endpoint: _16_ (rising edge-triggered flip-flop clocked by clk)
Path Group: clk
Path Type: max
Corner: Fastest

Fanout     Cap    Slew   Delay    Time   Description
-----------------------------------------------------------------------------
                          0.00    0.00   clock clk (rise edge)
                          0.00    0.00   clock network delay (propagated)
                          2.00    2.00 v input external delay
     1    0.00    0.01    0.00    2.00 v D[7] (in)
                                         D[7] (net)
                  0.01    0.00    2.00 v input7/A (sky130_fd_sc_hd__buf_1)
     3    0.01    0.04    0.07    2.07 v input7/X (sky130_fd_sc_hd__buf_1)
                                         net7 (net)
                  0.04    0.00    2.07 v _10_/A (sky130_fd_sc_hd__or4_1)
     1    0.00    0.05    0.31    2.38 v _10_/X (sky130_fd_sc_hd__or4_1)
                                         _00_ (net)
                  0.05    0.00    2.38 v _16_/D (sky130_fd_sc_hd__dfxtp_1)
                                  2.38   data arrival time

                         10.00   10.00   clock clk (rise edge)
                          0.00   10.00   clock source latency
     1    0.01    0.04    0.03   10.03 ^ clk (in)
                                         clk (net)
                  0.04    0.00   10.03 ^ clkbuf_0_clk/A (sky130_fd_sc_hd__clkbuf_16)
     2    0.02    0.03    0.08   10.11 ^ clkbuf_0_clk/X (sky130_fd_sc_hd__clkbuf_16)
                                         clknet_0_clk (net)
                  0.03    0.00   10.11 ^ clkbuf_1_1__f_clk/A (sky130_fd_sc_hd__clkbuf_16)
     2    0.01    0.02    0.07   10.18 ^ clkbuf_1_1__f_clk/X (sky130_fd_sc_hd__clkbuf_16)
                                         clknet_1_1__leaf_clk (net)
                  0.02    0.00   10.18 ^ _16_/CLK (sky130_fd_sc_hd__dfxtp_1)
                         -0.25    9.93   clock uncertainty
                          0.00    9.93   clock reconvergence pessimism
                         -0.08    9.85   library setup time
                                  9.85   data required time
-----------------------------------------------------------------------------
                                  9.85   data required time
                                 -2.38   data arrival time
-----------------------------------------------------------------------------
                                  7.48   slack (MET)


Startpoint: D[2] (input port clocked by clk)
Endpoint: _18_ (rising edge-triggered flip-flop clocked by clk)
Path Group: clk
Path Type: max
Corner: Fastest

Fanout     Cap    Slew   Delay    Time   Description
-----------------------------------------------------------------------------
                          0.00    0.00   clock clk (rise edge)
                          0.00    0.00   clock network delay (propagated)
                          2.00    2.00 ^ input external delay
     1    0.00    0.02    0.01    2.01 ^ D[2] (in)
                                         D[2] (net)
                  0.02    0.00    2.01 ^ input2/A (sky130_fd_sc_hd__clkbuf_1)
     2    0.01    0.07    0.08    2.09 ^ input2/X (sky130_fd_sc_hd__clkbuf_1)
                                         net2 (net)
                  0.07    0.00    2.09 ^ _08_/A (sky130_fd_sc_hd__inv_2)
     1    0.00    0.02    0.02    2.11 v _08_/Y (sky130_fd_sc_hd__inv_2)
                                         _03_ (net)
                  0.02    0.00    2.11 v _13_/A1 (sky130_fd_sc_hd__a21oi_1)
     1    0.00    0.09    0.09    2.20 ^ _13_/Y (sky130_fd_sc_hd__a21oi_1)
                                         _06_ (net)
                  0.09    0.00    2.20 ^ _14_/A2 (sky130_fd_sc_hd__o21ba_1)
     1    0.00    0.03    0.08    2.28 ^ _14_/X (sky130_fd_sc_hd__o21ba_1)
                                         _07_ (net)
                  0.03    0.00    2.28 ^ _15_/A2 (sky130_fd_sc_hd__o21bai_1)
     1    0.00    0.03    0.03    2.31 v _15_/Y (sky130_fd_sc_hd__o21bai_1)
                                         _02_ (net)
                  0.03    0.00    2.31 v _18_/D (sky130_fd_sc_hd__dfxtp_1)
                                  2.31   data arrival time

                         10.00   10.00   clock clk (rise edge)
                          0.00   10.00   clock source latency
     1    0.01    0.04    0.03   10.03 ^ clk (in)
                                         clk (net)
                  0.04    0.00   10.03 ^ clkbuf_0_clk/A (sky130_fd_sc_hd__clkbuf_16)
     2    0.02    0.03    0.08   10.11 ^ clkbuf_0_clk/X (sky130_fd_sc_hd__clkbuf_16)
                                         clknet_0_clk (net)
                  0.03    0.00   10.11 ^ clkbuf_1_0__f_clk/A (sky130_fd_sc_hd__clkbuf_16)
     2    0.01    0.02    0.07   10.18 ^ clkbuf_1_0__f_clk/X (sky130_fd_sc_hd__clkbuf_16)
                                         clknet_1_0__leaf_clk (net)
                  0.02    0.00   10.18 ^ _18_/CLK (sky130_fd_sc_hd__dfxtp_1)
                         -0.25    9.93   clock uncertainty
                          0.00    9.93   clock reconvergence pessimism
                         -0.07    9.86   library setup time
                                  9.86   data required time
-----------------------------------------------------------------------------
                                  9.86   data required time
                                 -2.31   data arrival time
-----------------------------------------------------------------------------
                                  7.55   slack (MET)



worst slack corner Fastest: 7.2040
======================= Slowest Corner ===================================

Startpoint: _18_ (rising edge-triggered flip-flop clocked by clk)
Endpoint: O[0] (output port clocked by clk)
Path Group: clk
Path Type: max
Corner: Slowest

Fanout     Cap    Slew   Delay    Time   Description
-----------------------------------------------------------------------------
                          0.00    0.00   clock clk (rise edge)
                          0.00    0.00   clock source latency
     1    0.01    0.09    0.06    0.06 ^ clk (in)
                                         clk (net)
                  0.09    0.00    0.06 ^ clkbuf_0_clk/A (sky130_fd_sc_hd__clkbuf_16)
     2    0.02    0.07    0.24    0.30 ^ clkbuf_0_clk/X (sky130_fd_sc_hd__clkbuf_16)
                                         clknet_0_clk (net)
                  0.07    0.00    0.30 ^ clkbuf_1_0__f_clk/A (sky130_fd_sc_hd__clkbuf_16)
     2    0.01    0.05    0.21    0.51 ^ clkbuf_1_0__f_clk/X (sky130_fd_sc_hd__clkbuf_16)
                                         clknet_1_0__leaf_clk (net)
                  0.05    0.00    0.51 ^ _18_/CLK (sky130_fd_sc_hd__dfxtp_1)
     1    0.00    0.08    0.66    1.17 ^ _18_/Q (sky130_fd_sc_hd__dfxtp_1)
                                         net8 (net)
                  0.08    0.00    1.17 ^ output8/A (sky130_fd_sc_hd__buf_2)
     1    0.03    0.27    0.37    1.54 ^ output8/X (sky130_fd_sc_hd__buf_2)
                                         O[0] (net)
                  0.27    0.00    1.54 ^ O[0] (out)
                                  1.54   data arrival time

                         10.00   10.00   clock clk (rise edge)
                          0.00   10.00   clock network delay (propagated)
                         -0.25    9.75   clock uncertainty
                          0.00    9.75   clock reconvergence pessimism
                         -2.00    7.75   output external delay
                                  7.75   data required time
-----------------------------------------------------------------------------
                                  7.75   data required time
                                 -1.54   data arrival time
-----------------------------------------------------------------------------
                                  6.21   slack (MET)


Startpoint: _16_ (rising edge-triggered flip-flop clocked by clk)
Endpoint: O[2] (output port clocked by clk)
Path Group: clk
Path Type: max
Corner: Slowest

Fanout     Cap    Slew   Delay    Time   Description
-----------------------------------------------------------------------------
                          0.00    0.00   clock clk (rise edge)
                          0.00    0.00   clock source latency
     1    0.01    0.09    0.06    0.06 ^ clk (in)
                                         clk (net)
                  0.09    0.00    0.06 ^ clkbuf_0_clk/A (sky130_fd_sc_hd__clkbuf_16)
     2    0.02    0.07    0.24    0.30 ^ clkbuf_0_clk/X (sky130_fd_sc_hd__clkbuf_16)
                                         clknet_0_clk (net)
                  0.07    0.00    0.30 ^ clkbuf_1_1__f_clk/A (sky130_fd_sc_hd__clkbuf_16)
     2    0.01    0.05    0.21    0.51 ^ clkbuf_1_1__f_clk/X (sky130_fd_sc_hd__clkbuf_16)
                                         clknet_1_1__leaf_clk (net)
                  0.05    0.00    0.51 ^ _16_/CLK (sky130_fd_sc_hd__dfxtp_1)
     1    0.00    0.08    0.65    1.16 ^ _16_/Q (sky130_fd_sc_hd__dfxtp_1)
                                         net10 (net)
                  0.08    0.00    1.16 ^ output10/A (sky130_fd_sc_hd__buf_2)
     1    0.03    0.27    0.36    1.53 ^ output10/X (sky130_fd_sc_hd__buf_2)
                                         O[2] (net)
                  0.27    0.00    1.53 ^ O[2] (out)
                                  1.53   data arrival time

                         10.00   10.00   clock clk (rise edge)
                          0.00   10.00   clock network delay (propagated)
                         -0.25    9.75   clock uncertainty
                          0.00    9.75   clock reconvergence pessimism
                         -2.00    7.75   output external delay
                                  7.75   data required time
-----------------------------------------------------------------------------
                                  7.75   data required time
                                 -1.53   data arrival time
-----------------------------------------------------------------------------
                                  6.22   slack (MET)


Startpoint: _17_ (rising edge-triggered flip-flop clocked by clk)
Endpoint: O[1] (output port clocked by clk)
Path Group: clk
Path Type: max
Corner: Slowest

Fanout     Cap    Slew   Delay    Time   Description
-----------------------------------------------------------------------------
                          0.00    0.00   clock clk (rise edge)
                          0.00    0.00   clock source latency
     1    0.01    0.09    0.06    0.06 ^ clk (in)
                                         clk (net)
                  0.09    0.00    0.06 ^ clkbuf_0_clk/A (sky130_fd_sc_hd__clkbuf_16)
     2    0.02    0.07    0.24    0.30 ^ clkbuf_0_clk/X (sky130_fd_sc_hd__clkbuf_16)
                                         clknet_0_clk (net)
                  0.07    0.00    0.30 ^ clkbuf_1_0__f_clk/A (sky130_fd_sc_hd__clkbuf_16)
     2    0.01    0.05    0.21    0.51 ^ clkbuf_1_0__f_clk/X (sky130_fd_sc_hd__clkbuf_16)
                                         clknet_1_0__leaf_clk (net)
                  0.05    0.00    0.51 ^ _17_/CLK (sky130_fd_sc_hd__dfxtp_1)
     1    0.00    0.07    0.65    1.16 ^ _17_/Q (sky130_fd_sc_hd__dfxtp_1)
                                         net9 (net)
                  0.07    0.00    1.16 ^ output9/A (sky130_fd_sc_hd__buf_2)
     1    0.03    0.27    0.36    1.52 ^ output9/X (sky130_fd_sc_hd__buf_2)
                                         O[1] (net)
                  0.27    0.00    1.53 ^ O[1] (out)
                                  1.53   data arrival time

                         10.00   10.00   clock clk (rise edge)
                          0.00   10.00   clock network delay (propagated)
                         -0.25    9.75   clock uncertainty
                          0.00    9.75   clock reconvergence pessimism
                         -2.00    7.75   output external delay
                                  7.75   data required time
-----------------------------------------------------------------------------
                                  7.75   data required time
                                 -1.53   data arrival time
-----------------------------------------------------------------------------
                                  6.22   slack (MET)


Startpoint: D[7] (input port clocked by clk)
Endpoint: _16_ (rising edge-triggered flip-flop clocked by clk)
Path Group: clk
Path Type: max
Corner: Slowest

Fanout     Cap    Slew   Delay    Time   Description
-----------------------------------------------------------------------------
                          0.00    0.00   clock clk (rise edge)
                          0.00    0.00   clock network delay (propagated)
                          2.00    2.00 v input external delay
     1    0.00    0.02    0.01    2.01 v D[7] (in)
                                         D[7] (net)
                  0.02    0.00    2.01 v input7/A (sky130_fd_sc_hd__buf_1)
     3    0.01    0.10    0.19    2.20 v input7/X (sky130_fd_sc_hd__buf_1)
                                         net7 (net)
                  0.10    0.00    2.20 v _10_/A (sky130_fd_sc_hd__or4_1)
     1    0.00    0.17    1.27    3.47 v _10_/X (sky130_fd_sc_hd__or4_1)
                                         _00_ (net)
                  0.17    0.00    3.47 v _16_/D (sky130_fd_sc_hd__dfxtp_1)
                                  3.47   data arrival time

                         10.00   10.00   clock clk (rise edge)
                          0.00   10.00   clock source latency
     1    0.01    0.09    0.06   10.06 ^ clk (in)
                                         clk (net)
                  0.09    0.00   10.06 ^ clkbuf_0_clk/A (sky130_fd_sc_hd__clkbuf_16)
     2    0.02    0.07    0.22   10.27 ^ clkbuf_0_clk/X (sky130_fd_sc_hd__clkbuf_16)
                                         clknet_0_clk (net)
                  0.07    0.00   10.27 ^ clkbuf_1_1__f_clk/A (sky130_fd_sc_hd__clkbuf_16)
     2    0.01    0.05    0.19   10.46 ^ clkbuf_1_1__f_clk/X (sky130_fd_sc_hd__clkbuf_16)
                                         clknet_1_1__leaf_clk (net)
                  0.05    0.00   10.46 ^ _16_/CLK (sky130_fd_sc_hd__dfxtp_1)
                         -0.25   10.21   clock uncertainty
                          0.00   10.21   clock reconvergence pessimism
                         -0.32    9.89   library setup time
                                  9.89   data required time
-----------------------------------------------------------------------------
                                  9.89   data required time
                                 -3.47   data arrival time
-----------------------------------------------------------------------------
                                  6.43   slack (MET)


Startpoint: D[3] (input port clocked by clk)
Endpoint: _17_ (rising edge-triggered flip-flop clocked by clk)
Path Group: clk
Path Type: max
Corner: Slowest

Fanout     Cap    Slew   Delay    Time   Description
-----------------------------------------------------------------------------
                          0.00    0.00   clock clk (rise edge)
                          0.00    0.00   clock network delay (propagated)
                          2.00    2.00 v input external delay
     1    0.00    0.02    0.01    2.01 v D[3] (in)
                                         D[3] (net)
                  0.02    0.00    2.01 v input3/A (sky130_fd_sc_hd__clkbuf_1)
     2    0.00    0.07    0.16    2.17 v input3/X (sky130_fd_sc_hd__clkbuf_1)
                                         net3 (net)
                  0.07    0.00    2.17 v _11_/A (sky130_fd_sc_hd__or2_1)
     1    0.00    0.10    0.53    2.70 v _11_/X (sky130_fd_sc_hd__or2_1)
                                         _05_ (net)
                  0.10    0.00    2.70 v _12_/A2 (sky130_fd_sc_hd__a211o_1)
     1    0.00    0.09    0.58    3.28 v _12_/X (sky130_fd_sc_hd__a211o_1)
                                         _01_ (net)
                  0.09    0.00    3.28 v _17_/D (sky130_fd_sc_hd__dfxtp_1)
                                  3.28   data arrival time

                         10.00   10.00   clock clk (rise edge)
                          0.00   10.00   clock source latency
     1    0.01    0.09    0.06   10.06 ^ clk (in)
                                         clk (net)
                  0.09    0.00   10.06 ^ clkbuf_0_clk/A (sky130_fd_sc_hd__clkbuf_16)
     2    0.02    0.07    0.22   10.27 ^ clkbuf_0_clk/X (sky130_fd_sc_hd__clkbuf_16)
                                         clknet_0_clk (net)
                  0.07    0.00   10.27 ^ clkbuf_1_0__f_clk/A (sky130_fd_sc_hd__clkbuf_16)
     2    0.01    0.05    0.19   10.46 ^ clkbuf_1_0__f_clk/X (sky130_fd_sc_hd__clkbuf_16)
                                         clknet_1_0__leaf_clk (net)
                  0.05    0.00   10.46 ^ _17_/CLK (sky130_fd_sc_hd__dfxtp_1)
                         -0.25   10.21   clock uncertainty
                          0.00   10.21   clock reconvergence pessimism
                         -0.28    9.93   library setup time
                                  9.93   data required time
-----------------------------------------------------------------------------
                                  9.93   data required time
                                 -3.28   data arrival time
-----------------------------------------------------------------------------
                                  6.65   slack (MET)


Startpoint: D[2] (input port clocked by clk)
Endpoint: _18_ (rising edge-triggered flip-flop clocked by clk)
Path Group: clk
Path Type: max
Corner: Slowest

Fanout     Cap    Slew   Delay    Time   Description
-----------------------------------------------------------------------------
                          0.00    0.00   clock clk (rise edge)
                          0.00    0.00   clock network delay (propagated)
                          2.00    2.00 ^ input external delay
     1    0.00    0.03    0.02    2.02 ^ D[2] (in)
                                         D[2] (net)
                  0.03    0.00    2.02 ^ input2/A (sky130_fd_sc_hd__clkbuf_1)
     2    0.01    0.16    0.21    2.22 ^ input2/X (sky130_fd_sc_hd__clkbuf_1)
                                         net2 (net)
                  0.16    0.00    2.22 ^ _08_/A (sky130_fd_sc_hd__inv_2)
     1    0.00    0.04    0.09    2.31 v _08_/Y (sky130_fd_sc_hd__inv_2)
                                         _03_ (net)
                  0.04    0.00    2.31 v _13_/A1 (sky130_fd_sc_hd__a21oi_1)
     1    0.00    0.20    0.22    2.53 ^ _13_/Y (sky130_fd_sc_hd__a21oi_1)
                                         _06_ (net)
                  0.20    0.00    2.53 ^ _14_/A2 (sky130_fd_sc_hd__o21ba_1)
     1    0.00    0.07    0.28    2.81 ^ _14_/X (sky130_fd_sc_hd__o21ba_1)
                                         _07_ (net)
                  0.07    0.00    2.81 ^ _15_/A2 (sky130_fd_sc_hd__o21bai_1)
     1    0.00    0.10    0.13    2.94 v _15_/Y (sky130_fd_sc_hd__o21bai_1)
                                         _02_ (net)
                  0.10    0.00    2.94 v _18_/D (sky130_fd_sc_hd__dfxtp_1)
                                  2.94   data arrival time

                         10.00   10.00   clock clk (rise edge)
                          0.00   10.00   clock source latency
     1    0.01    0.09    0.06   10.06 ^ clk (in)
                                         clk (net)
                  0.09    0.00   10.06 ^ clkbuf_0_clk/A (sky130_fd_sc_hd__clkbuf_16)
     2    0.02    0.07    0.22   10.27 ^ clkbuf_0_clk/X (sky130_fd_sc_hd__clkbuf_16)
                                         clknet_0_clk (net)
                  0.07    0.00   10.27 ^ clkbuf_1_0__f_clk/A (sky130_fd_sc_hd__clkbuf_16)
     2    0.01    0.05    0.19   10.46 ^ clkbuf_1_0__f_clk/X (sky130_fd_sc_hd__clkbuf_16)
                                         clknet_1_0__leaf_clk (net)
                  0.05    0.00   10.46 ^ _18_/CLK (sky130_fd_sc_hd__dfxtp_1)
                         -0.25   10.21   clock uncertainty
                          0.00   10.21   clock reconvergence pessimism
                         -0.29    9.92   library setup time
                                  9.92   data required time
-----------------------------------------------------------------------------
                                  9.92   data required time
                                 -2.94   data arrival time
-----------------------------------------------------------------------------
                                  6.98   slack (MET)



worst slack corner Slowest: 6.2095
======================= Typical Corner ===================================

Startpoint: _18_ (rising edge-triggered flip-flop clocked by clk)
Endpoint: O[0] (output port clocked by clk)
Path Group: clk
Path Type: max
Corner: Typical

Fanout     Cap    Slew   Delay    Time   Description
-----------------------------------------------------------------------------
                          0.00    0.00   clock clk (rise edge)
                          0.00    0.00   clock source latency
     1    0.01    0.06    0.04    0.04 ^ clk (in)
                                         clk (net)
                  0.06    0.00    0.04 ^ clkbuf_0_clk/A (sky130_fd_sc_hd__clkbuf_16)
     2    0.02    0.04    0.14    0.18 ^ clkbuf_0_clk/X (sky130_fd_sc_hd__clkbuf_16)
                                         clknet_0_clk (net)
                  0.04    0.00    0.18 ^ clkbuf_1_0__f_clk/A (sky130_fd_sc_hd__clkbuf_16)
     2    0.01    0.03    0.12    0.29 ^ clkbuf_1_0__f_clk/X (sky130_fd_sc_hd__clkbuf_16)
                                         clknet_1_0__leaf_clk (net)
                  0.03    0.00    0.29 ^ _18_/CLK (sky130_fd_sc_hd__dfxtp_1)
     1    0.00    0.05    0.32    0.61 ^ _18_/Q (sky130_fd_sc_hd__dfxtp_1)
                                         net8 (net)
                  0.05    0.00    0.61 ^ output8/A (sky130_fd_sc_hd__buf_2)
     1    0.03    0.17    0.21    0.82 ^ output8/X (sky130_fd_sc_hd__buf_2)
                                         O[0] (net)
                  0.17    0.00    0.82 ^ O[0] (out)
                                  0.82   data arrival time

                         10.00   10.00   clock clk (rise edge)
                          0.00   10.00   clock network delay (propagated)
                         -0.25    9.75   clock uncertainty
                          0.00    9.75   clock reconvergence pessimism
                         -2.00    7.75   output external delay
                                  7.75   data required time
-----------------------------------------------------------------------------
                                  7.75   data required time
                                 -0.82   data arrival time
-----------------------------------------------------------------------------
                                  6.93   slack (MET)


Startpoint: _16_ (rising edge-triggered flip-flop clocked by clk)
Endpoint: O[2] (output port clocked by clk)
Path Group: clk
Path Type: max
Corner: Typical

Fanout     Cap    Slew   Delay    Time   Description
-----------------------------------------------------------------------------
                          0.00    0.00   clock clk (rise edge)
                          0.00    0.00   clock source latency
     1    0.01    0.06    0.04    0.04 ^ clk (in)
                                         clk (net)
                  0.06    0.00    0.04 ^ clkbuf_0_clk/A (sky130_fd_sc_hd__clkbuf_16)
     2    0.02    0.04    0.14    0.18 ^ clkbuf_0_clk/X (sky130_fd_sc_hd__clkbuf_16)
                                         clknet_0_clk (net)
                  0.04    0.00    0.18 ^ clkbuf_1_1__f_clk/A (sky130_fd_sc_hd__clkbuf_16)
     2    0.01    0.03    0.12    0.29 ^ clkbuf_1_1__f_clk/X (sky130_fd_sc_hd__clkbuf_16)
                                         clknet_1_1__leaf_clk (net)
                  0.03    0.00    0.29 ^ _16_/CLK (sky130_fd_sc_hd__dfxtp_1)
     1    0.00    0.05    0.31    0.61 ^ _16_/Q (sky130_fd_sc_hd__dfxtp_1)
                                         net10 (net)
                  0.05    0.00    0.61 ^ output10/A (sky130_fd_sc_hd__buf_2)
     1    0.03    0.17    0.21    0.81 ^ output10/X (sky130_fd_sc_hd__buf_2)
                                         O[2] (net)
                  0.17    0.00    0.82 ^ O[2] (out)
                                  0.82   data arrival time

                         10.00   10.00   clock clk (rise edge)
                          0.00   10.00   clock network delay (propagated)
                         -0.25    9.75   clock uncertainty
                          0.00    9.75   clock reconvergence pessimism
                         -2.00    7.75   output external delay
                                  7.75   data required time
-----------------------------------------------------------------------------
                                  7.75   data required time
                                 -0.82   data arrival time
-----------------------------------------------------------------------------
                                  6.93   slack (MET)


Startpoint: _17_ (rising edge-triggered flip-flop clocked by clk)
Endpoint: O[1] (output port clocked by clk)
Path Group: clk
Path Type: max
Corner: Typical

Fanout     Cap    Slew   Delay    Time   Description
-----------------------------------------------------------------------------
                          0.00    0.00   clock clk (rise edge)
                          0.00    0.00   clock source latency
     1    0.01    0.06    0.04    0.04 ^ clk (in)
                                         clk (net)
                  0.06    0.00    0.04 ^ clkbuf_0_clk/A (sky130_fd_sc_hd__clkbuf_16)
     2    0.02    0.04    0.14    0.18 ^ clkbuf_0_clk/X (sky130_fd_sc_hd__clkbuf_16)
                                         clknet_0_clk (net)
                  0.04    0.00    0.18 ^ clkbuf_1_0__f_clk/A (sky130_fd_sc_hd__clkbuf_16)
     2    0.01    0.03    0.12    0.29 ^ clkbuf_1_0__f_clk/X (sky130_fd_sc_hd__clkbuf_16)
                                         clknet_1_0__leaf_clk (net)
                  0.03    0.00    0.29 ^ _17_/CLK (sky130_fd_sc_hd__dfxtp_1)
     1    0.00    0.04    0.31    0.60 ^ _17_/Q (sky130_fd_sc_hd__dfxtp_1)
                                         net9 (net)
                  0.04    0.00    0.60 ^ output9/A (sky130_fd_sc_hd__buf_2)
     1    0.03    0.17    0.21    0.81 ^ output9/X (sky130_fd_sc_hd__buf_2)
                                         O[1] (net)
                  0.17    0.00    0.81 ^ O[1] (out)
                                  0.81   data arrival time

                         10.00   10.00   clock clk (rise edge)
                          0.00   10.00   clock network delay (propagated)
                         -0.25    9.75   clock uncertainty
                          0.00    9.75   clock reconvergence pessimism
                         -2.00    7.75   output external delay
                                  7.75   data required time
-----------------------------------------------------------------------------
                                  7.75   data required time
                                 -0.81   data arrival time
-----------------------------------------------------------------------------
                                  6.94   slack (MET)


Startpoint: D[7] (input port clocked by clk)
Endpoint: _16_ (rising edge-triggered flip-flop clocked by clk)
Path Group: clk
Path Type: max
Corner: Typical

Fanout     Cap    Slew   Delay    Time   Description
-----------------------------------------------------------------------------
                          0.00    0.00   clock clk (rise edge)
                          0.00    0.00   clock network delay (propagated)
                          2.00    2.00 v input external delay
     1    0.00    0.01    0.01    2.01 v D[7] (in)
                                         D[7] (net)
                  0.01    0.00    2.01 v input7/A (sky130_fd_sc_hd__buf_1)
     3    0.01    0.05    0.10    2.11 v input7/X (sky130_fd_sc_hd__buf_1)
                                         net7 (net)
                  0.05    0.00    2.11 v _10_/A (sky130_fd_sc_hd__or4_1)
     1    0.00    0.08    0.54    2.64 v _10_/X (sky130_fd_sc_hd__or4_1)
                                         _00_ (net)
                  0.08    0.00    2.64 v _16_/D (sky130_fd_sc_hd__dfxtp_1)
                                  2.64   data arrival time

                         10.00   10.00   clock clk (rise edge)
                          0.00   10.00   clock source latency
     1    0.01    0.06    0.04   10.04 ^ clk (in)
                                         clk (net)
                  0.06    0.00   10.04 ^ clkbuf_0_clk/A (sky130_fd_sc_hd__clkbuf_16)
     2    0.02    0.04    0.12   10.16 ^ clkbuf_0_clk/X (sky130_fd_sc_hd__clkbuf_16)
                                         clknet_0_clk (net)
                  0.04    0.00   10.16 ^ clkbuf_1_1__f_clk/A (sky130_fd_sc_hd__clkbuf_16)
     2    0.01    0.03    0.10   10.26 ^ clkbuf_1_1__f_clk/X (sky130_fd_sc_hd__clkbuf_16)
                                         clknet_1_1__leaf_clk (net)
                  0.03    0.00   10.26 ^ _16_/CLK (sky130_fd_sc_hd__dfxtp_1)
                         -0.25   10.01   clock uncertainty
                          0.00   10.01   clock reconvergence pessimism
                         -0.13    9.88   library setup time
                                  9.88   data required time
-----------------------------------------------------------------------------
                                  9.88   data required time
                                 -2.64   data arrival time
-----------------------------------------------------------------------------
                                  7.24   slack (MET)


Startpoint: D[3] (input port clocked by clk)
Endpoint: _17_ (rising edge-triggered flip-flop clocked by clk)
Path Group: clk
Path Type: max
Corner: Typical

Fanout     Cap    Slew   Delay    Time   Description
-----------------------------------------------------------------------------
                          0.00    0.00   clock clk (rise edge)
                          0.00    0.00   clock network delay (propagated)
                          2.00    2.00 v input external delay
     1    0.00    0.01    0.01    2.01 v D[3] (in)
                                         D[3] (net)
                  0.01    0.00    2.01 v input3/A (sky130_fd_sc_hd__clkbuf_1)
     2    0.00    0.04    0.09    2.09 v input3/X (sky130_fd_sc_hd__clkbuf_1)
                                         net3 (net)
                  0.04    0.00    2.09 v _11_/A (sky130_fd_sc_hd__or2_1)
     1    0.00    0.05    0.23    2.32 v _11_/X (sky130_fd_sc_hd__or2_1)
                                         _05_ (net)
                  0.05    0.00    2.32 v _12_/A2 (sky130_fd_sc_hd__a211o_1)
     1    0.00    0.05    0.30    2.63 v _12_/X (sky130_fd_sc_hd__a211o_1)
                                         _01_ (net)
                  0.05    0.00    2.63 v _17_/D (sky130_fd_sc_hd__dfxtp_1)
                                  2.63   data arrival time

                         10.00   10.00   clock clk (rise edge)
                          0.00   10.00   clock source latency
     1    0.01    0.06    0.04   10.04 ^ clk (in)
                                         clk (net)
                  0.06    0.00   10.04 ^ clkbuf_0_clk/A (sky130_fd_sc_hd__clkbuf_16)
     2    0.02    0.04    0.12   10.16 ^ clkbuf_0_clk/X (sky130_fd_sc_hd__clkbuf_16)
                                         clknet_0_clk (net)
                  0.04    0.00   10.16 ^ clkbuf_1_0__f_clk/A (sky130_fd_sc_hd__clkbuf_16)
     2    0.01    0.03    0.11   10.26 ^ clkbuf_1_0__f_clk/X (sky130_fd_sc_hd__clkbuf_16)
                                         clknet_1_0__leaf_clk (net)
                  0.03    0.00   10.26 ^ _17_/CLK (sky130_fd_sc_hd__dfxtp_1)
                         -0.25   10.01   clock uncertainty
                          0.00   10.01   clock reconvergence pessimism
                         -0.12    9.90   library setup time
                                  9.90   data required time
-----------------------------------------------------------------------------
                                  9.90   data required time
                                 -2.63   data arrival time
-----------------------------------------------------------------------------
                                  7.27   slack (MET)


Startpoint: D[2] (input port clocked by clk)
Endpoint: _18_ (rising edge-triggered flip-flop clocked by clk)
Path Group: clk
Path Type: max
Corner: Typical

Fanout     Cap    Slew   Delay    Time   Description
-----------------------------------------------------------------------------
                          0.00    0.00   clock clk (rise edge)
                          0.00    0.00   clock network delay (propagated)
                          2.00    2.00 ^ input external delay
     1    0.00    0.02    0.01    2.01 ^ D[2] (in)
                                         D[2] (net)
                  0.02    0.00    2.01 ^ input2/A (sky130_fd_sc_hd__clkbuf_1)
     2    0.01    0.10    0.12    2.13 ^ input2/X (sky130_fd_sc_hd__clkbuf_1)
                                         net2 (net)
                  0.10    0.00    2.13 ^ _08_/A (sky130_fd_sc_hd__inv_2)
     1    0.00    0.02    0.04    2.17 v _08_/Y (sky130_fd_sc_hd__inv_2)
                                         _03_ (net)
                  0.02    0.00    2.17 v _13_/A1 (sky130_fd_sc_hd__a21oi_1)
     1    0.00    0.12    0.13    2.30 ^ _13_/Y (sky130_fd_sc_hd__a21oi_1)
                                         _06_ (net)
                  0.12    0.00    2.30 ^ _14_/A2 (sky130_fd_sc_hd__o21ba_1)
     1    0.00    0.04    0.13    2.43 ^ _14_/X (sky130_fd_sc_hd__o21ba_1)
                                         _07_ (net)
                  0.04    0.00    2.43 ^ _15_/A2 (sky130_fd_sc_hd__o21bai_1)
     1    0.00    0.05    0.06    2.49 v _15_/Y (sky130_fd_sc_hd__o21bai_1)
                                         _02_ (net)
                  0.05    0.00    2.49 v _18_/D (sky130_fd_sc_hd__dfxtp_1)
                                  2.49   data arrival time

                         10.00   10.00   clock clk (rise edge)
                          0.00   10.00   clock source latency
     1    0.01    0.06    0.04   10.04 ^ clk (in)
                                         clk (net)
                  0.06    0.00   10.04 ^ clkbuf_0_clk/A (sky130_fd_sc_hd__clkbuf_16)
     2    0.02    0.04    0.12   10.16 ^ clkbuf_0_clk/X (sky130_fd_sc_hd__clkbuf_16)
                                         clknet_0_clk (net)
                  0.04    0.00   10.16 ^ clkbuf_1_0__f_clk/A (sky130_fd_sc_hd__clkbuf_16)
     2    0.01    0.03    0.11   10.26 ^ clkbuf_1_0__f_clk/X (sky130_fd_sc_hd__clkbuf_16)
                                         clknet_1_0__leaf_clk (net)
                  0.03    0.00   10.26 ^ _18_/CLK (sky130_fd_sc_hd__dfxtp_1)
                         -0.25   10.01   clock uncertainty
                          0.00   10.01   clock reconvergence pessimism
                         -0.12    9.90   library setup time
                                  9.90   data required time
-----------------------------------------------------------------------------
                                  9.90   data required time
                                 -2.49   data arrival time
-----------------------------------------------------------------------------
                                  7.41   slack (MET)



worst slack corner Typical: 6.9282
