
===========================================================================
 report_power
============================================================================
======================= Fastest Corner ===================================

Group                  Internal  Switching    Leakage      Total
                          Power      Power      Power      Power (Watts)
----------------------------------------------------------------
Sequential             1.47e-05   1.03e-06   4.34e-11   1.58e-05  16.1%
Combinational          2.09e-06   4.42e-06   6.58e-11   6.51e-06   6.7%
Clock                  6.33e-05   1.23e-05   2.16e-09   7.55e-05  77.2%
Macro                  0.00e+00   0.00e+00   0.00e+00   0.00e+00   0.0%
Pad                    0.00e+00   0.00e+00   0.00e+00   0.00e+00   0.0%
----------------------------------------------------------------
Total                  8.01e-05   1.77e-05   2.27e-09   9.78e-05 100.0%
                          81.9%      18.1%       0.0%

======================= Slowest Corner ===================================

Group                  Internal  Switching    Leakage      Total
                          Power      Power      Power      Power (Watts)
----------------------------------------------------------------
Sequential             1.00e-05   6.88e-07   4.25e-08   1.07e-05  15.8%
Combinational          1.57e-06   2.95e-06   7.36e-08   4.59e-06   6.7%
Clock                  4.47e-05   8.04e-06   6.55e-08   5.28e-05  77.5%
Macro                  0.00e+00   0.00e+00   0.00e+00   0.00e+00   0.0%
Pad                    0.00e+00   0.00e+00   0.00e+00   0.00e+00   0.0%
----------------------------------------------------------------
Total                  5.62e-05   1.17e-05   1.82e-07   6.81e-05 100.0%
                          82.6%      17.1%       0.3%

======================= Typical Corner ===================================

Group                  Internal  Switching    Leakage      Total
                          Power      Power      Power      Power (Watts)
----------------------------------------------------------------
Sequential             1.27e-05   8.74e-07   2.49e-11   1.36e-05  16.1%
Combinational          1.90e-06   3.75e-06   4.46e-11   5.65e-06   6.7%
Clock                  5.50e-05   1.03e-05   2.00e-09   6.53e-05  77.2%
Macro                  0.00e+00   0.00e+00   0.00e+00   0.00e+00   0.0%
Pad                    0.00e+00   0.00e+00   0.00e+00   0.00e+00   0.0%
----------------------------------------------------------------
Total                  6.96e-05   1.49e-05   2.07e-09   8.45e-05 100.0%
                          82.3%      17.7%       0.0%

