
===========================================================================
report_checks -path_delay max (Setup)
============================================================================
======================= Fastest Corner ===================================

Startpoint: _18_ (rising edge-triggered flip-flop clocked by clk)
Endpoint: O[0] (output port clocked by clk)
Path Group: clk
Path Type: max
Corner: Fastest

Fanout     Cap    Slew   Delay    Time   Description
-----------------------------------------------------------------------------
                          0.00    0.00   clock clk (rise edge)
                          0.00    0.00   clock source latency
     1    0.02    0.08    0.05    0.05 ^ clk (in)
                                         clk (net)
                  0.08    0.00    0.05 ^ clkbuf_0_clk/A (sky130_fd_sc_hd__clkbuf_16)
     2    0.02    0.03    0.10    0.16 ^ clkbuf_0_clk/X (sky130_fd_sc_hd__clkbuf_16)
                                         clknet_0_clk (net)
                  0.03    0.00    0.16 ^ clkbuf_1_0__f_clk/A (sky130_fd_sc_hd__clkbuf_16)
     2    0.01    0.02    0.08    0.23 ^ clkbuf_1_0__f_clk/X (sky130_fd_sc_hd__clkbuf_16)
                                         clknet_1_0__leaf_clk (net)
                  0.02    0.00    0.23 ^ _18_/CLK (sky130_fd_sc_hd__dfxtp_1)
     1    0.02    0.15    0.28    0.52 ^ _18_/Q (sky130_fd_sc_hd__dfxtp_1)
                                         net8 (net)
                  0.15    0.00    0.52 ^ output8/A (sky130_fd_sc_hd__buf_2)
     1    0.03    0.13    0.17    0.69 ^ output8/X (sky130_fd_sc_hd__buf_2)
                                         O[0] (net)
                  0.13    0.00    0.69 ^ O[0] (out)
                                  0.69   data arrival time

                         10.00   10.00   clock clk (rise edge)
                          0.00   10.00   clock network delay (propagated)
                         -0.25    9.75   clock uncertainty
                          0.00    9.75   clock reconvergence pessimism
                         -2.00    7.75   output external delay
                                  7.75   data required time
-----------------------------------------------------------------------------
                                  7.75   data required time
                                 -0.69   data arrival time
-----------------------------------------------------------------------------
                                  7.06   slack (MET)


Startpoint: _16_ (rising edge-triggered flip-flop clocked by clk)
Endpoint: O[2] (output port clocked by clk)
Path Group: clk
Path Type: max
Corner: Fastest

Fanout     Cap    Slew   Delay    Time   Description
-----------------------------------------------------------------------------
                          0.00    0.00   clock clk (rise edge)
                          0.00    0.00   clock source latency
     1    0.02    0.08    0.05    0.05 ^ clk (in)
                                         clk (net)
                  0.08    0.00    0.05 ^ clkbuf_0_clk/A (sky130_fd_sc_hd__clkbuf_16)
     2    0.02    0.03    0.10    0.16 ^ clkbuf_0_clk/X (sky130_fd_sc_hd__clkbuf_16)
                                         clknet_0_clk (net)
                  0.03    0.00    0.16 ^ clkbuf_1_1__f_clk/A (sky130_fd_sc_hd__clkbuf_16)
     2    0.01    0.02    0.08    0.24 ^ clkbuf_1_1__f_clk/X (sky130_fd_sc_hd__clkbuf_16)
                                         clknet_1_1__leaf_clk (net)
                  0.02    0.00    0.24 ^ _16_/CLK (sky130_fd_sc_hd__dfxtp_1)
     1    0.02    0.12    0.26    0.50 ^ _16_/Q (sky130_fd_sc_hd__dfxtp_1)
                                         net10 (net)
                  0.12    0.00    0.50 ^ output10/A (sky130_fd_sc_hd__buf_2)
     1    0.03    0.13    0.17    0.67 ^ output10/X (sky130_fd_sc_hd__buf_2)
                                         O[2] (net)
                  0.13    0.00    0.67 ^ O[2] (out)
                                  0.67   data arrival time

                         10.00   10.00   clock clk (rise edge)
                          0.00   10.00   clock network delay (propagated)
                         -0.25    9.75   clock uncertainty
                          0.00    9.75   clock reconvergence pessimism
                         -2.00    7.75   output external delay
                                  7.75   data required time
-----------------------------------------------------------------------------
                                  7.75   data required time
                                 -0.67   data arrival time
-----------------------------------------------------------------------------
                                  7.08   slack (MET)


Startpoint: _17_ (rising edge-triggered flip-flop clocked by clk)
Endpoint: O[1] (output port clocked by clk)
Path Group: clk
Path Type: max
Corner: Fastest

Fanout     Cap    Slew   Delay    Time   Description
-----------------------------------------------------------------------------
                          0.00    0.00   clock clk (rise edge)
                          0.00    0.00   clock source latency
     1    0.02    0.08    0.05    0.05 ^ clk (in)
                                         clk (net)
                  0.08    0.00    0.05 ^ clkbuf_0_clk/A (sky130_fd_sc_hd__clkbuf_16)
     2    0.02    0.03    0.10    0.16 ^ clkbuf_0_clk/X (sky130_fd_sc_hd__clkbuf_16)
                                         clknet_0_clk (net)
                  0.03    0.00    0.16 ^ clkbuf_1_0__f_clk/A (sky130_fd_sc_hd__clkbuf_16)
     2    0.01    0.02    0.08    0.23 ^ clkbuf_1_0__f_clk/X (sky130_fd_sc_hd__clkbuf_16)
                                         clknet_1_0__leaf_clk (net)
                  0.02    0.00    0.24 ^ _17_/CLK (sky130_fd_sc_hd__dfxtp_1)
     1    0.02    0.11    0.25    0.49 ^ _17_/Q (sky130_fd_sc_hd__dfxtp_1)
                                         net9 (net)
                  0.11    0.00    0.49 ^ output9/A (sky130_fd_sc_hd__buf_2)
     1    0.03    0.13    0.17    0.66 ^ output9/X (sky130_fd_sc_hd__buf_2)
                                         O[1] (net)
                  0.13    0.00    0.66 ^ O[1] (out)
                                  0.66   data arrival time

                         10.00   10.00   clock clk (rise edge)
                          0.00   10.00   clock network delay (propagated)
                         -0.25    9.75   clock uncertainty
                          0.00    9.75   clock reconvergence pessimism
                         -2.00    7.75   output external delay
                                  7.75   data required time
-----------------------------------------------------------------------------
                                  7.75   data required time
                                 -0.66   data arrival time
-----------------------------------------------------------------------------
                                  7.09   slack (MET)


Startpoint: D[7] (input port clocked by clk)
Endpoint: _16_ (rising edge-triggered flip-flop clocked by clk)
Path Group: clk
Path Type: max
Corner: Fastest

Fanout     Cap    Slew   Delay    Time   Description
-----------------------------------------------------------------------------
                          0.00    0.00   clock clk (rise edge)
                          0.00    0.00   clock network delay (propagated)
                          2.00    2.00 v input external delay
     1    0.00    0.01    0.00    2.00 v D[7] (in)
                                         D[7] (net)
                  0.01    0.00    2.00 v input7/A (sky130_fd_sc_hd__buf_1)
     3    0.02    0.08    0.10    2.10 v input7/X (sky130_fd_sc_hd__buf_1)
                                         net7 (net)
                  0.08    0.00    2.11 v _10_/A (sky130_fd_sc_hd__or4_1)
     1    0.01    0.06    0.33    2.44 v _10_/X (sky130_fd_sc_hd__or4_1)
                                         _00_ (net)
                  0.06    0.00    2.44 v _16_/D (sky130_fd_sc_hd__dfxtp_1)
                                  2.44   data arrival time

                         10.00   10.00   clock clk (rise edge)
                          0.00   10.00   clock source latency
     1    0.02    0.08    0.05   10.05 ^ clk (in)
                                         clk (net)
                  0.08    0.00   10.05 ^ clkbuf_0_clk/A (sky130_fd_sc_hd__clkbuf_16)
     2    0.02    0.03    0.09   10.14 ^ clkbuf_0_clk/X (sky130_fd_sc_hd__clkbuf_16)
                                         clknet_0_clk (net)
                  0.03    0.00   10.14 ^ clkbuf_1_1__f_clk/A (sky130_fd_sc_hd__clkbuf_16)
     2    0.01    0.02    0.07   10.21 ^ clkbuf_1_1__f_clk/X (sky130_fd_sc_hd__clkbuf_16)
                                         clknet_1_1__leaf_clk (net)
                  0.02    0.00   10.21 ^ _16_/CLK (sky130_fd_sc_hd__dfxtp_1)
                         -0.25    9.96   clock uncertainty
                          0.00    9.96   clock reconvergence pessimism
                         -0.08    9.88   library setup time
                                  9.88   data required time
-----------------------------------------------------------------------------
                                  9.88   data required time
                                 -2.44   data arrival time
-----------------------------------------------------------------------------
                                  7.44   slack (MET)


Startpoint: D[2] (input port clocked by clk)
Endpoint: _17_ (rising edge-triggered flip-flop clocked by clk)
Path Group: clk
Path Type: max
Corner: Fastest

Fanout     Cap    Slew   Delay    Time   Description
-----------------------------------------------------------------------------
                          0.00    0.00   clock clk (rise edge)
                          0.00    0.00   clock network delay (propagated)
                          2.00    2.00 v input external delay
     1    0.00    0.01    0.00    2.00 v D[2] (in)
                                         D[2] (net)
                  0.01    0.00    2.00 v input2/A (sky130_fd_sc_hd__buf_1)
     2    0.01    0.05    0.08    2.08 v input2/X (sky130_fd_sc_hd__buf_1)
                                         net2 (net)
                  0.05    0.00    2.08 v _11_/B (sky130_fd_sc_hd__or2_1)
     1    0.00    0.03    0.13    2.21 v _11_/X (sky130_fd_sc_hd__or2_1)
                                         _05_ (net)
                  0.03    0.00    2.21 v _12_/A2 (sky130_fd_sc_hd__a211o_1)
     1    0.01    0.04    0.20    2.41 v _12_/X (sky130_fd_sc_hd__a211o_1)
                                         _01_ (net)
                  0.04    0.00    2.41 v _17_/D (sky130_fd_sc_hd__dfxtp_1)
                                  2.41   data arrival time

                         10.00   10.00   clock clk (rise edge)
                          0.00   10.00   clock source latency
     1    0.02    0.08    0.05   10.05 ^ clk (in)
                                         clk (net)
                  0.08    0.00   10.05 ^ clkbuf_0_clk/A (sky130_fd_sc_hd__clkbuf_16)
     2    0.02    0.03    0.09   10.14 ^ clkbuf_0_clk/X (sky130_fd_sc_hd__clkbuf_16)
                                         clknet_0_clk (net)
                  0.03    0.00   10.14 ^ clkbuf_1_0__f_clk/A (sky130_fd_sc_hd__clkbuf_16)
     2    0.01    0.02    0.07   10.21 ^ clkbuf_1_0__f_clk/X (sky130_fd_sc_hd__clkbuf_16)
                                         clknet_1_0__leaf_clk (net)
                  0.02    0.00   10.21 ^ _17_/CLK (sky130_fd_sc_hd__dfxtp_1)
                         -0.25    9.96   clock uncertainty
                          0.00    9.96   clock reconvergence pessimism
                         -0.08    9.89   library setup time
                                  9.89   data required time
-----------------------------------------------------------------------------
                                  9.89   data required time
                                 -2.41   data arrival time
-----------------------------------------------------------------------------
                                  7.48   slack (MET)


Startpoint: D[2] (input port clocked by clk)
Endpoint: _18_ (rising edge-triggered flip-flop clocked by clk)
Path Group: clk
Path Type: max
Corner: Fastest

Fanout     Cap    Slew   Delay    Time   Description
-----------------------------------------------------------------------------
                          0.00    0.00   clock clk (rise edge)
                          0.00    0.00   clock network delay (propagated)
                          2.00    2.00 ^ input external delay
     1    0.00    0.02    0.01    2.01 ^ D[2] (in)
                                         D[2] (net)
                  0.02    0.00    2.01 ^ input2/A (sky130_fd_sc_hd__buf_1)
     2    0.01    0.11    0.10    2.11 ^ input2/X (sky130_fd_sc_hd__buf_1)
                                         net2 (net)
                  0.11    0.00    2.11 ^ _08_/A (sky130_fd_sc_hd__inv_2)
     1    0.00    0.02    0.02    2.13 v _08_/Y (sky130_fd_sc_hd__inv_2)
                                         _03_ (net)
                  0.02    0.00    2.13 v _13_/A1 (sky130_fd_sc_hd__a21oi_1)
     1    0.00    0.09    0.09    2.22 ^ _13_/Y (sky130_fd_sc_hd__a21oi_1)
                                         _06_ (net)
                  0.09    0.00    2.22 ^ _14_/A2 (sky130_fd_sc_hd__o21ba_1)
     1    0.00    0.03    0.08    2.30 ^ _14_/X (sky130_fd_sc_hd__o21ba_1)
                                         _07_ (net)
                  0.03    0.00    2.30 ^ _15_/A2 (sky130_fd_sc_hd__o21bai_1)
     1    0.01    0.06    0.04    2.34 v _15_/Y (sky130_fd_sc_hd__o21bai_1)
                                         _02_ (net)
                  0.06    0.00    2.34 v _18_/D (sky130_fd_sc_hd__dfxtp_1)
                                  2.34   data arrival time

                         10.00   10.00   clock clk (rise edge)
                          0.00   10.00   clock source latency
     1    0.02    0.08    0.05   10.05 ^ clk (in)
                                         clk (net)
                  0.08    0.00   10.05 ^ clkbuf_0_clk/A (sky130_fd_sc_hd__clkbuf_16)
     2    0.02    0.03    0.09   10.14 ^ clkbuf_0_clk/X (sky130_fd_sc_hd__clkbuf_16)
                                         clknet_0_clk (net)
                  0.03    0.00   10.14 ^ clkbuf_1_0__f_clk/A (sky130_fd_sc_hd__clkbuf_16)
     2    0.01    0.02    0.07   10.21 ^ clkbuf_1_0__f_clk/X (sky130_fd_sc_hd__clkbuf_16)
                                         clknet_1_0__leaf_clk (net)
                  0.02    0.00   10.21 ^ _18_/CLK (sky130_fd_sc_hd__dfxtp_1)
                         -0.25    9.96   clock uncertainty
                          0.00    9.96   clock reconvergence pessimism
                         -0.08    9.88   library setup time
                                  9.88   data required time
-----------------------------------------------------------------------------
                                  9.88   data required time
                                 -2.34   data arrival time
-----------------------------------------------------------------------------
                                  7.54   slack (MET)



worst slack corner Fastest: 7.0598
======================= Slowest Corner ===================================

Startpoint: _18_ (rising edge-triggered flip-flop clocked by clk)
Endpoint: O[0] (output port clocked by clk)
Path Group: clk
Path Type: max
Corner: Slowest

Fanout     Cap    Slew   Delay    Time   Description
-----------------------------------------------------------------------------
                          0.00    0.00   clock clk (rise edge)
                          0.00    0.00   clock source latency
     1    0.02    0.16    0.11    0.11 ^ clk (in)
                                         clk (net)
                  0.16    0.00    0.11 ^ clkbuf_0_clk/A (sky130_fd_sc_hd__clkbuf_16)
     2    0.02    0.07    0.27    0.39 ^ clkbuf_0_clk/X (sky130_fd_sc_hd__clkbuf_16)
                                         clknet_0_clk (net)
                  0.07    0.00    0.39 ^ clkbuf_1_0__f_clk/A (sky130_fd_sc_hd__clkbuf_16)
     2    0.01    0.05    0.21    0.60 ^ clkbuf_1_0__f_clk/X (sky130_fd_sc_hd__clkbuf_16)
                                         clknet_1_0__leaf_clk (net)
                  0.05    0.00    0.60 ^ _18_/CLK (sky130_fd_sc_hd__dfxtp_1)
     1    0.02    0.32    0.84    1.44 ^ _18_/Q (sky130_fd_sc_hd__dfxtp_1)
                                         net8 (net)
                  0.32    0.00    1.44 ^ output8/A (sky130_fd_sc_hd__buf_2)
     1    0.03    0.27    0.47    1.92 ^ output8/X (sky130_fd_sc_hd__buf_2)
                                         O[0] (net)
                  0.27    0.00    1.92 ^ O[0] (out)
                                  1.92   data arrival time

                         10.00   10.00   clock clk (rise edge)
                          0.00   10.00   clock network delay (propagated)
                         -0.25    9.75   clock uncertainty
                          0.00    9.75   clock reconvergence pessimism
                         -2.00    7.75   output external delay
                                  7.75   data required time
-----------------------------------------------------------------------------
                                  7.75   data required time
                                 -1.92   data arrival time
-----------------------------------------------------------------------------
                                  5.83   slack (MET)


Startpoint: _16_ (rising edge-triggered flip-flop clocked by clk)
Endpoint: O[2] (output port clocked by clk)
Path Group: clk
Path Type: max
Corner: Slowest

Fanout     Cap    Slew   Delay    Time   Description
-----------------------------------------------------------------------------
                          0.00    0.00   clock clk (rise edge)
                          0.00    0.00   clock source latency
     1    0.02    0.16    0.11    0.11 ^ clk (in)
                                         clk (net)
                  0.16    0.00    0.11 ^ clkbuf_0_clk/A (sky130_fd_sc_hd__clkbuf_16)
     2    0.02    0.07    0.27    0.39 ^ clkbuf_0_clk/X (sky130_fd_sc_hd__clkbuf_16)
                                         clknet_0_clk (net)
                  0.07    0.00    0.39 ^ clkbuf_1_1__f_clk/A (sky130_fd_sc_hd__clkbuf_16)
     2    0.01    0.05    0.21    0.60 ^ clkbuf_1_1__f_clk/X (sky130_fd_sc_hd__clkbuf_16)
                                         clknet_1_1__leaf_clk (net)
                  0.05    0.00    0.60 ^ _16_/CLK (sky130_fd_sc_hd__dfxtp_1)
     1    0.02    0.26    0.80    1.39 ^ _16_/Q (sky130_fd_sc_hd__dfxtp_1)
                                         net10 (net)
                  0.26    0.00    1.40 ^ output10/A (sky130_fd_sc_hd__buf_2)
     1    0.03    0.27    0.45    1.85 ^ output10/X (sky130_fd_sc_hd__buf_2)
                                         O[2] (net)
                  0.27    0.00    1.85 ^ O[2] (out)
                                  1.85   data arrival time

                         10.00   10.00   clock clk (rise edge)
                          0.00   10.00   clock network delay (propagated)
                         -0.25    9.75   clock uncertainty
                          0.00    9.75   clock reconvergence pessimism
                         -2.00    7.75   output external delay
                                  7.75   data required time
-----------------------------------------------------------------------------
                                  7.75   data required time
                                 -1.85   data arrival time
-----------------------------------------------------------------------------
                                  5.90   slack (MET)


Startpoint: _17_ (rising edge-triggered flip-flop clocked by clk)
Endpoint: O[1] (output port clocked by clk)
Path Group: clk
Path Type: max
Corner: Slowest

Fanout     Cap    Slew   Delay    Time   Description
-----------------------------------------------------------------------------
                          0.00    0.00   clock clk (rise edge)
                          0.00    0.00   clock source latency
     1    0.02    0.16    0.11    0.11 ^ clk (in)
                                         clk (net)
                  0.16    0.00    0.11 ^ clkbuf_0_clk/A (sky130_fd_sc_hd__clkbuf_16)
     2    0.02    0.07    0.27    0.39 ^ clkbuf_0_clk/X (sky130_fd_sc_hd__clkbuf_16)
                                         clknet_0_clk (net)
                  0.07    0.00    0.39 ^ clkbuf_1_0__f_clk/A (sky130_fd_sc_hd__clkbuf_16)
     2    0.01    0.05    0.21    0.60 ^ clkbuf_1_0__f_clk/X (sky130_fd_sc_hd__clkbuf_16)
                                         clknet_1_0__leaf_clk (net)
                  0.05    0.00    0.60 ^ _17_/CLK (sky130_fd_sc_hd__dfxtp_1)
     1    0.02    0.24    0.78    1.38 ^ _17_/Q (sky130_fd_sc_hd__dfxtp_1)
                                         net9 (net)
                  0.24    0.00    1.38 ^ output9/A (sky130_fd_sc_hd__buf_2)
     1    0.03    0.27    0.44    1.82 ^ output9/X (sky130_fd_sc_hd__buf_2)
                                         O[1] (net)
                  0.27    0.00    1.82 ^ O[1] (out)
                                  1.82   data arrival time

                         10.00   10.00   clock clk (rise edge)
                          0.00   10.00   clock network delay (propagated)
                         -0.25    9.75   clock uncertainty
                          0.00    9.75   clock reconvergence pessimism
                         -2.00    7.75   output external delay
                                  7.75   data required time
-----------------------------------------------------------------------------
                                  7.75   data required time
                                 -1.82   data arrival time
-----------------------------------------------------------------------------
                                  5.93   slack (MET)


Startpoint: D[7] (input port clocked by clk)
Endpoint: _16_ (rising edge-triggered flip-flop clocked by clk)
Path Group: clk
Path Type: max
Corner: Slowest

Fanout     Cap    Slew   Delay    Time   Description
-----------------------------------------------------------------------------
                          0.00    0.00   clock clk (rise edge)
                          0.00    0.00   clock network delay (propagated)
                          2.00    2.00 v input external delay
     1    0.00    0.02    0.01    2.01 v D[7] (in)
                                         D[7] (net)
                  0.02    0.00    2.01 v input7/A (sky130_fd_sc_hd__buf_1)
     3    0.02    0.23    0.29    2.30 v input7/X (sky130_fd_sc_hd__buf_1)
                                         net7 (net)
                  0.23    0.00    2.30 v _10_/A (sky130_fd_sc_hd__or4_1)
     1    0.00    0.21    1.37    3.67 v _10_/X (sky130_fd_sc_hd__or4_1)
                                         _00_ (net)
                  0.21    0.00    3.67 v _16_/D (sky130_fd_sc_hd__dfxtp_1)
                                  3.67   data arrival time

                         10.00   10.00   clock clk (rise edge)
                          0.00   10.00   clock source latency
     1    0.02    0.16    0.10   10.10 ^ clk (in)
                                         clk (net)
                  0.16    0.00   10.10 ^ clkbuf_0_clk/A (sky130_fd_sc_hd__clkbuf_16)
     2    0.02    0.07    0.25   10.35 ^ clkbuf_0_clk/X (sky130_fd_sc_hd__clkbuf_16)
                                         clknet_0_clk (net)
                  0.07    0.00   10.35 ^ clkbuf_1_1__f_clk/A (sky130_fd_sc_hd__clkbuf_16)
     2    0.01    0.05    0.19   10.54 ^ clkbuf_1_1__f_clk/X (sky130_fd_sc_hd__clkbuf_16)
                                         clknet_1_1__leaf_clk (net)
                  0.05    0.00   10.54 ^ _16_/CLK (sky130_fd_sc_hd__dfxtp_1)
                         -0.25   10.29   clock uncertainty
                          0.00   10.29   clock reconvergence pessimism
                         -0.33    9.96   library setup time
                                  9.96   data required time
-----------------------------------------------------------------------------
                                  9.96   data required time
                                 -3.67   data arrival time
-----------------------------------------------------------------------------
                                  6.29   slack (MET)


Startpoint: D[2] (input port clocked by clk)
Endpoint: _17_ (rising edge-triggered flip-flop clocked by clk)
Path Group: clk
Path Type: max
Corner: Slowest

Fanout     Cap    Slew   Delay    Time   Description
-----------------------------------------------------------------------------
                          0.00    0.00   clock clk (rise edge)
                          0.00    0.00   clock network delay (propagated)
                          2.00    2.00 v input external delay
     1    0.00    0.02    0.01    2.01 v D[2] (in)
                                         D[2] (net)
                  0.02    0.00    2.01 v input2/A (sky130_fd_sc_hd__buf_1)
     2    0.01    0.14    0.22    2.23 v input2/X (sky130_fd_sc_hd__buf_1)
                                         net2 (net)
                  0.14    0.00    2.23 v _11_/B (sky130_fd_sc_hd__or2_1)
     1    0.00    0.10    0.50    2.73 v _11_/X (sky130_fd_sc_hd__or2_1)
                                         _05_ (net)
                  0.10    0.00    2.73 v _12_/A2 (sky130_fd_sc_hd__a211o_1)
     1    0.01    0.11    0.61    3.34 v _12_/X (sky130_fd_sc_hd__a211o_1)
                                         _01_ (net)
                  0.11    0.00    3.34 v _17_/D (sky130_fd_sc_hd__dfxtp_1)
                                  3.34   data arrival time

                         10.00   10.00   clock clk (rise edge)
                          0.00   10.00   clock source latency
     1    0.02    0.16    0.10   10.10 ^ clk (in)
                                         clk (net)
                  0.16    0.00   10.10 ^ clkbuf_0_clk/A (sky130_fd_sc_hd__clkbuf_16)
     2    0.02    0.07    0.25   10.35 ^ clkbuf_0_clk/X (sky130_fd_sc_hd__clkbuf_16)
                                         clknet_0_clk (net)
                  0.07    0.00   10.35 ^ clkbuf_1_0__f_clk/A (sky130_fd_sc_hd__clkbuf_16)
     2    0.01    0.05    0.19   10.54 ^ clkbuf_1_0__f_clk/X (sky130_fd_sc_hd__clkbuf_16)
                                         clknet_1_0__leaf_clk (net)
                  0.05    0.00   10.54 ^ _17_/CLK (sky130_fd_sc_hd__dfxtp_1)
                         -0.25   10.29   clock uncertainty
                          0.00   10.29   clock reconvergence pessimism
                         -0.29   10.00   library setup time
                                 10.00   data required time
-----------------------------------------------------------------------------
                                 10.00   data required time
                                 -3.34   data arrival time
-----------------------------------------------------------------------------
                                  6.66   slack (MET)


Startpoint: D[2] (input port clocked by clk)
Endpoint: _18_ (rising edge-triggered flip-flop clocked by clk)
Path Group: clk
Path Type: max
Corner: Slowest

Fanout     Cap    Slew   Delay    Time   Description
-----------------------------------------------------------------------------
                          0.00    0.00   clock clk (rise edge)
                          0.00    0.00   clock network delay (propagated)
                          2.00    2.00 ^ input external delay
     1    0.00    0.03    0.02    2.02 ^ D[2] (in)
                                         D[2] (net)
                  0.03    0.00    2.02 ^ input2/A (sky130_fd_sc_hd__buf_1)
     2    0.01    0.23    0.26    2.28 ^ input2/X (sky130_fd_sc_hd__buf_1)
                                         net2 (net)
                  0.23    0.00    2.28 ^ _08_/A (sky130_fd_sc_hd__inv_2)
     1    0.00    0.05    0.11    2.39 v _08_/Y (sky130_fd_sc_hd__inv_2)
                                         _03_ (net)
                  0.05    0.00    2.39 v _13_/A1 (sky130_fd_sc_hd__a21oi_1)
     1    0.00    0.20    0.23    2.61 ^ _13_/Y (sky130_fd_sc_hd__a21oi_1)
                                         _06_ (net)
                  0.20    0.00    2.61 ^ _14_/A2 (sky130_fd_sc_hd__o21ba_1)
     1    0.00    0.07    0.28    2.89 ^ _14_/X (sky130_fd_sc_hd__o21ba_1)
                                         _07_ (net)
                  0.07    0.00    2.89 ^ _15_/A2 (sky130_fd_sc_hd__o21bai_1)
     1    0.01    0.15    0.16    3.05 v _15_/Y (sky130_fd_sc_hd__o21bai_1)
                                         _02_ (net)
                  0.15    0.00    3.05 v _18_/D (sky130_fd_sc_hd__dfxtp_1)
                                  3.05   data arrival time

                         10.00   10.00   clock clk (rise edge)
                          0.00   10.00   clock source latency
     1    0.02    0.16    0.10   10.10 ^ clk (in)
                                         clk (net)
                  0.16    0.00   10.10 ^ clkbuf_0_clk/A (sky130_fd_sc_hd__clkbuf_16)
     2    0.02    0.07    0.25   10.35 ^ clkbuf_0_clk/X (sky130_fd_sc_hd__clkbuf_16)
                                         clknet_0_clk (net)
                  0.07    0.00   10.35 ^ clkbuf_1_0__f_clk/A (sky130_fd_sc_hd__clkbuf_16)
     2    0.01    0.05    0.19   10.54 ^ clkbuf_1_0__f_clk/X (sky130_fd_sc_hd__clkbuf_16)
                                         clknet_1_0__leaf_clk (net)
                  0.05    0.00   10.54 ^ _18_/CLK (sky130_fd_sc_hd__dfxtp_1)
                         -0.25   10.29   clock uncertainty
                          0.00   10.29   clock reconvergence pessimism
                         -0.31    9.98   library setup time
                                  9.98   data required time
-----------------------------------------------------------------------------
                                  9.98   data required time
                                 -3.05   data arrival time
-----------------------------------------------------------------------------
                                  6.93   slack (MET)



worst slack corner Slowest: 5.8338
======================= Typical Corner ===================================

Startpoint: _18_ (rising edge-triggered flip-flop clocked by clk)
Endpoint: O[0] (output port clocked by clk)
Path Group: clk
Path Type: max
Corner: Typical

Fanout     Cap    Slew   Delay    Time   Description
-----------------------------------------------------------------------------
                          0.00    0.00   clock clk (rise edge)
                          0.00    0.00   clock source latency
     1    0.02    0.10    0.07    0.07 ^ clk (in)
                                         clk (net)
                  0.10    0.00    0.07 ^ clkbuf_0_clk/A (sky130_fd_sc_hd__clkbuf_16)
     2    0.02    0.04    0.15    0.23 ^ clkbuf_0_clk/X (sky130_fd_sc_hd__clkbuf_16)
                                         clknet_0_clk (net)
                  0.04    0.00    0.23 ^ clkbuf_1_0__f_clk/A (sky130_fd_sc_hd__clkbuf_16)
     2    0.01    0.03    0.12    0.34 ^ clkbuf_1_0__f_clk/X (sky130_fd_sc_hd__clkbuf_16)
                                         clknet_1_0__leaf_clk (net)
                  0.03    0.00    0.34 ^ _18_/CLK (sky130_fd_sc_hd__dfxtp_1)
     1    0.02    0.20    0.43    0.77 ^ _18_/Q (sky130_fd_sc_hd__dfxtp_1)
                                         net8 (net)
                  0.20    0.00    0.77 ^ output8/A (sky130_fd_sc_hd__buf_2)
     1    0.03    0.17    0.26    1.04 ^ output8/X (sky130_fd_sc_hd__buf_2)
                                         O[0] (net)
                  0.17    0.00    1.04 ^ O[0] (out)
                                  1.04   data arrival time

                         10.00   10.00   clock clk (rise edge)
                          0.00   10.00   clock network delay (propagated)
                         -0.25    9.75   clock uncertainty
                          0.00    9.75   clock reconvergence pessimism
                         -2.00    7.75   output external delay
                                  7.75   data required time
-----------------------------------------------------------------------------
                                  7.75   data required time
                                 -1.04   data arrival time
-----------------------------------------------------------------------------
                                  6.71   slack (MET)


Startpoint: _16_ (rising edge-triggered flip-flop clocked by clk)
Endpoint: O[2] (output port clocked by clk)
Path Group: clk
Path Type: max
Corner: Typical

Fanout     Cap    Slew   Delay    Time   Description
-----------------------------------------------------------------------------
                          0.00    0.00   clock clk (rise edge)
                          0.00    0.00   clock source latency
     1    0.02    0.10    0.07    0.07 ^ clk (in)
                                         clk (net)
                  0.10    0.00    0.07 ^ clkbuf_0_clk/A (sky130_fd_sc_hd__clkbuf_16)
     2    0.02    0.04    0.15    0.23 ^ clkbuf_0_clk/X (sky130_fd_sc_hd__clkbuf_16)
                                         clknet_0_clk (net)
                  0.04    0.00    0.23 ^ clkbuf_1_1__f_clk/A (sky130_fd_sc_hd__clkbuf_16)
     2    0.01    0.03    0.12    0.34 ^ clkbuf_1_1__f_clk/X (sky130_fd_sc_hd__clkbuf_16)
                                         clknet_1_1__leaf_clk (net)
                  0.03    0.00    0.34 ^ _16_/CLK (sky130_fd_sc_hd__dfxtp_1)
     1    0.02    0.16    0.40    0.75 ^ _16_/Q (sky130_fd_sc_hd__dfxtp_1)
                                         net10 (net)
                  0.16    0.00    0.75 ^ output10/A (sky130_fd_sc_hd__buf_2)
     1    0.03    0.17    0.25    1.00 ^ output10/X (sky130_fd_sc_hd__buf_2)
                                         O[2] (net)
                  0.17    0.00    1.00 ^ O[2] (out)
                                  1.00   data arrival time

                         10.00   10.00   clock clk (rise edge)
                          0.00   10.00   clock network delay (propagated)
                         -0.25    9.75   clock uncertainty
                          0.00    9.75   clock reconvergence pessimism
                         -2.00    7.75   output external delay
                                  7.75   data required time
-----------------------------------------------------------------------------
                                  7.75   data required time
                                 -1.00   data arrival time
-----------------------------------------------------------------------------
                                  6.75   slack (MET)


Startpoint: _17_ (rising edge-triggered flip-flop clocked by clk)
Endpoint: O[1] (output port clocked by clk)
Path Group: clk
Path Type: max
Corner: Typical

Fanout     Cap    Slew   Delay    Time   Description
-----------------------------------------------------------------------------
                          0.00    0.00   clock clk (rise edge)
                          0.00    0.00   clock source latency
     1    0.02    0.10    0.07    0.07 ^ clk (in)
                                         clk (net)
                  0.10    0.00    0.07 ^ clkbuf_0_clk/A (sky130_fd_sc_hd__clkbuf_16)
     2    0.02    0.04    0.15    0.23 ^ clkbuf_0_clk/X (sky130_fd_sc_hd__clkbuf_16)
                                         clknet_0_clk (net)
                  0.04    0.00    0.23 ^ clkbuf_1_0__f_clk/A (sky130_fd_sc_hd__clkbuf_16)
     2    0.01    0.03    0.12    0.34 ^ clkbuf_1_0__f_clk/X (sky130_fd_sc_hd__clkbuf_16)
                                         clknet_1_0__leaf_clk (net)
                  0.03    0.00    0.34 ^ _17_/CLK (sky130_fd_sc_hd__dfxtp_1)
     1    0.02    0.15    0.39    0.74 ^ _17_/Q (sky130_fd_sc_hd__dfxtp_1)
                                         net9 (net)
                  0.15    0.00    0.74 ^ output9/A (sky130_fd_sc_hd__buf_2)
     1    0.03    0.17    0.25    0.98 ^ output9/X (sky130_fd_sc_hd__buf_2)
                                         O[1] (net)
                  0.17    0.00    0.98 ^ O[1] (out)
                                  0.98   data arrival time

                         10.00   10.00   clock clk (rise edge)
                          0.00   10.00   clock network delay (propagated)
                         -0.25    9.75   clock uncertainty
                          0.00    9.75   clock reconvergence pessimism
                         -2.00    7.75   output external delay
                                  7.75   data required time
-----------------------------------------------------------------------------
                                  7.75   data required time
                                 -0.98   data arrival time
-----------------------------------------------------------------------------
                                  6.77   slack (MET)


Startpoint: D[7] (input port clocked by clk)
Endpoint: _16_ (rising edge-triggered flip-flop clocked by clk)
Path Group: clk
Path Type: max
Corner: Typical

Fanout     Cap    Slew   Delay    Time   Description
-----------------------------------------------------------------------------
                          0.00    0.00   clock clk (rise edge)
                          0.00    0.00   clock network delay (propagated)
                          2.00    2.00 v input external delay
     1    0.00    0.01    0.01    2.01 v D[7] (in)
                                         D[7] (net)
                  0.01    0.00    2.01 v input7/A (sky130_fd_sc_hd__buf_1)
     3    0.02    0.12    0.15    2.16 v input7/X (sky130_fd_sc_hd__buf_1)
                                         net7 (net)
                  0.12    0.00    2.16 v _10_/A (sky130_fd_sc_hd__or4_1)
     1    0.01    0.10    0.58    2.74 v _10_/X (sky130_fd_sc_hd__or4_1)
                                         _00_ (net)
                  0.10    0.00    2.74 v _16_/D (sky130_fd_sc_hd__dfxtp_1)
                                  2.74   data arrival time

                         10.00   10.00   clock clk (rise edge)
                          0.00   10.00   clock source latency
     1    0.02    0.10    0.07   10.07 ^ clk (in)
                                         clk (net)
                  0.10    0.00   10.07 ^ clkbuf_0_clk/A (sky130_fd_sc_hd__clkbuf_16)
     2    0.02    0.04    0.14   10.20 ^ clkbuf_0_clk/X (sky130_fd_sc_hd__clkbuf_16)
                                         clknet_0_clk (net)
                  0.04    0.00   10.20 ^ clkbuf_1_1__f_clk/A (sky130_fd_sc_hd__clkbuf_16)
     2    0.01    0.03    0.11   10.31 ^ clkbuf_1_1__f_clk/X (sky130_fd_sc_hd__clkbuf_16)
                                         clknet_1_1__leaf_clk (net)
                  0.03    0.00   10.31 ^ _16_/CLK (sky130_fd_sc_hd__dfxtp_1)
                         -0.25   10.06   clock uncertainty
                          0.00   10.06   clock reconvergence pessimism
                         -0.14    9.92   library setup time
                                  9.92   data required time
-----------------------------------------------------------------------------
                                  9.92   data required time
                                 -2.74   data arrival time
-----------------------------------------------------------------------------
                                  7.18   slack (MET)


Startpoint: D[2] (input port clocked by clk)
Endpoint: _17_ (rising edge-triggered flip-flop clocked by clk)
Path Group: clk
Path Type: max
Corner: Typical

Fanout     Cap    Slew   Delay    Time   Description
-----------------------------------------------------------------------------
                          0.00    0.00   clock clk (rise edge)
                          0.00    0.00   clock network delay (propagated)
                          2.00    2.00 v input external delay
     1    0.00    0.01    0.01    2.01 v D[2] (in)
                                         D[2] (net)
                  0.01    0.00    2.01 v input2/A (sky130_fd_sc_hd__buf_1)
     2    0.01    0.07    0.11    2.12 v input2/X (sky130_fd_sc_hd__buf_1)
                                         net2 (net)
                  0.07    0.00    2.12 v _11_/B (sky130_fd_sc_hd__or2_1)
     1    0.00    0.05    0.22    2.34 v _11_/X (sky130_fd_sc_hd__or2_1)
                                         _05_ (net)
                  0.05    0.00    2.34 v _12_/A2 (sky130_fd_sc_hd__a211o_1)
     1    0.01    0.06    0.32    2.66 v _12_/X (sky130_fd_sc_hd__a211o_1)
                                         _01_ (net)
                  0.06    0.00    2.66 v _17_/D (sky130_fd_sc_hd__dfxtp_1)
                                  2.66   data arrival time

                         10.00   10.00   clock clk (rise edge)
                          0.00   10.00   clock source latency
     1    0.02    0.10    0.07   10.07 ^ clk (in)
                                         clk (net)
                  0.10    0.00   10.07 ^ clkbuf_0_clk/A (sky130_fd_sc_hd__clkbuf_16)
     2    0.02    0.04    0.14   10.20 ^ clkbuf_0_clk/X (sky130_fd_sc_hd__clkbuf_16)
                                         clknet_0_clk (net)
                  0.04    0.00   10.20 ^ clkbuf_1_0__f_clk/A (sky130_fd_sc_hd__clkbuf_16)
     2    0.01    0.03    0.10   10.31 ^ clkbuf_1_0__f_clk/X (sky130_fd_sc_hd__clkbuf_16)
                                         clknet_1_0__leaf_clk (net)
                  0.03    0.00   10.31 ^ _17_/CLK (sky130_fd_sc_hd__dfxtp_1)
                         -0.25   10.06   clock uncertainty
                          0.00   10.06   clock reconvergence pessimism
                         -0.12    9.94   library setup time
                                  9.94   data required time
-----------------------------------------------------------------------------
                                  9.94   data required time
                                 -2.66   data arrival time
-----------------------------------------------------------------------------
                                  7.28   slack (MET)


Startpoint: D[2] (input port clocked by clk)
Endpoint: _18_ (rising edge-triggered flip-flop clocked by clk)
Path Group: clk
Path Type: max
Corner: Typical

Fanout     Cap    Slew   Delay    Time   Description
-----------------------------------------------------------------------------
                          0.00    0.00   clock clk (rise edge)
                          0.00    0.00   clock network delay (propagated)
                          2.00    2.00 ^ input external delay
     1    0.00    0.02    0.01    2.01 ^ D[2] (in)
                                         D[2] (net)
                  0.02    0.00    2.01 ^ input2/A (sky130_fd_sc_hd__buf_1)
     2    0.01    0.14    0.15    2.16 ^ input2/X (sky130_fd_sc_hd__buf_1)
                                         net2 (net)
                  0.14    0.00    2.16 ^ _08_/A (sky130_fd_sc_hd__inv_2)
     1    0.00    0.03    0.04    2.20 v _08_/Y (sky130_fd_sc_hd__inv_2)
                                         _03_ (net)
                  0.03    0.00    2.20 v _13_/A1 (sky130_fd_sc_hd__a21oi_1)
     1    0.00    0.12    0.13    2.33 ^ _13_/Y (sky130_fd_sc_hd__a21oi_1)
                                         _06_ (net)
                  0.12    0.00    2.33 ^ _14_/A2 (sky130_fd_sc_hd__o21ba_1)
     1    0.00    0.04    0.13    2.47 ^ _14_/X (sky130_fd_sc_hd__o21ba_1)
                                         _07_ (net)
                  0.04    0.00    2.47 ^ _15_/A2 (sky130_fd_sc_hd__o21bai_1)
     1    0.01    0.08    0.07    2.54 v _15_/Y (sky130_fd_sc_hd__o21bai_1)
                                         _02_ (net)
                  0.08    0.00    2.54 v _18_/D (sky130_fd_sc_hd__dfxtp_1)
                                  2.54   data arrival time

                         10.00   10.00   clock clk (rise edge)
                          0.00   10.00   clock source latency
     1    0.02    0.10    0.07   10.07 ^ clk (in)
                                         clk (net)
                  0.10    0.00   10.07 ^ clkbuf_0_clk/A (sky130_fd_sc_hd__clkbuf_16)
     2    0.02    0.04    0.14   10.20 ^ clkbuf_0_clk/X (sky130_fd_sc_hd__clkbuf_16)
                                         clknet_0_clk (net)
                  0.04    0.00   10.20 ^ clkbuf_1_0__f_clk/A (sky130_fd_sc_hd__clkbuf_16)
     2    0.01    0.03    0.10   10.31 ^ clkbuf_1_0__f_clk/X (sky130_fd_sc_hd__clkbuf_16)
                                         clknet_1_0__leaf_clk (net)
                  0.03    0.00   10.31 ^ _18_/CLK (sky130_fd_sc_hd__dfxtp_1)
                         -0.25   10.06   clock uncertainty
                          0.00   10.06   clock reconvergence pessimism
                         -0.13    9.93   library setup time
                                  9.93   data required time
-----------------------------------------------------------------------------
                                  9.93   data required time
                                 -2.54   data arrival time
-----------------------------------------------------------------------------
                                  7.39   slack (MET)



worst slack corner Typical: 6.7140
