
===========================================================================
 report_power
============================================================================
======================= Fastest Corner ===================================

Group                  Internal  Switching    Leakage      Total
                          Power      Power      Power      Power (Watts)
----------------------------------------------------------------
Sequential             1.47e-05   2.06e-07   4.34e-11   1.49e-05  15.6%
Combinational          2.09e-06   3.46e-06   6.28e-11   5.55e-06   5.8%
Clock                  6.34e-05   1.17e-05   3.45e-10   7.51e-05  78.6%
Macro                  0.00e+00   0.00e+00   0.00e+00   0.00e+00   0.0%
Pad                    0.00e+00   0.00e+00   0.00e+00   0.00e+00   0.0%
----------------------------------------------------------------
Total                  8.02e-05   1.54e-05   4.52e-10   9.56e-05 100.0%
                          83.9%      16.1%       0.0%

======================= Slowest Corner ===================================

Group                  Internal  Switching    Leakage      Total
                          Power      Power      Power      Power (Watts)
----------------------------------------------------------------
Sequential             9.99e-06   1.34e-07   4.25e-08   1.02e-05  15.3%
Combinational          1.58e-06   2.30e-06   7.36e-08   3.96e-06   5.9%
Clock                  4.47e-05   7.67e-06   6.36e-08   5.24e-05  78.8%
Macro                  0.00e+00   0.00e+00   0.00e+00   0.00e+00   0.0%
Pad                    0.00e+00   0.00e+00   0.00e+00   0.00e+00   0.0%
----------------------------------------------------------------
Total                  5.63e-05   1.01e-05   1.80e-07   6.66e-05 100.0%
                          84.6%      15.2%       0.3%

======================= Typical Corner ===================================

Group                  Internal  Switching    Leakage      Total
                          Power      Power      Power      Power (Watts)
----------------------------------------------------------------
Sequential             1.27e-05   1.72e-07   2.49e-11   1.29e-05  15.6%
Combinational          1.91e-06   2.93e-06   4.16e-11   4.84e-06   5.9%
Clock                  5.50e-05   9.86e-06   1.80e-10   6.49e-05  78.6%
Macro                  0.00e+00   0.00e+00   0.00e+00   0.00e+00   0.0%
Pad                    0.00e+00   0.00e+00   0.00e+00   0.00e+00   0.0%
----------------------------------------------------------------
Total                  6.97e-05   1.30e-05   2.46e-10   8.26e-05 100.0%
                          84.3%      15.7%       0.0%

