
63. Printing statistics.

=== priority_encoder ===

   Number of wires:                 11
   Number of wire bits:             20
   Number of public wires:           3
   Number of public wire bits:      12
   Number of memories:               0
   Number of memory bits:            0
   Number of processes:              0
   Number of cells:                 11
     sky130_fd_sc_hd__a211o_2        1
     sky130_fd_sc_hd__a21oi_2        1
     sky130_fd_sc_hd__dfxtp_2        3
     sky130_fd_sc_hd__inv_2          1
     sky130_fd_sc_hd__nor2_2         1
     sky130_fd_sc_hd__o21ba_2        1
     sky130_fd_sc_hd__o21bai_2       1
     sky130_fd_sc_hd__or2_2          1
     sky130_fd_sc_hd__or4_2          1

   Chip area for module '\priority_encoder': 128.873600

