
===========================================================================
report_checks -unconstrained
===========================================================================
======================= Typical Corner ===================================

Startpoint: D[7] (input port clocked by clk)
Endpoint: _16_ (rising edge-triggered flip-flop clocked by clk)
Path Group: clk
Path Type: max

Fanout     Cap    Slew   Delay    Time   Description
-----------------------------------------------------------------------------
                  0.15    0.00    0.00   clock clk (rise edge)
                          0.00    0.00   clock network delay (ideal)
                          2.00    2.00 v input external delay
     3    0.00    0.01    0.01    2.01 v D[7] (in)
                                         D[7] (net)
                  0.01    0.00    2.01 v _10_/A (sky130_fd_sc_hd__or4_2)
     1    0.00    0.09    0.67    2.67 v _10_/X (sky130_fd_sc_hd__or4_2)
                                         _00_ (net)
                  0.09    0.00    2.67 v _16_/D (sky130_fd_sc_hd__dfxtp_2)
                                  2.67   data arrival time

                  0.15   10.00   10.00   clock clk (rise edge)
                          0.00   10.00   clock network delay (ideal)
                         -0.25    9.75   clock uncertainty
                          0.00    9.75   clock reconvergence pessimism
                                  9.75 ^ _16_/CLK (sky130_fd_sc_hd__dfxtp_2)
                         -0.11    9.64   library setup time
                                  9.64   data required time
-----------------------------------------------------------------------------
                                  9.64   data required time
                                 -2.67   data arrival time
-----------------------------------------------------------------------------
                                  6.97   slack (MET)




===========================================================================
report_checks --slack_max -0.01
============================================================================
======================= Typical Corner ===================================

No paths found.


===========================================================================
 report_check_types -max_slew -max_cap -max_fanout -violators
============================================================================
======================= Typical Corner ===================================


max slew violations count Typical: 0
max fanout violations count Typical: 0
max cap violations count Typical: 0

===========================================================================
report_parasitic_annotation -report_unannotated
============================================================================
Found 20 unannotated drivers.
 D[0]
 D[1]
 D[2]
 D[3]
 D[4]
 D[5]
 D[6]
 D[7]
 clk
 _08_/Y
 _09_/Y
 _10_/X
 _11_/X
 _12_/X
 _13_/Y
 _14_/X
 _15_/Y
 _16_/Q
 _17_/Q
 _18_/Q
Found 0 partially unannotated drivers.

===========================================================================
max slew violation count 0
max fanout violation count 0
max cap violation count 0
============================================================================

===========================================================================
check_setup -verbose -unconstrained_endpoints -multiple_clock -no_clock -no_input_delay -loops -generated_clocks
===========================================================================
