
===========================================================================
report_checks -path_delay min (Hold)
============================================================================
======================= Fastest Corner ===================================

Startpoint: D[4] (input port clocked by clk)
Endpoint: _16_ (rising edge-triggered flip-flop clocked by clk)
Path Group: clk
Path Type: min
Corner: Fastest

Fanout     Cap    Slew   Delay    Time   Description
-----------------------------------------------------------------------------
                          0.00    0.00   clock clk (rise edge)
                          0.00    0.00   clock network delay (propagated)
                          2.00    2.00 ^ input external delay
     1    0.00    0.02    0.01    2.01 ^ D[4] (in)
                                         D[4] (net)
                  0.02    0.00    2.01 ^ input4/A (sky130_fd_sc_hd__buf_1)
     3    0.01    0.10    0.09    2.10 ^ input4/X (sky130_fd_sc_hd__buf_1)
                                         net4 (net)
                  0.10    0.00    2.10 ^ _10_/D (sky130_fd_sc_hd__or4_1)
     1    0.01    0.04    0.08    2.19 ^ _10_/X (sky130_fd_sc_hd__or4_1)
                                         _00_ (net)
                  0.04    0.00    2.19 ^ _16_/D (sky130_fd_sc_hd__dfxtp_1)
                                  2.19   data arrival time

                          0.00    0.00   clock clk (rise edge)
                          0.00    0.00   clock source latency
     1    0.02    0.08    0.06    0.06 ^ clk (in)
                                         clk (net)
                  0.08    0.00    0.06 ^ clkbuf_0_clk/A (sky130_fd_sc_hd__clkbuf_16)
     2    0.02    0.03    0.10    0.16 ^ clkbuf_0_clk/X (sky130_fd_sc_hd__clkbuf_16)
                                         clknet_0_clk (net)
                  0.03    0.00    0.16 ^ clkbuf_1_1__f_clk/A (sky130_fd_sc_hd__clkbuf_16)
     2    0.01    0.02    0.08    0.24 ^ clkbuf_1_1__f_clk/X (sky130_fd_sc_hd__clkbuf_16)
                                         clknet_1_1__leaf_clk (net)
                  0.02    0.00    0.24 ^ _16_/CLK (sky130_fd_sc_hd__dfxtp_1)
                          0.25    0.49   clock uncertainty
                          0.00    0.49   clock reconvergence pessimism
                         -0.02    0.47   library hold time
                                  0.47   data required time
-----------------------------------------------------------------------------
                                  0.47   data required time
                                 -2.19   data arrival time
-----------------------------------------------------------------------------
                                  1.72   slack (MET)


Startpoint: D[3] (input port clocked by clk)
Endpoint: _17_ (rising edge-triggered flip-flop clocked by clk)
Path Group: clk
Path Type: min
Corner: Fastest

Fanout     Cap    Slew   Delay    Time   Description
-----------------------------------------------------------------------------
                          0.00    0.00   clock clk (rise edge)
                          0.00    0.00   clock network delay (propagated)
                          2.00    2.00 ^ input external delay
     1    0.00    0.02    0.01    2.01 ^ D[3] (in)
                                         D[3] (net)
                  0.02    0.00    2.01 ^ input3/A (sky130_fd_sc_hd__clkbuf_1)
     2    0.01    0.05    0.06    2.07 ^ input3/X (sky130_fd_sc_hd__clkbuf_1)
                                         net3 (net)
                  0.05    0.00    2.07 ^ _11_/A (sky130_fd_sc_hd__or2_1)
     1    0.00    0.03    0.06    2.13 ^ _11_/X (sky130_fd_sc_hd__or2_1)
                                         _05_ (net)
                  0.03    0.00    2.13 ^ _12_/A2 (sky130_fd_sc_hd__a211o_1)
     1    0.01    0.05    0.08    2.21 ^ _12_/X (sky130_fd_sc_hd__a211o_1)
                                         _01_ (net)
                  0.05    0.00    2.21 ^ _17_/D (sky130_fd_sc_hd__dfxtp_1)
                                  2.21   data arrival time

                          0.00    0.00   clock clk (rise edge)
                          0.00    0.00   clock source latency
     1    0.02    0.08    0.06    0.06 ^ clk (in)
                                         clk (net)
                  0.08    0.00    0.06 ^ clkbuf_0_clk/A (sky130_fd_sc_hd__clkbuf_16)
     2    0.02    0.03    0.10    0.16 ^ clkbuf_0_clk/X (sky130_fd_sc_hd__clkbuf_16)
                                         clknet_0_clk (net)
                  0.03    0.00    0.16 ^ clkbuf_1_0__f_clk/A (sky130_fd_sc_hd__clkbuf_16)
     2    0.01    0.02    0.08    0.24 ^ clkbuf_1_0__f_clk/X (sky130_fd_sc_hd__clkbuf_16)
                                         clknet_1_0__leaf_clk (net)
                  0.02    0.00    0.24 ^ _17_/CLK (sky130_fd_sc_hd__dfxtp_1)
                          0.25    0.49   clock uncertainty
                          0.00    0.49   clock reconvergence pessimism
                         -0.02    0.47   library hold time
                                  0.47   data required time
-----------------------------------------------------------------------------
                                  0.47   data required time
                                 -2.21   data arrival time
-----------------------------------------------------------------------------
                                  1.74   slack (MET)


Startpoint: D[7] (input port clocked by clk)
Endpoint: _18_ (rising edge-triggered flip-flop clocked by clk)
Path Group: clk
Path Type: min
Corner: Fastest

Fanout     Cap    Slew   Delay    Time   Description
-----------------------------------------------------------------------------
                          0.00    0.00   clock clk (rise edge)
                          0.00    0.00   clock network delay (propagated)
                          2.00    2.00 v input external delay
     1    0.00    0.01    0.00    2.00 v D[7] (in)
                                         D[7] (net)
                  0.01    0.00    2.00 v input7/A (sky130_fd_sc_hd__buf_1)
     3    0.02    0.08    0.09    2.10 v input7/X (sky130_fd_sc_hd__buf_1)
                                         net7 (net)
                  0.08    0.00    2.10 v _15_/B1_N (sky130_fd_sc_hd__o21bai_1)
     1    0.01    0.03    0.11    2.20 v _15_/Y (sky130_fd_sc_hd__o21bai_1)
                                         _02_ (net)
                  0.03    0.00    2.21 v _18_/D (sky130_fd_sc_hd__dfxtp_1)
                                  2.21   data arrival time

                          0.00    0.00   clock clk (rise edge)
                          0.00    0.00   clock source latency
     1    0.02    0.08    0.06    0.06 ^ clk (in)
                                         clk (net)
                  0.08    0.00    0.06 ^ clkbuf_0_clk/A (sky130_fd_sc_hd__clkbuf_16)
     2    0.02    0.03    0.10    0.16 ^ clkbuf_0_clk/X (sky130_fd_sc_hd__clkbuf_16)
                                         clknet_0_clk (net)
                  0.03    0.00    0.16 ^ clkbuf_1_0__f_clk/A (sky130_fd_sc_hd__clkbuf_16)
     2    0.01    0.02    0.08    0.24 ^ clkbuf_1_0__f_clk/X (sky130_fd_sc_hd__clkbuf_16)
                                         clknet_1_0__leaf_clk (net)
                  0.02    0.00    0.24 ^ _18_/CLK (sky130_fd_sc_hd__dfxtp_1)
                          0.25    0.49   clock uncertainty
                          0.00    0.49   clock reconvergence pessimism
                         -0.04    0.45   library hold time
                                  0.45   data required time
-----------------------------------------------------------------------------
                                  0.45   data required time
                                 -2.21   data arrival time
-----------------------------------------------------------------------------
                                  1.76   slack (MET)


Startpoint: _17_ (rising edge-triggered flip-flop clocked by clk)
Endpoint: O[1] (output port clocked by clk)
Path Group: clk
Path Type: min
Corner: Fastest

Fanout     Cap    Slew   Delay    Time   Description
-----------------------------------------------------------------------------
                          0.00    0.00   clock clk (rise edge)
                          0.00    0.00   clock source latency
     1    0.02    0.08    0.05    0.05 ^ clk (in)
                                         clk (net)
                  0.08    0.00    0.05 ^ clkbuf_0_clk/A (sky130_fd_sc_hd__clkbuf_16)
     2    0.02    0.03    0.09    0.14 ^ clkbuf_0_clk/X (sky130_fd_sc_hd__clkbuf_16)
                                         clknet_0_clk (net)
                  0.03    0.00    0.14 ^ clkbuf_1_0__f_clk/A (sky130_fd_sc_hd__clkbuf_16)
     2    0.01    0.02    0.07    0.22 ^ clkbuf_1_0__f_clk/X (sky130_fd_sc_hd__clkbuf_16)
                                         clknet_1_0__leaf_clk (net)
                  0.02    0.00    0.22 ^ _17_/CLK (sky130_fd_sc_hd__dfxtp_1)
     1    0.02    0.06    0.21    0.42 v _17_/Q (sky130_fd_sc_hd__dfxtp_1)
                                         net9 (net)
                  0.06    0.00    0.42 v output9/A (sky130_fd_sc_hd__buf_2)
     1    0.03    0.06    0.12    0.55 v output9/X (sky130_fd_sc_hd__buf_2)
                                         O[1] (net)
                  0.06    0.00    0.55 v O[1] (out)
                                  0.55   data arrival time

                          0.00    0.00   clock clk (rise edge)
                          0.00    0.00   clock network delay (propagated)
                          0.25    0.25   clock uncertainty
                          0.00    0.25   clock reconvergence pessimism
                         -2.00   -1.75   output external delay
                                 -1.75   data required time
-----------------------------------------------------------------------------
                                 -1.75   data required time
                                 -0.55   data arrival time
-----------------------------------------------------------------------------
                                  2.30   slack (MET)


Startpoint: _16_ (rising edge-triggered flip-flop clocked by clk)
Endpoint: O[2] (output port clocked by clk)
Path Group: clk
Path Type: min
Corner: Fastest

Fanout     Cap    Slew   Delay    Time   Description
-----------------------------------------------------------------------------
                          0.00    0.00   clock clk (rise edge)
                          0.00    0.00   clock source latency
     1    0.02    0.08    0.05    0.05 ^ clk (in)
                                         clk (net)
                  0.08    0.00    0.05 ^ clkbuf_0_clk/A (sky130_fd_sc_hd__clkbuf_16)
     2    0.02    0.03    0.09    0.14 ^ clkbuf_0_clk/X (sky130_fd_sc_hd__clkbuf_16)
                                         clknet_0_clk (net)
                  0.03    0.00    0.14 ^ clkbuf_1_1__f_clk/A (sky130_fd_sc_hd__clkbuf_16)
     2    0.01    0.02    0.07    0.22 ^ clkbuf_1_1__f_clk/X (sky130_fd_sc_hd__clkbuf_16)
                                         clknet_1_1__leaf_clk (net)
                  0.02    0.00    0.22 ^ _16_/CLK (sky130_fd_sc_hd__dfxtp_1)
     1    0.02    0.06    0.21    0.43 v _16_/Q (sky130_fd_sc_hd__dfxtp_1)
                                         net10 (net)
                  0.06    0.00    0.43 v output10/A (sky130_fd_sc_hd__buf_2)
     1    0.03    0.06    0.12    0.55 v output10/X (sky130_fd_sc_hd__buf_2)
                                         O[2] (net)
                  0.06    0.00    0.55 v O[2] (out)
                                  0.55   data arrival time

                          0.00    0.00   clock clk (rise edge)
                          0.00    0.00   clock network delay (propagated)
                          0.25    0.25   clock uncertainty
                          0.00    0.25   clock reconvergence pessimism
                         -2.00   -1.75   output external delay
                                 -1.75   data required time
-----------------------------------------------------------------------------
                                 -1.75   data required time
                                 -0.55   data arrival time
-----------------------------------------------------------------------------
                                  2.30   slack (MET)


Startpoint: _18_ (rising edge-triggered flip-flop clocked by clk)
Endpoint: O[0] (output port clocked by clk)
Path Group: clk
Path Type: min
Corner: Fastest

Fanout     Cap    Slew   Delay    Time   Description
-----------------------------------------------------------------------------
                          0.00    0.00   clock clk (rise edge)
                          0.00    0.00   clock source latency
     1    0.02    0.08    0.05    0.05 ^ clk (in)
                                         clk (net)
                  0.08    0.00    0.05 ^ clkbuf_0_clk/A (sky130_fd_sc_hd__clkbuf_16)
     2    0.02    0.03    0.09    0.14 ^ clkbuf_0_clk/X (sky130_fd_sc_hd__clkbuf_16)
                                         clknet_0_clk (net)
                  0.03    0.00    0.14 ^ clkbuf_1_0__f_clk/A (sky130_fd_sc_hd__clkbuf_16)
     2    0.01    0.02    0.07    0.22 ^ clkbuf_1_0__f_clk/X (sky130_fd_sc_hd__clkbuf_16)
                                         clknet_1_0__leaf_clk (net)
                  0.02    0.00    0.22 ^ _18_/CLK (sky130_fd_sc_hd__dfxtp_1)
     1    0.02    0.08    0.22    0.43 v _18_/Q (sky130_fd_sc_hd__dfxtp_1)
                                         net8 (net)
                  0.08    0.00    0.44 v output8/A (sky130_fd_sc_hd__buf_2)
     1    0.03    0.06    0.13    0.57 v output8/X (sky130_fd_sc_hd__buf_2)
                                         O[0] (net)
                  0.06    0.00    0.57 v O[0] (out)
                                  0.57   data arrival time

                          0.00    0.00   clock clk (rise edge)
                          0.00    0.00   clock network delay (propagated)
                          0.25    0.25   clock uncertainty
                          0.00    0.25   clock reconvergence pessimism
                         -2.00   -1.75   output external delay
                                 -1.75   data required time
-----------------------------------------------------------------------------
                                 -1.75   data required time
                                 -0.57   data arrival time
-----------------------------------------------------------------------------
                                  2.32   slack (MET)



worst slack corner Fastest: 1.7157
======================= Slowest Corner ===================================

Startpoint: D[4] (input port clocked by clk)
Endpoint: _16_ (rising edge-triggered flip-flop clocked by clk)
Path Group: clk
Path Type: min
Corner: Slowest

Fanout     Cap    Slew   Delay    Time   Description
-----------------------------------------------------------------------------
                          0.00    0.00   clock clk (rise edge)
                          0.00    0.00   clock network delay (propagated)
                          2.00    2.00 ^ input external delay
     1    0.00    0.04    0.02    2.02 ^ D[4] (in)
                                         D[4] (net)
                  0.04    0.00    2.02 ^ input4/A (sky130_fd_sc_hd__buf_1)
     3    0.01    0.22    0.23    2.25 ^ input4/X (sky130_fd_sc_hd__buf_1)
                                         net4 (net)
                  0.22    0.00    2.25 ^ _10_/D (sky130_fd_sc_hd__or4_1)
     1    0.01    0.09    0.25    2.50 ^ _10_/X (sky130_fd_sc_hd__or4_1)
                                         _00_ (net)
                  0.09    0.00    2.50 ^ _16_/D (sky130_fd_sc_hd__dfxtp_1)
                                  2.50   data arrival time

                          0.00    0.00   clock clk (rise edge)
                          0.00    0.00   clock source latency
     1    0.02    0.16    0.12    0.12 ^ clk (in)
                                         clk (net)
                  0.16    0.00    0.12 ^ clkbuf_0_clk/A (sky130_fd_sc_hd__clkbuf_16)
     2    0.02    0.07    0.28    0.40 ^ clkbuf_0_clk/X (sky130_fd_sc_hd__clkbuf_16)
                                         clknet_0_clk (net)
                  0.07    0.00    0.40 ^ clkbuf_1_1__f_clk/A (sky130_fd_sc_hd__clkbuf_16)
     2    0.01    0.05    0.21    0.61 ^ clkbuf_1_1__f_clk/X (sky130_fd_sc_hd__clkbuf_16)
                                         clknet_1_1__leaf_clk (net)
                  0.05    0.00    0.61 ^ _16_/CLK (sky130_fd_sc_hd__dfxtp_1)
                          0.25    0.86   clock uncertainty
                          0.00    0.86   clock reconvergence pessimism
                         -0.08    0.78   library hold time
                                  0.78   data required time
-----------------------------------------------------------------------------
                                  0.78   data required time
                                 -2.50   data arrival time
-----------------------------------------------------------------------------
                                  1.72   slack (MET)


Startpoint: D[3] (input port clocked by clk)
Endpoint: _17_ (rising edge-triggered flip-flop clocked by clk)
Path Group: clk
Path Type: min
Corner: Slowest

Fanout     Cap    Slew   Delay    Time   Description
-----------------------------------------------------------------------------
                          0.00    0.00   clock clk (rise edge)
                          0.00    0.00   clock network delay (propagated)
                          2.00    2.00 ^ input external delay
     1    0.00    0.04    0.02    2.02 ^ D[3] (in)
                                         D[3] (net)
                  0.04    0.00    2.02 ^ input3/A (sky130_fd_sc_hd__clkbuf_1)
     2    0.01    0.11    0.16    2.18 ^ input3/X (sky130_fd_sc_hd__clkbuf_1)
                                         net3 (net)
                  0.11    0.00    2.18 ^ _11_/A (sky130_fd_sc_hd__or2_1)
     1    0.00    0.07    0.17    2.35 ^ _11_/X (sky130_fd_sc_hd__or2_1)
                                         _05_ (net)
                  0.07    0.00    2.35 ^ _12_/A2 (sky130_fd_sc_hd__a211o_1)
     1    0.01    0.10    0.25    2.60 ^ _12_/X (sky130_fd_sc_hd__a211o_1)
                                         _01_ (net)
                  0.10    0.00    2.60 ^ _17_/D (sky130_fd_sc_hd__dfxtp_1)
                                  2.60   data arrival time

                          0.00    0.00   clock clk (rise edge)
                          0.00    0.00   clock source latency
     1    0.02    0.16    0.12    0.12 ^ clk (in)
                                         clk (net)
                  0.16    0.00    0.12 ^ clkbuf_0_clk/A (sky130_fd_sc_hd__clkbuf_16)
     2    0.02    0.07    0.28    0.40 ^ clkbuf_0_clk/X (sky130_fd_sc_hd__clkbuf_16)
                                         clknet_0_clk (net)
                  0.07    0.00    0.40 ^ clkbuf_1_0__f_clk/A (sky130_fd_sc_hd__clkbuf_16)
     2    0.01    0.05    0.21    0.60 ^ clkbuf_1_0__f_clk/X (sky130_fd_sc_hd__clkbuf_16)
                                         clknet_1_0__leaf_clk (net)
                  0.05    0.00    0.60 ^ _17_/CLK (sky130_fd_sc_hd__dfxtp_1)
                          0.25    0.85   clock uncertainty
                          0.00    0.85   clock reconvergence pessimism
                         -0.08    0.77   library hold time
                                  0.77   data required time
-----------------------------------------------------------------------------
                                  0.77   data required time
                                 -2.60   data arrival time
-----------------------------------------------------------------------------
                                  1.83   slack (MET)


Startpoint: D[6] (input port clocked by clk)
Endpoint: _18_ (rising edge-triggered flip-flop clocked by clk)
Path Group: clk
Path Type: min
Corner: Slowest

Fanout     Cap    Slew   Delay    Time   Description
-----------------------------------------------------------------------------
                          0.00    0.00   clock clk (rise edge)
                          0.00    0.00   clock network delay (propagated)
                          2.00    2.00 v input external delay
     1    0.00    0.02    0.01    2.01 v D[6] (in)
                                         D[6] (net)
                  0.02    0.00    2.01 v input6/A (sky130_fd_sc_hd__buf_1)
     3    0.02    0.25    0.28    2.29 v input6/X (sky130_fd_sc_hd__buf_1)
                                         net6 (net)
                  0.25    0.00    2.29 v _15_/A1 (sky130_fd_sc_hd__o21bai_1)
     1    0.01    0.13    0.34    2.63 ^ _15_/Y (sky130_fd_sc_hd__o21bai_1)
                                         _02_ (net)
                  0.13    0.00    2.63 ^ _18_/D (sky130_fd_sc_hd__dfxtp_1)
                                  2.63   data arrival time

                          0.00    0.00   clock clk (rise edge)
                          0.00    0.00   clock source latency
     1    0.02    0.16    0.12    0.12 ^ clk (in)
                                         clk (net)
                  0.16    0.00    0.12 ^ clkbuf_0_clk/A (sky130_fd_sc_hd__clkbuf_16)
     2    0.02    0.07    0.28    0.40 ^ clkbuf_0_clk/X (sky130_fd_sc_hd__clkbuf_16)
                                         clknet_0_clk (net)
                  0.07    0.00    0.40 ^ clkbuf_1_0__f_clk/A (sky130_fd_sc_hd__clkbuf_16)
     2    0.01    0.05    0.21    0.60 ^ clkbuf_1_0__f_clk/X (sky130_fd_sc_hd__clkbuf_16)
                                         clknet_1_0__leaf_clk (net)
                  0.05    0.00    0.60 ^ _18_/CLK (sky130_fd_sc_hd__dfxtp_1)
                          0.25    0.85   clock uncertainty
                          0.00    0.85   clock reconvergence pessimism
                         -0.09    0.76   library hold time
                                  0.76   data required time
-----------------------------------------------------------------------------
                                  0.76   data required time
                                 -2.63   data arrival time
-----------------------------------------------------------------------------
                                  1.86   slack (MET)


Startpoint: _17_ (rising edge-triggered flip-flop clocked by clk)
Endpoint: O[1] (output port clocked by clk)
Path Group: clk
Path Type: min
Corner: Slowest

Fanout     Cap    Slew   Delay    Time   Description
-----------------------------------------------------------------------------
                          0.00    0.00   clock clk (rise edge)
                          0.00    0.00   clock source latency
     1    0.02    0.16    0.11    0.11 ^ clk (in)
                                         clk (net)
                  0.16    0.00    0.11 ^ clkbuf_0_clk/A (sky130_fd_sc_hd__clkbuf_16)
     2    0.02    0.07    0.25    0.36 ^ clkbuf_0_clk/X (sky130_fd_sc_hd__clkbuf_16)
                                         clknet_0_clk (net)
                  0.07    0.00    0.36 ^ clkbuf_1_0__f_clk/A (sky130_fd_sc_hd__clkbuf_16)
     2    0.01    0.05    0.19    0.55 ^ clkbuf_1_0__f_clk/X (sky130_fd_sc_hd__clkbuf_16)
                                         clknet_1_0__leaf_clk (net)
                  0.05    0.00    0.55 ^ _17_/CLK (sky130_fd_sc_hd__dfxtp_1)
     1    0.02    0.15    0.62    1.17 v _17_/Q (sky130_fd_sc_hd__dfxtp_1)
                                         net9 (net)
                  0.15    0.00    1.17 v output9/A (sky130_fd_sc_hd__buf_2)
     1    0.03    0.17    0.37    1.54 v output9/X (sky130_fd_sc_hd__buf_2)
                                         O[1] (net)
                  0.17    0.00    1.54 v O[1] (out)
                                  1.54   data arrival time

                          0.00    0.00   clock clk (rise edge)
                          0.00    0.00   clock network delay (propagated)
                          0.25    0.25   clock uncertainty
                          0.00    0.25   clock reconvergence pessimism
                         -2.00   -1.75   output external delay
                                 -1.75   data required time
-----------------------------------------------------------------------------
                                 -1.75   data required time
                                 -1.54   data arrival time
-----------------------------------------------------------------------------
                                  3.29   slack (MET)


Startpoint: _16_ (rising edge-triggered flip-flop clocked by clk)
Endpoint: O[2] (output port clocked by clk)
Path Group: clk
Path Type: min
Corner: Slowest

Fanout     Cap    Slew   Delay    Time   Description
-----------------------------------------------------------------------------
                          0.00    0.00   clock clk (rise edge)
                          0.00    0.00   clock source latency
     1    0.02    0.16    0.11    0.11 ^ clk (in)
                                         clk (net)
                  0.16    0.00    0.11 ^ clkbuf_0_clk/A (sky130_fd_sc_hd__clkbuf_16)
     2    0.02    0.07    0.25    0.36 ^ clkbuf_0_clk/X (sky130_fd_sc_hd__clkbuf_16)
                                         clknet_0_clk (net)
                  0.07    0.00    0.36 ^ clkbuf_1_1__f_clk/A (sky130_fd_sc_hd__clkbuf_16)
     2    0.01    0.05    0.19    0.55 ^ clkbuf_1_1__f_clk/X (sky130_fd_sc_hd__clkbuf_16)
                                         clknet_1_1__leaf_clk (net)
                  0.05    0.00    0.55 ^ _16_/CLK (sky130_fd_sc_hd__dfxtp_1)
     1    0.02    0.17    0.63    1.18 v _16_/Q (sky130_fd_sc_hd__dfxtp_1)
                                         net10 (net)
                  0.17    0.00    1.18 v output10/A (sky130_fd_sc_hd__buf_2)
     1    0.03    0.17    0.37    1.56 v output10/X (sky130_fd_sc_hd__buf_2)
                                         O[2] (net)
                  0.17    0.00    1.56 v O[2] (out)
                                  1.56   data arrival time

                          0.00    0.00   clock clk (rise edge)
                          0.00    0.00   clock network delay (propagated)
                          0.25    0.25   clock uncertainty
                          0.00    0.25   clock reconvergence pessimism
                         -2.00   -1.75   output external delay
                                 -1.75   data required time
-----------------------------------------------------------------------------
                                 -1.75   data required time
                                 -1.56   data arrival time
-----------------------------------------------------------------------------
                                  3.31   slack (MET)


Startpoint: _18_ (rising edge-triggered flip-flop clocked by clk)
Endpoint: O[0] (output port clocked by clk)
Path Group: clk
Path Type: min
Corner: Slowest

Fanout     Cap    Slew   Delay    Time   Description
-----------------------------------------------------------------------------
                          0.00    0.00   clock clk (rise edge)
                          0.00    0.00   clock source latency
     1    0.02    0.16    0.11    0.11 ^ clk (in)
                                         clk (net)
                  0.16    0.00    0.11 ^ clkbuf_0_clk/A (sky130_fd_sc_hd__clkbuf_16)
     2    0.02    0.07    0.25    0.36 ^ clkbuf_0_clk/X (sky130_fd_sc_hd__clkbuf_16)
                                         clknet_0_clk (net)
                  0.07    0.00    0.36 ^ clkbuf_1_0__f_clk/A (sky130_fd_sc_hd__clkbuf_16)
     2    0.01    0.05    0.19    0.55 ^ clkbuf_1_0__f_clk/X (sky130_fd_sc_hd__clkbuf_16)
                                         clknet_1_0__leaf_clk (net)
                  0.05    0.00    0.55 ^ _18_/CLK (sky130_fd_sc_hd__dfxtp_1)
     1    0.02    0.21    0.66    1.21 v _18_/Q (sky130_fd_sc_hd__dfxtp_1)
                                         net8 (net)
                  0.21    0.00    1.21 v output8/A (sky130_fd_sc_hd__buf_2)
     1    0.03    0.17    0.39    1.60 v output8/X (sky130_fd_sc_hd__buf_2)
                                         O[0] (net)
                  0.17    0.00    1.60 v O[0] (out)
                                  1.60   data arrival time

                          0.00    0.00   clock clk (rise edge)
                          0.00    0.00   clock network delay (propagated)
                          0.25    0.25   clock uncertainty
                          0.00    0.25   clock reconvergence pessimism
                         -2.00   -1.75   output external delay
                                 -1.75   data required time
-----------------------------------------------------------------------------
                                 -1.75   data required time
                                 -1.60   data arrival time
-----------------------------------------------------------------------------
                                  3.35   slack (MET)



worst slack corner Slowest: 1.7220
======================= Typical Corner ===================================

Startpoint: D[4] (input port clocked by clk)
Endpoint: _16_ (rising edge-triggered flip-flop clocked by clk)
Path Group: clk
Path Type: min
Corner: Typical

Fanout     Cap    Slew   Delay    Time   Description
-----------------------------------------------------------------------------
                          0.00    0.00   clock clk (rise edge)
                          0.00    0.00   clock network delay (propagated)
                          2.00    2.00 ^ input external delay
     1    0.00    0.02    0.01    2.01 ^ D[4] (in)
                                         D[4] (net)
                  0.02    0.00    2.01 ^ input4/A (sky130_fd_sc_hd__buf_1)
     3    0.01    0.14    0.13    2.14 ^ input4/X (sky130_fd_sc_hd__buf_1)
                                         net4 (net)
                  0.14    0.00    2.14 ^ _10_/D (sky130_fd_sc_hd__or4_1)
     1    0.01    0.06    0.13    2.28 ^ _10_/X (sky130_fd_sc_hd__or4_1)
                                         _00_ (net)
                  0.06    0.00    2.28 ^ _16_/D (sky130_fd_sc_hd__dfxtp_1)
                                  2.28   data arrival time

                          0.00    0.00   clock clk (rise edge)
                          0.00    0.00   clock source latency
     1    0.02    0.11    0.08    0.08 ^ clk (in)
                                         clk (net)
                  0.11    0.00    0.08 ^ clkbuf_0_clk/A (sky130_fd_sc_hd__clkbuf_16)
     2    0.02    0.04    0.15    0.23 ^ clkbuf_0_clk/X (sky130_fd_sc_hd__clkbuf_16)
                                         clknet_0_clk (net)
                  0.04    0.00    0.23 ^ clkbuf_1_1__f_clk/A (sky130_fd_sc_hd__clkbuf_16)
     2    0.01    0.03    0.12    0.35 ^ clkbuf_1_1__f_clk/X (sky130_fd_sc_hd__clkbuf_16)
                                         clknet_1_1__leaf_clk (net)
                  0.03    0.00    0.35 ^ _16_/CLK (sky130_fd_sc_hd__dfxtp_1)
                          0.25    0.60   clock uncertainty
                          0.00    0.60   clock reconvergence pessimism
                         -0.04    0.56   library hold time
                                  0.56   data required time
-----------------------------------------------------------------------------
                                  0.56   data required time
                                 -2.28   data arrival time
-----------------------------------------------------------------------------
                                  1.71   slack (MET)


Startpoint: D[3] (input port clocked by clk)
Endpoint: _17_ (rising edge-triggered flip-flop clocked by clk)
Path Group: clk
Path Type: min
Corner: Typical

Fanout     Cap    Slew   Delay    Time   Description
-----------------------------------------------------------------------------
                          0.00    0.00   clock clk (rise edge)
                          0.00    0.00   clock network delay (propagated)
                          2.00    2.00 ^ input external delay
     1    0.00    0.02    0.01    2.01 ^ D[3] (in)
                                         D[3] (net)
                  0.02    0.00    2.01 ^ input3/A (sky130_fd_sc_hd__clkbuf_1)
     2    0.01    0.07    0.09    2.10 ^ input3/X (sky130_fd_sc_hd__clkbuf_1)
                                         net3 (net)
                  0.07    0.00    2.10 ^ _11_/A (sky130_fd_sc_hd__or2_1)
     1    0.00    0.04    0.10    2.19 ^ _11_/X (sky130_fd_sc_hd__or2_1)
                                         _05_ (net)
                  0.04    0.00    2.20 ^ _12_/A2 (sky130_fd_sc_hd__a211o_1)
     1    0.01    0.06    0.12    2.32 ^ _12_/X (sky130_fd_sc_hd__a211o_1)
                                         _01_ (net)
                  0.06    0.00    2.32 ^ _17_/D (sky130_fd_sc_hd__dfxtp_1)
                                  2.32   data arrival time

                          0.00    0.00   clock clk (rise edge)
                          0.00    0.00   clock source latency
     1    0.02    0.11    0.08    0.08 ^ clk (in)
                                         clk (net)
                  0.11    0.00    0.08 ^ clkbuf_0_clk/A (sky130_fd_sc_hd__clkbuf_16)
     2    0.02    0.04    0.15    0.23 ^ clkbuf_0_clk/X (sky130_fd_sc_hd__clkbuf_16)
                                         clknet_0_clk (net)
                  0.04    0.00    0.23 ^ clkbuf_1_0__f_clk/A (sky130_fd_sc_hd__clkbuf_16)
     2    0.01    0.03    0.12    0.35 ^ clkbuf_1_0__f_clk/X (sky130_fd_sc_hd__clkbuf_16)
                                         clknet_1_0__leaf_clk (net)
                  0.03    0.00    0.35 ^ _17_/CLK (sky130_fd_sc_hd__dfxtp_1)
                          0.25    0.60   clock uncertainty
                          0.00    0.60   clock reconvergence pessimism
                         -0.04    0.56   library hold time
                                  0.56   data required time
-----------------------------------------------------------------------------
                                  0.56   data required time
                                 -2.32   data arrival time
-----------------------------------------------------------------------------
                                  1.76   slack (MET)


Startpoint: D[6] (input port clocked by clk)
Endpoint: _18_ (rising edge-triggered flip-flop clocked by clk)
Path Group: clk
Path Type: min
Corner: Typical

Fanout     Cap    Slew   Delay    Time   Description
-----------------------------------------------------------------------------
                          0.00    0.00   clock clk (rise edge)
                          0.00    0.00   clock network delay (propagated)
                          2.00    2.00 v input external delay
     1    0.00    0.01    0.00    2.00 v D[6] (in)
                                         D[6] (net)
                  0.01    0.00    2.00 v input6/A (sky130_fd_sc_hd__buf_1)
     3    0.02    0.13    0.14    2.15 v input6/X (sky130_fd_sc_hd__buf_1)
                                         net6 (net)
                  0.13    0.00    2.15 v _15_/A1 (sky130_fd_sc_hd__o21bai_1)
     1    0.01    0.08    0.19    2.34 ^ _15_/Y (sky130_fd_sc_hd__o21bai_1)
                                         _02_ (net)
                  0.08    0.00    2.34 ^ _18_/D (sky130_fd_sc_hd__dfxtp_1)
                                  2.34   data arrival time

                          0.00    0.00   clock clk (rise edge)
                          0.00    0.00   clock source latency
     1    0.02    0.11    0.08    0.08 ^ clk (in)
                                         clk (net)
                  0.11    0.00    0.08 ^ clkbuf_0_clk/A (sky130_fd_sc_hd__clkbuf_16)
     2    0.02    0.04    0.15    0.23 ^ clkbuf_0_clk/X (sky130_fd_sc_hd__clkbuf_16)
                                         clknet_0_clk (net)
                  0.04    0.00    0.23 ^ clkbuf_1_0__f_clk/A (sky130_fd_sc_hd__clkbuf_16)
     2    0.01    0.03    0.12    0.35 ^ clkbuf_1_0__f_clk/X (sky130_fd_sc_hd__clkbuf_16)
                                         clknet_1_0__leaf_clk (net)
                  0.03    0.00    0.35 ^ _18_/CLK (sky130_fd_sc_hd__dfxtp_1)
                          0.25    0.60   clock uncertainty
                          0.00    0.60   clock reconvergence pessimism
                         -0.04    0.56   library hold time
                                  0.56   data required time
-----------------------------------------------------------------------------
                                  0.56   data required time
                                 -2.34   data arrival time
-----------------------------------------------------------------------------
                                  1.79   slack (MET)


Startpoint: _17_ (rising edge-triggered flip-flop clocked by clk)
Endpoint: O[1] (output port clocked by clk)
Path Group: clk
Path Type: min
Corner: Typical

Fanout     Cap    Slew   Delay    Time   Description
-----------------------------------------------------------------------------
                          0.00    0.00   clock clk (rise edge)
                          0.00    0.00   clock source latency
     1    0.02    0.11    0.07    0.07 ^ clk (in)
                                         clk (net)
                  0.11    0.00    0.07 ^ clkbuf_0_clk/A (sky130_fd_sc_hd__clkbuf_16)
     2    0.02    0.04    0.14    0.21 ^ clkbuf_0_clk/X (sky130_fd_sc_hd__clkbuf_16)
                                         clknet_0_clk (net)
                  0.04    0.00    0.21 ^ clkbuf_1_0__f_clk/A (sky130_fd_sc_hd__clkbuf_16)
     2    0.01    0.03    0.11    0.31 ^ clkbuf_1_0__f_clk/X (sky130_fd_sc_hd__clkbuf_16)
                                         clknet_1_0__leaf_clk (net)
                  0.03    0.00    0.31 ^ _17_/CLK (sky130_fd_sc_hd__dfxtp_1)
     1    0.02    0.08    0.32    0.63 v _17_/Q (sky130_fd_sc_hd__dfxtp_1)
                                         net9 (net)
                  0.08    0.00    0.63 v output9/A (sky130_fd_sc_hd__buf_2)
     1    0.03    0.09    0.19    0.82 v output9/X (sky130_fd_sc_hd__buf_2)
                                         O[1] (net)
                  0.09    0.00    0.82 v O[1] (out)
                                  0.82   data arrival time

                          0.00    0.00   clock clk (rise edge)
                          0.00    0.00   clock network delay (propagated)
                          0.25    0.25   clock uncertainty
                          0.00    0.25   clock reconvergence pessimism
                         -2.00   -1.75   output external delay
                                 -1.75   data required time
-----------------------------------------------------------------------------
                                 -1.75   data required time
                                 -0.82   data arrival time
-----------------------------------------------------------------------------
                                  2.57   slack (MET)


Startpoint: _16_ (rising edge-triggered flip-flop clocked by clk)
Endpoint: O[2] (output port clocked by clk)
Path Group: clk
Path Type: min
Corner: Typical

Fanout     Cap    Slew   Delay    Time   Description
-----------------------------------------------------------------------------
                          0.00    0.00   clock clk (rise edge)
                          0.00    0.00   clock source latency
     1    0.02    0.11    0.07    0.07 ^ clk (in)
                                         clk (net)
                  0.11    0.00    0.07 ^ clkbuf_0_clk/A (sky130_fd_sc_hd__clkbuf_16)
     2    0.02    0.04    0.14    0.21 ^ clkbuf_0_clk/X (sky130_fd_sc_hd__clkbuf_16)
                                         clknet_0_clk (net)
                  0.04    0.00    0.21 ^ clkbuf_1_1__f_clk/A (sky130_fd_sc_hd__clkbuf_16)
     2    0.01    0.03    0.11    0.31 ^ clkbuf_1_1__f_clk/X (sky130_fd_sc_hd__clkbuf_16)
                                         clknet_1_1__leaf_clk (net)
                  0.03    0.00    0.32 ^ _16_/CLK (sky130_fd_sc_hd__dfxtp_1)
     1    0.02    0.09    0.32    0.64 v _16_/Q (sky130_fd_sc_hd__dfxtp_1)
                                         net10 (net)
                  0.09    0.00    0.64 v output10/A (sky130_fd_sc_hd__buf_2)
     1    0.03    0.09    0.19    0.83 v output10/X (sky130_fd_sc_hd__buf_2)
                                         O[2] (net)
                  0.09    0.00    0.83 v O[2] (out)
                                  0.83   data arrival time

                          0.00    0.00   clock clk (rise edge)
                          0.00    0.00   clock network delay (propagated)
                          0.25    0.25   clock uncertainty
                          0.00    0.25   clock reconvergence pessimism
                         -2.00   -1.75   output external delay
                                 -1.75   data required time
-----------------------------------------------------------------------------
                                 -1.75   data required time
                                 -0.83   data arrival time
-----------------------------------------------------------------------------
                                  2.58   slack (MET)


Startpoint: _18_ (rising edge-triggered flip-flop clocked by clk)
Endpoint: O[0] (output port clocked by clk)
Path Group: clk
Path Type: min
Corner: Typical

Fanout     Cap    Slew   Delay    Time   Description
-----------------------------------------------------------------------------
                          0.00    0.00   clock clk (rise edge)
                          0.00    0.00   clock source latency
     1    0.02    0.11    0.07    0.07 ^ clk (in)
                                         clk (net)
                  0.11    0.00    0.07 ^ clkbuf_0_clk/A (sky130_fd_sc_hd__clkbuf_16)
     2    0.02    0.04    0.14    0.21 ^ clkbuf_0_clk/X (sky130_fd_sc_hd__clkbuf_16)
                                         clknet_0_clk (net)
                  0.04    0.00    0.21 ^ clkbuf_1_0__f_clk/A (sky130_fd_sc_hd__clkbuf_16)
     2    0.01    0.03    0.11    0.31 ^ clkbuf_1_0__f_clk/X (sky130_fd_sc_hd__clkbuf_16)
                                         clknet_1_0__leaf_clk (net)
                  0.03    0.00    0.31 ^ _18_/CLK (sky130_fd_sc_hd__dfxtp_1)
     1    0.02    0.11    0.34    0.65 v _18_/Q (sky130_fd_sc_hd__dfxtp_1)
                                         net8 (net)
                  0.11    0.00    0.65 v output8/A (sky130_fd_sc_hd__buf_2)
     1    0.03    0.09    0.20    0.85 v output8/X (sky130_fd_sc_hd__buf_2)
                                         O[0] (net)
                  0.09    0.00    0.85 v O[0] (out)
                                  0.85   data arrival time

                          0.00    0.00   clock clk (rise edge)
                          0.00    0.00   clock network delay (propagated)
                          0.25    0.25   clock uncertainty
                          0.00    0.25   clock reconvergence pessimism
                         -2.00   -1.75   output external delay
                                 -1.75   data required time
-----------------------------------------------------------------------------
                                 -1.75   data required time
                                 -0.85   data arrival time
-----------------------------------------------------------------------------
                                  2.60   slack (MET)



worst slack corner Typical: 1.7149
