OpenROAD b16bda7e82721d10566ff7e2b68f1ff0be9f9e38 
Features included (+) or not (-): +Charts +GPU +GUI +Python
This program is licensed under the BSD-3 license. See the LICENSE file for details.
Components of this program may be licensed under more restrictive licenses which must be honored.
define_corners Typical
read_liberty -corner Typical /root/.volare/sky130A/libs.ref/sky130_fd_sc_hd/lib/sky130_fd_sc_hd__tt_025C_1v80.lib
Using 1e-12 for capacitance...
Using 1e+03 for resistance...
Using 1e-09 for time...
Using 1e+00 for voltage...
Using 1e-03 for current...
Using 1e-09 for power...
Using 1e-06 for distance...
[INFO]: Reading ODB at '/openlane/designs/priority_encoder/runs/RUN_2024.11.06_13.57.03/tmp/routing/19-global.odb'…
Reading design constraints file at '/openlane/scripts/base.sdc'…
[INFO]: Setting output delay to: 2.0
[INFO]: Setting input delay to: 2.0
[INFO]: Setting load to: 0.033442
[INFO]: Setting clock uncertainty to: 0.25
[INFO]: Setting clock transition to: 0.15
[INFO]: Setting timing derate to: 5.0 %
[INFO]: Propagating all clocks
min_report

===========================================================================
report_checks -path_delay min (Hold)
============================================================================
======================= Typical Corner ===================================

Startpoint: D[7] (input port clocked by clk)
Endpoint: _17_ (rising edge-triggered flip-flop clocked by clk)
Path Group: clk
Path Type: min

Fanout     Cap    Slew   Delay    Time   Description
-----------------------------------------------------------------------------
                          0.00    0.00   clock clk (rise edge)
                          0.00    0.00   clock network delay (propagated)
                          2.00    2.00 ^ input external delay
     1    0.00    0.02    0.01    2.01 ^ D[7] (in)
                                         D[7] (net)
                  0.02    0.00    2.01 ^ input7/A (sky130_fd_sc_hd__buf_1)
     3    0.01    0.08    0.09    2.10 ^ input7/X (sky130_fd_sc_hd__buf_1)
                                         net7 (net)
                  0.08    0.00    2.10 ^ _12_/B1 (sky130_fd_sc_hd__a211o_1)
     1    0.00    0.03    0.09    2.19 ^ _12_/X (sky130_fd_sc_hd__a211o_1)
                                         _01_ (net)
                  0.03    0.00    2.19 ^ _17_/D (sky130_fd_sc_hd__dfxtp_1)
                                  2.19   data arrival time

                          0.00    0.00   clock clk (rise edge)
                          0.00    0.00   clock source latency
     1    0.01    0.04    0.03    0.03 ^ clk (in)
                                         clk (net)
                  0.04    0.00    0.03 ^ clkbuf_0_clk/A (sky130_fd_sc_hd__clkbuf_16)
     2    0.02    0.04    0.13    0.16 ^ clkbuf_0_clk/X (sky130_fd_sc_hd__clkbuf_16)
                                         clknet_0_clk (net)
                  0.04    0.00    0.16 ^ clkbuf_1_0__f_clk/A (sky130_fd_sc_hd__clkbuf_16)
     2    0.00    0.03    0.11    0.27 ^ clkbuf_1_0__f_clk/X (sky130_fd_sc_hd__clkbuf_16)
                                         clknet_1_0__leaf_clk (net)
                  0.03    0.00    0.27 ^ _17_/CLK (sky130_fd_sc_hd__dfxtp_1)
                          0.25    0.52   clock uncertainty
                          0.00    0.52   clock reconvergence pessimism
                         -0.03    0.49   library hold time
                                  0.49   data required time
-----------------------------------------------------------------------------
                                  0.49   data required time
                                 -2.19   data arrival time
-----------------------------------------------------------------------------
                                  1.70   slack (MET)


Startpoint: D[5] (input port clocked by clk)
Endpoint: _16_ (rising edge-triggered flip-flop clocked by clk)
Path Group: clk
Path Type: min

Fanout     Cap    Slew   Delay    Time   Description
-----------------------------------------------------------------------------
                          0.00    0.00   clock clk (rise edge)
                          0.00    0.00   clock network delay (propagated)
                          2.00    2.00 ^ input external delay
     1    0.00    0.02    0.01    2.01 ^ D[5] (in)
                                         D[5] (net)
                  0.02    0.00    2.01 ^ input5/A (sky130_fd_sc_hd__clkbuf_1)
     3    0.01    0.08    0.09    2.10 ^ input5/X (sky130_fd_sc_hd__clkbuf_1)
                                         net5 (net)
                  0.08    0.00    2.10 ^ _10_/C (sky130_fd_sc_hd__or4_1)
     1    0.00    0.03    0.09    2.19 ^ _10_/X (sky130_fd_sc_hd__or4_1)
                                         _00_ (net)
                  0.03    0.00    2.19 ^ _16_/D (sky130_fd_sc_hd__dfxtp_1)
                                  2.19   data arrival time

                          0.00    0.00   clock clk (rise edge)
                          0.00    0.00   clock source latency
     1    0.01    0.04    0.03    0.03 ^ clk (in)
                                         clk (net)
                  0.04    0.00    0.03 ^ clkbuf_0_clk/A (sky130_fd_sc_hd__clkbuf_16)
     2    0.02    0.04    0.13    0.16 ^ clkbuf_0_clk/X (sky130_fd_sc_hd__clkbuf_16)
                                         clknet_0_clk (net)
                  0.04    0.00    0.16 ^ clkbuf_1_1__f_clk/A (sky130_fd_sc_hd__clkbuf_16)
     2    0.00    0.03    0.11    0.27 ^ clkbuf_1_1__f_clk/X (sky130_fd_sc_hd__clkbuf_16)
                                         clknet_1_1__leaf_clk (net)
                  0.03    0.00    0.27 ^ _16_/CLK (sky130_fd_sc_hd__dfxtp_1)
                          0.25    0.52   clock uncertainty
                          0.00    0.52   clock reconvergence pessimism
                         -0.03    0.49   library hold time
                                  0.49   data required time
-----------------------------------------------------------------------------
                                  0.49   data required time
                                 -2.19   data arrival time
-----------------------------------------------------------------------------
                                  1.70   slack (MET)


Startpoint: D[6] (input port clocked by clk)
Endpoint: _18_ (rising edge-triggered flip-flop clocked by clk)
Path Group: clk
Path Type: min

Fanout     Cap    Slew   Delay    Time   Description
-----------------------------------------------------------------------------
                          0.00    0.00   clock clk (rise edge)
                          0.00    0.00   clock network delay (propagated)
                          2.00    2.00 ^ input external delay
     1    0.00    0.02    0.01    2.01 ^ D[6] (in)
                                         D[6] (net)
                  0.02    0.00    2.01 ^ input6/A (sky130_fd_sc_hd__buf_1)
     3    0.01    0.09    0.10    2.11 ^ input6/X (sky130_fd_sc_hd__buf_1)
                                         net6 (net)
                  0.09    0.00    2.11 ^ _15_/A1 (sky130_fd_sc_hd__o21bai_1)
     1    0.00    0.03    0.07    2.17 v _15_/Y (sky130_fd_sc_hd__o21bai_1)
                                         _02_ (net)
                  0.03    0.00    2.17 v _18_/D (sky130_fd_sc_hd__dfxtp_1)
                                  2.17   data arrival time

                          0.00    0.00   clock clk (rise edge)
                          0.00    0.00   clock source latency
     1    0.01    0.04    0.03    0.03 ^ clk (in)
                                         clk (net)
                  0.04    0.00    0.03 ^ clkbuf_0_clk/A (sky130_fd_sc_hd__clkbuf_16)
     2    0.02    0.04    0.13    0.16 ^ clkbuf_0_clk/X (sky130_fd_sc_hd__clkbuf_16)
                                         clknet_0_clk (net)
                  0.04    0.00    0.16 ^ clkbuf_1_0__f_clk/A (sky130_fd_sc_hd__clkbuf_16)
     2    0.00    0.03    0.11    0.27 ^ clkbuf_1_0__f_clk/X (sky130_fd_sc_hd__clkbuf_16)
                                         clknet_1_0__leaf_clk (net)
                  0.03    0.00    0.27 ^ _18_/CLK (sky130_fd_sc_hd__dfxtp_1)
                          0.25    0.52   clock uncertainty
                          0.00    0.52   clock reconvergence pessimism
                         -0.05    0.47   library hold time
                                  0.47   data required time
-----------------------------------------------------------------------------
                                  0.47   data required time
                                 -2.17   data arrival time
-----------------------------------------------------------------------------
                                  1.71   slack (MET)


Startpoint: _18_ (rising edge-triggered flip-flop clocked by clk)
Endpoint: O[0] (output port clocked by clk)
Path Group: clk
Path Type: min

Fanout     Cap    Slew   Delay    Time   Description
-----------------------------------------------------------------------------
                          0.00    0.00   clock clk (rise edge)
                          0.00    0.00   clock source latency
     1    0.01    0.04    0.03    0.03 ^ clk (in)
                                         clk (net)
                  0.04    0.00    0.03 ^ clkbuf_0_clk/A (sky130_fd_sc_hd__clkbuf_16)
     2    0.02    0.04    0.11    0.14 ^ clkbuf_0_clk/X (sky130_fd_sc_hd__clkbuf_16)
                                         clknet_0_clk (net)
                  0.04    0.00    0.14 ^ clkbuf_1_0__f_clk/A (sky130_fd_sc_hd__clkbuf_16)
     2    0.00    0.03    0.10    0.24 ^ clkbuf_1_0__f_clk/X (sky130_fd_sc_hd__clkbuf_16)
                                         clknet_1_0__leaf_clk (net)
                  0.03    0.00    0.24 ^ _18_/CLK (sky130_fd_sc_hd__dfxtp_1)
     1    0.00    0.02    0.26    0.51 v _18_/Q (sky130_fd_sc_hd__dfxtp_1)
                                         net8 (net)
                  0.02    0.00    0.51 v output8/A (sky130_fd_sc_hd__buf_2)
     1    0.03    0.09    0.16    0.67 v output8/X (sky130_fd_sc_hd__buf_2)
                                         O[0] (net)
                  0.09    0.00    0.67 v O[0] (out)
                                  0.67   data arrival time

                          0.00    0.00   clock clk (rise edge)
                          0.00    0.00   clock network delay (propagated)
                          0.25    0.25   clock uncertainty
                          0.00    0.25   clock reconvergence pessimism
                         -2.00   -1.75   output external delay
                                 -1.75   data required time
-----------------------------------------------------------------------------
                                 -1.75   data required time
                                 -0.67   data arrival time
-----------------------------------------------------------------------------
                                  2.42   slack (MET)


Startpoint: _17_ (rising edge-triggered flip-flop clocked by clk)
Endpoint: O[1] (output port clocked by clk)
Path Group: clk
Path Type: min

Fanout     Cap    Slew   Delay    Time   Description
-----------------------------------------------------------------------------
                          0.00    0.00   clock clk (rise edge)
                          0.00    0.00   clock source latency
     1    0.01    0.04    0.03    0.03 ^ clk (in)
                                         clk (net)
                  0.04    0.00    0.03 ^ clkbuf_0_clk/A (sky130_fd_sc_hd__clkbuf_16)
     2    0.02    0.04    0.11    0.14 ^ clkbuf_0_clk/X (sky130_fd_sc_hd__clkbuf_16)
                                         clknet_0_clk (net)
                  0.04    0.00    0.14 ^ clkbuf_1_0__f_clk/A (sky130_fd_sc_hd__clkbuf_16)
     2    0.00    0.03    0.10    0.24 ^ clkbuf_1_0__f_clk/X (sky130_fd_sc_hd__clkbuf_16)
                                         clknet_1_0__leaf_clk (net)
                  0.03    0.00    0.24 ^ _17_/CLK (sky130_fd_sc_hd__dfxtp_1)
     1    0.00    0.02    0.26    0.51 v _17_/Q (sky130_fd_sc_hd__dfxtp_1)
                                         net9 (net)
                  0.02    0.00    0.51 v output9/A (sky130_fd_sc_hd__buf_2)
     1    0.03    0.09    0.16    0.67 v output9/X (sky130_fd_sc_hd__buf_2)
                                         O[1] (net)
                  0.09    0.00    0.67 v O[1] (out)
                                  0.67   data arrival time

                          0.00    0.00   clock clk (rise edge)
                          0.00    0.00   clock network delay (propagated)
                          0.25    0.25   clock uncertainty
                          0.00    0.25   clock reconvergence pessimism
                         -2.00   -1.75   output external delay
                                 -1.75   data required time
-----------------------------------------------------------------------------
                                 -1.75   data required time
                                 -0.67   data arrival time
-----------------------------------------------------------------------------
                                  2.42   slack (MET)


Startpoint: _16_ (rising edge-triggered flip-flop clocked by clk)
Endpoint: O[2] (output port clocked by clk)
Path Group: clk
Path Type: min

Fanout     Cap    Slew   Delay    Time   Description
-----------------------------------------------------------------------------
                          0.00    0.00   clock clk (rise edge)
                          0.00    0.00   clock source latency
     1    0.01    0.04    0.03    0.03 ^ clk (in)
                                         clk (net)
                  0.04    0.00    0.03 ^ clkbuf_0_clk/A (sky130_fd_sc_hd__clkbuf_16)
     2    0.02    0.04    0.11    0.14 ^ clkbuf_0_clk/X (sky130_fd_sc_hd__clkbuf_16)
                                         clknet_0_clk (net)
                  0.04    0.00    0.14 ^ clkbuf_1_1__f_clk/A (sky130_fd_sc_hd__clkbuf_16)
     2    0.00    0.03    0.10    0.24 ^ clkbuf_1_1__f_clk/X (sky130_fd_sc_hd__clkbuf_16)
                                         clknet_1_1__leaf_clk (net)
                  0.03    0.00    0.24 ^ _16_/CLK (sky130_fd_sc_hd__dfxtp_1)
     1    0.00    0.02    0.26    0.51 v _16_/Q (sky130_fd_sc_hd__dfxtp_1)
                                         net10 (net)
                  0.02    0.00    0.51 v output10/A (sky130_fd_sc_hd__buf_2)
     1    0.03    0.09    0.16    0.67 v output10/X (sky130_fd_sc_hd__buf_2)
                                         O[2] (net)
                  0.09    0.00    0.67 v O[2] (out)
                                  0.67   data arrival time

                          0.00    0.00   clock clk (rise edge)
                          0.00    0.00   clock network delay (propagated)
                          0.25    0.25   clock uncertainty
                          0.00    0.25   clock reconvergence pessimism
                         -2.00   -1.75   output external delay
                                 -1.75   data required time
-----------------------------------------------------------------------------
                                 -1.75   data required time
                                 -0.67   data arrival time
-----------------------------------------------------------------------------
                                  2.42   slack (MET)



worst slack corner Typical: 1.6994
min_report_end
max_report

===========================================================================
report_checks -path_delay max (Setup)
============================================================================
======================= Typical Corner ===================================

Startpoint: _16_ (rising edge-triggered flip-flop clocked by clk)
Endpoint: O[2] (output port clocked by clk)
Path Group: clk
Path Type: max

Fanout     Cap    Slew   Delay    Time   Description
-----------------------------------------------------------------------------
                          0.00    0.00   clock clk (rise edge)
                          0.00    0.00   clock source latency
     1    0.01    0.04    0.03    0.03 ^ clk (in)
                                         clk (net)
                  0.04    0.00    0.03 ^ clkbuf_0_clk/A (sky130_fd_sc_hd__clkbuf_16)
     2    0.02    0.04    0.13    0.16 ^ clkbuf_0_clk/X (sky130_fd_sc_hd__clkbuf_16)
                                         clknet_0_clk (net)
                  0.04    0.00    0.16 ^ clkbuf_1_1__f_clk/A (sky130_fd_sc_hd__clkbuf_16)
     2    0.00    0.03    0.11    0.27 ^ clkbuf_1_1__f_clk/X (sky130_fd_sc_hd__clkbuf_16)
                                         clknet_1_1__leaf_clk (net)
                  0.03    0.00    0.27 ^ _16_/CLK (sky130_fd_sc_hd__dfxtp_1)
     1    0.00    0.03    0.30    0.57 ^ _16_/Q (sky130_fd_sc_hd__dfxtp_1)
                                         net10 (net)
                  0.03    0.00    0.57 ^ output10/A (sky130_fd_sc_hd__buf_2)
     1    0.03    0.17    0.20    0.77 ^ output10/X (sky130_fd_sc_hd__buf_2)
                                         O[2] (net)
                  0.17    0.00    0.77 ^ O[2] (out)
                                  0.77   data arrival time

                         10.00   10.00   clock clk (rise edge)
                          0.00   10.00   clock network delay (propagated)
                         -0.25    9.75   clock uncertainty
                          0.00    9.75   clock reconvergence pessimism
                         -2.00    7.75   output external delay
                                  7.75   data required time
-----------------------------------------------------------------------------
                                  7.75   data required time
                                 -0.77   data arrival time
-----------------------------------------------------------------------------
                                  6.98   slack (MET)


Startpoint: _18_ (rising edge-triggered flip-flop clocked by clk)
Endpoint: O[0] (output port clocked by clk)
Path Group: clk
Path Type: max

Fanout     Cap    Slew   Delay    Time   Description
-----------------------------------------------------------------------------
                          0.00    0.00   clock clk (rise edge)
                          0.00    0.00   clock source latency
     1    0.01    0.04    0.03    0.03 ^ clk (in)
                                         clk (net)
                  0.04    0.00    0.03 ^ clkbuf_0_clk/A (sky130_fd_sc_hd__clkbuf_16)
     2    0.02    0.04    0.13    0.16 ^ clkbuf_0_clk/X (sky130_fd_sc_hd__clkbuf_16)
                                         clknet_0_clk (net)
                  0.04    0.00    0.16 ^ clkbuf_1_0__f_clk/A (sky130_fd_sc_hd__clkbuf_16)
     2    0.00    0.03    0.11    0.27 ^ clkbuf_1_0__f_clk/X (sky130_fd_sc_hd__clkbuf_16)
                                         clknet_1_0__leaf_clk (net)
                  0.03    0.00    0.27 ^ _18_/CLK (sky130_fd_sc_hd__dfxtp_1)
     1    0.00    0.03    0.30    0.57 ^ _18_/Q (sky130_fd_sc_hd__dfxtp_1)
                                         net8 (net)
                  0.03    0.00    0.57 ^ output8/A (sky130_fd_sc_hd__buf_2)
     1    0.03    0.17    0.20    0.77 ^ output8/X (sky130_fd_sc_hd__buf_2)
                                         O[0] (net)
                  0.17    0.00    0.77 ^ O[0] (out)
                                  0.77   data arrival time

                         10.00   10.00   clock clk (rise edge)
                          0.00   10.00   clock network delay (propagated)
                         -0.25    9.75   clock uncertainty
                          0.00    9.75   clock reconvergence pessimism
                         -2.00    7.75   output external delay
                                  7.75   data required time
-----------------------------------------------------------------------------
                                  7.75   data required time
                                 -0.77   data arrival time
-----------------------------------------------------------------------------
                                  6.98   slack (MET)


Startpoint: _17_ (rising edge-triggered flip-flop clocked by clk)
Endpoint: O[1] (output port clocked by clk)
Path Group: clk
Path Type: max

Fanout     Cap    Slew   Delay    Time   Description
-----------------------------------------------------------------------------
                          0.00    0.00   clock clk (rise edge)
                          0.00    0.00   clock source latency
     1    0.01    0.04    0.03    0.03 ^ clk (in)
                                         clk (net)
                  0.04    0.00    0.03 ^ clkbuf_0_clk/A (sky130_fd_sc_hd__clkbuf_16)
     2    0.02    0.04    0.13    0.16 ^ clkbuf_0_clk/X (sky130_fd_sc_hd__clkbuf_16)
                                         clknet_0_clk (net)
                  0.04    0.00    0.16 ^ clkbuf_1_0__f_clk/A (sky130_fd_sc_hd__clkbuf_16)
     2    0.00    0.03    0.11    0.27 ^ clkbuf_1_0__f_clk/X (sky130_fd_sc_hd__clkbuf_16)
                                         clknet_1_0__leaf_clk (net)
                  0.03    0.00    0.27 ^ _17_/CLK (sky130_fd_sc_hd__dfxtp_1)
     1    0.00    0.03    0.30    0.57 ^ _17_/Q (sky130_fd_sc_hd__dfxtp_1)
                                         net9 (net)
                  0.03    0.00    0.57 ^ output9/A (sky130_fd_sc_hd__buf_2)
     1    0.03    0.17    0.20    0.77 ^ output9/X (sky130_fd_sc_hd__buf_2)
                                         O[1] (net)
                  0.17    0.00    0.77 ^ O[1] (out)
                                  0.77   data arrival time

                         10.00   10.00   clock clk (rise edge)
                          0.00   10.00   clock network delay (propagated)
                         -0.25    9.75   clock uncertainty
                          0.00    9.75   clock reconvergence pessimism
                         -2.00    7.75   output external delay
                                  7.75   data required time
-----------------------------------------------------------------------------
                                  7.75   data required time
                                 -0.77   data arrival time
-----------------------------------------------------------------------------
                                  6.98   slack (MET)


Startpoint: D[7] (input port clocked by clk)
Endpoint: _16_ (rising edge-triggered flip-flop clocked by clk)
Path Group: clk
Path Type: max

Fanout     Cap    Slew   Delay    Time   Description
-----------------------------------------------------------------------------
                          0.00    0.00   clock clk (rise edge)
                          0.00    0.00   clock network delay (propagated)
                          2.00    2.00 v input external delay
     1    0.00    0.01    0.00    2.00 v D[7] (in)
                                         D[7] (net)
                  0.01    0.00    2.00 v input7/A (sky130_fd_sc_hd__buf_1)
     3    0.01    0.04    0.09    2.09 v input7/X (sky130_fd_sc_hd__buf_1)
                                         net7 (net)
                  0.04    0.00    2.09 v _10_/A (sky130_fd_sc_hd__or4_1)
     1    0.00    0.07    0.52    2.61 v _10_/X (sky130_fd_sc_hd__or4_1)
                                         _00_ (net)
                  0.07    0.00    2.61 v _16_/D (sky130_fd_sc_hd__dfxtp_1)
                                  2.61   data arrival time

                         10.00   10.00   clock clk (rise edge)
                          0.00   10.00   clock source latency
     1    0.01    0.04    0.03   10.03 ^ clk (in)
                                         clk (net)
                  0.04    0.00   10.03 ^ clkbuf_0_clk/A (sky130_fd_sc_hd__clkbuf_16)
     2    0.02    0.04    0.11   10.14 ^ clkbuf_0_clk/X (sky130_fd_sc_hd__clkbuf_16)
                                         clknet_0_clk (net)
                  0.04    0.00   10.14 ^ clkbuf_1_1__f_clk/A (sky130_fd_sc_hd__clkbuf_16)
     2    0.00    0.03    0.10   10.24 ^ clkbuf_1_1__f_clk/X (sky130_fd_sc_hd__clkbuf_16)
                                         clknet_1_1__leaf_clk (net)
                  0.03    0.00   10.24 ^ _16_/CLK (sky130_fd_sc_hd__dfxtp_1)
                         -0.25    9.99   clock uncertainty
                          0.00    9.99   clock reconvergence pessimism
                         -0.13    9.87   library setup time
                                  9.87   data required time
-----------------------------------------------------------------------------
                                  9.87   data required time
                                 -2.61   data arrival time
-----------------------------------------------------------------------------
                                  7.25   slack (MET)


Startpoint: D[3] (input port clocked by clk)
Endpoint: _17_ (rising edge-triggered flip-flop clocked by clk)
Path Group: clk
Path Type: max

Fanout     Cap    Slew   Delay    Time   Description
-----------------------------------------------------------------------------
                          0.00    0.00   clock clk (rise edge)
                          0.00    0.00   clock network delay (propagated)
                          2.00    2.00 v input external delay
     1    0.00    0.01    0.00    2.00 v D[3] (in)
                                         D[3] (net)
                  0.01    0.00    2.00 v input3/A (sky130_fd_sc_hd__clkbuf_1)
     2    0.00    0.03    0.08    2.08 v input3/X (sky130_fd_sc_hd__clkbuf_1)
                                         net3 (net)
                  0.03    0.00    2.08 v _11_/A (sky130_fd_sc_hd__or2_1)
     1    0.00    0.05    0.22    2.30 v _11_/X (sky130_fd_sc_hd__or2_1)
                                         _05_ (net)
                  0.05    0.00    2.30 v _12_/A2 (sky130_fd_sc_hd__a211o_1)
     1    0.00    0.04    0.29    2.59 v _12_/X (sky130_fd_sc_hd__a211o_1)
                                         _01_ (net)
                  0.04    0.00    2.59 v _17_/D (sky130_fd_sc_hd__dfxtp_1)
                                  2.59   data arrival time

                         10.00   10.00   clock clk (rise edge)
                          0.00   10.00   clock source latency
     1    0.01    0.04    0.03   10.03 ^ clk (in)
                                         clk (net)
                  0.04    0.00   10.03 ^ clkbuf_0_clk/A (sky130_fd_sc_hd__clkbuf_16)
     2    0.02    0.04    0.11   10.14 ^ clkbuf_0_clk/X (sky130_fd_sc_hd__clkbuf_16)
                                         clknet_0_clk (net)
                  0.04    0.00   10.14 ^ clkbuf_1_0__f_clk/A (sky130_fd_sc_hd__clkbuf_16)
     2    0.00    0.03    0.10   10.24 ^ clkbuf_1_0__f_clk/X (sky130_fd_sc_hd__clkbuf_16)
                                         clknet_1_0__leaf_clk (net)
                  0.03    0.00   10.24 ^ _17_/CLK (sky130_fd_sc_hd__dfxtp_1)
                         -0.25    9.99   clock uncertainty
                          0.00    9.99   clock reconvergence pessimism
                         -0.11    9.88   library setup time
                                  9.88   data required time
-----------------------------------------------------------------------------
                                  9.88   data required time
                                 -2.59   data arrival time
-----------------------------------------------------------------------------
                                  7.29   slack (MET)


Startpoint: D[2] (input port clocked by clk)
Endpoint: _18_ (rising edge-triggered flip-flop clocked by clk)
Path Group: clk
Path Type: max

Fanout     Cap    Slew   Delay    Time   Description
-----------------------------------------------------------------------------
                          0.00    0.00   clock clk (rise edge)
                          0.00    0.00   clock network delay (propagated)
                          2.00    2.00 ^ input external delay
     1    0.00    0.02    0.01    2.01 ^ D[2] (in)
                                         D[2] (net)
                  0.02    0.00    2.01 ^ input2/A (sky130_fd_sc_hd__clkbuf_1)
     2    0.01    0.08    0.10    2.11 ^ input2/X (sky130_fd_sc_hd__clkbuf_1)
                                         net2 (net)
                  0.08    0.00    2.11 ^ _08_/A (sky130_fd_sc_hd__inv_2)
     1    0.00    0.02    0.03    2.14 v _08_/Y (sky130_fd_sc_hd__inv_2)
                                         _03_ (net)
                  0.02    0.00    2.14 v _13_/A1 (sky130_fd_sc_hd__a21oi_1)
     1    0.00    0.10    0.11    2.25 ^ _13_/Y (sky130_fd_sc_hd__a21oi_1)
                                         _06_ (net)
                  0.10    0.00    2.25 ^ _14_/A2 (sky130_fd_sc_hd__o21ba_1)
     1    0.00    0.04    0.13    2.38 ^ _14_/X (sky130_fd_sc_hd__o21ba_1)
                                         _07_ (net)
                  0.04    0.00    2.38 ^ _15_/A2 (sky130_fd_sc_hd__o21bai_1)
     1    0.00    0.04    0.05    2.43 v _15_/Y (sky130_fd_sc_hd__o21bai_1)
                                         _02_ (net)
                  0.04    0.00    2.43 v _18_/D (sky130_fd_sc_hd__dfxtp_1)
                                  2.43   data arrival time

                         10.00   10.00   clock clk (rise edge)
                          0.00   10.00   clock source latency
     1    0.01    0.04    0.03   10.03 ^ clk (in)
                                         clk (net)
                  0.04    0.00   10.03 ^ clkbuf_0_clk/A (sky130_fd_sc_hd__clkbuf_16)
     2    0.02    0.04    0.11   10.14 ^ clkbuf_0_clk/X (sky130_fd_sc_hd__clkbuf_16)
                                         clknet_0_clk (net)
                  0.04    0.00   10.14 ^ clkbuf_1_0__f_clk/A (sky130_fd_sc_hd__clkbuf_16)
     2    0.00    0.03    0.10   10.24 ^ clkbuf_1_0__f_clk/X (sky130_fd_sc_hd__clkbuf_16)
                                         clknet_1_0__leaf_clk (net)
                  0.03    0.00   10.24 ^ _18_/CLK (sky130_fd_sc_hd__dfxtp_1)
                         -0.25    9.99   clock uncertainty
                          0.00    9.99   clock reconvergence pessimism
                         -0.11    9.88   library setup time
                                  9.88   data required time
-----------------------------------------------------------------------------
                                  9.88   data required time
                                 -2.43   data arrival time
-----------------------------------------------------------------------------
                                  7.45   slack (MET)



worst slack corner Typical: 6.9805
max_report_end
checks_report

===========================================================================
report_checks -unconstrained
===========================================================================
======================= Typical Corner ===================================

Startpoint: _16_ (rising edge-triggered flip-flop clocked by clk)
Endpoint: O[2] (output port clocked by clk)
Path Group: clk
Path Type: max

Fanout     Cap    Slew   Delay    Time   Description
-----------------------------------------------------------------------------
                          0.00    0.00   clock clk (rise edge)
                          0.00    0.00   clock source latency
     1    0.01    0.04    0.03    0.03 ^ clk (in)
                                         clk (net)
                  0.04    0.00    0.03 ^ clkbuf_0_clk/A (sky130_fd_sc_hd__clkbuf_16)
     2    0.02    0.04    0.13    0.16 ^ clkbuf_0_clk/X (sky130_fd_sc_hd__clkbuf_16)
                                         clknet_0_clk (net)
                  0.04    0.00    0.16 ^ clkbuf_1_1__f_clk/A (sky130_fd_sc_hd__clkbuf_16)
     2    0.00    0.03    0.11    0.27 ^ clkbuf_1_1__f_clk/X (sky130_fd_sc_hd__clkbuf_16)
                                         clknet_1_1__leaf_clk (net)
                  0.03    0.00    0.27 ^ _16_/CLK (sky130_fd_sc_hd__dfxtp_1)
     1    0.00    0.03    0.30    0.57 ^ _16_/Q (sky130_fd_sc_hd__dfxtp_1)
                                         net10 (net)
                  0.03    0.00    0.57 ^ output10/A (sky130_fd_sc_hd__buf_2)
     1    0.03    0.17    0.20    0.77 ^ output10/X (sky130_fd_sc_hd__buf_2)
                                         O[2] (net)
                  0.17    0.00    0.77 ^ O[2] (out)
                                  0.77   data arrival time

                         10.00   10.00   clock clk (rise edge)
                          0.00   10.00   clock network delay (propagated)
                         -0.25    9.75   clock uncertainty
                          0.00    9.75   clock reconvergence pessimism
                         -2.00    7.75   output external delay
                                  7.75   data required time
-----------------------------------------------------------------------------
                                  7.75   data required time
                                 -0.77   data arrival time
-----------------------------------------------------------------------------
                                  6.98   slack (MET)




===========================================================================
report_checks --slack_max -0.01
============================================================================
======================= Typical Corner ===================================

No paths found.


===========================================================================
 report_check_types -max_slew -max_cap -max_fanout -violators
============================================================================
======================= Typical Corner ===================================


max slew violations count Typical: 0
max fanout violations count Typical: 0
max cap violations count Typical: 0

===========================================================================
report_parasitic_annotation -report_unannotated
============================================================================
Found 34 unannotated drivers.
 D[0]
 D[1]
 D[2]
 D[3]
 D[4]
 D[5]
 D[6]
 D[7]
 clk
 _08_/Y
 _09_/Y
 _10_/X
 _11_/X
 _12_/X
 _13_/Y
 _14_/X
 _15_/Y
 _16_/Q
 _17_/Q
 _18_/Q
 clkbuf_0_clk/X
 clkbuf_1_0__f_clk/X
 clkbuf_1_1__f_clk/X
 clkload0/X
 input1/X
 input2/X
 input3/X
 input4/X
 input5/X
 input6/X
 input7/X
 output10/X
 output8/X
 output9/X
Found 0 partially unannotated drivers.

===========================================================================
max slew violation count 0
max fanout violation count 0
max cap violation count 0
============================================================================

===========================================================================
check_setup -verbose -unconstrained_endpoints -multiple_clock -no_clock -no_input_delay -loops -generated_clocks
===========================================================================
checks_report_end
power_report

===========================================================================
 report_power
============================================================================
======================= Typical Corner ===================================

Group                  Internal  Switching    Leakage      Total
                          Power      Power      Power      Power (Watts)
----------------------------------------------------------------
Sequential             1.27e-05   8.72e-08   2.49e-11   1.28e-05  16.0%
Combinational          1.91e-06   2.55e-06   4.16e-11   4.46e-06   5.6%
Clock                  5.48e-05   7.66e-06   1.06e-10   6.25e-05  78.4%
Macro                  0.00e+00   0.00e+00   0.00e+00   0.00e+00   0.0%
Pad                    0.00e+00   0.00e+00   0.00e+00   0.00e+00   0.0%
----------------------------------------------------------------
Total                  6.95e-05   1.03e-05   1.73e-10   7.98e-05 100.0%
                          87.1%      12.9%       0.0%

power_report_end
skew_report

===========================================================================
report_clock_skew
============================================================================
Clock clk
No launch/capture paths found.

skew_report_end
summary_report

===========================================================================
report_tns
============================================================================
tns 0.00

===========================================================================
report_wns
============================================================================
wns 0.00

===========================================================================
report_worst_slack -max (Setup)
============================================================================
worst slack 6.98

===========================================================================
report_worst_slack -min (Hold)
============================================================================
worst slack 1.70
summary_report_end
area_report

===========================================================================
report_design_area
============================================================================
Design area 251 u^2 24% utilization.
area_report_end
check_nonpropagated_clocks
check_nonpropagated_clocks_end
[WARNING] Did not save OpenROAD database!
