OpenROAD b16bda7e82721d10566ff7e2b68f1ff0be9f9e38 
Features included (+) or not (-): +Charts +GPU +GUI +Python
This program is licensed under the BSD-3 license. See the LICENSE file for details.
Components of this program may be licensed under more restrictive licenses which must be honored.
define_corners Typical
read_liberty -corner Typical /root/.volare/sky130A/libs.ref/sky130_fd_sc_hd/lib/sky130_fd_sc_hd__tt_025C_1v80.lib
Using 1e-12 for capacitance...
Using 1e+03 for resistance...
Using 1e-09 for time...
Using 1e+00 for voltage...
Using 1e-03 for current...
Using 1e-09 for power...
Using 1e-06 for distance...
[INFO]: Reading ODB at '/openlane/designs/priority_encoder/runs/RUN_2024.11.06_13.57.03/tmp/routing/22-fill.odb'…
Reading design constraints file at '/openlane/scripts/base.sdc'…
[INFO]: Setting output delay to: 2.0
[INFO]: Setting input delay to: 2.0
[INFO]: Setting load to: 0.033442
[INFO]: Setting clock uncertainty to: 0.25
[INFO]: Setting clock transition to: 0.15
[INFO]: Setting timing derate to: 5.0 %
[INFO ORD-0030] Using 2 thread(s).
[INFO DRT-0149] Reading tech and libs.
[WARNING DRT-0349] LEF58_ENCLOSURE with no CUTCLASS is not supported. Skipping for layer mcon
[WARNING DRT-0349] LEF58_ENCLOSURE with no CUTCLASS is not supported. Skipping for layer mcon
[WARNING DRT-0349] LEF58_ENCLOSURE with no CUTCLASS is not supported. Skipping for layer via
[WARNING DRT-0349] LEF58_ENCLOSURE with no CUTCLASS is not supported. Skipping for layer via
[WARNING DRT-0349] LEF58_ENCLOSURE with no CUTCLASS is not supported. Skipping for layer via2
[WARNING DRT-0349] LEF58_ENCLOSURE with no CUTCLASS is not supported. Skipping for layer via2
[WARNING DRT-0349] LEF58_ENCLOSURE with no CUTCLASS is not supported. Skipping for layer via3
[WARNING DRT-0349] LEF58_ENCLOSURE with no CUTCLASS is not supported. Skipping for layer via3
[WARNING DRT-0349] LEF58_ENCLOSURE with no CUTCLASS is not supported. Skipping for layer via4
[WARNING DRT-0349] LEF58_ENCLOSURE with no CUTCLASS is not supported. Skipping for layer via4

Units:                1000
Number of layers:     13
Number of macros:     441
Number of vias:       28
Number of viarulegen: 25

[INFO DRT-0150] Reading design.

Design:                   priority_encoder
Die area:                 ( 0 0 ) ( 50000 50000 )
Number of track patterns: 12
Number of DEF vias:       0
Number of components:     136
Number of terminals:      14
Number of snets:          2
Number of nets:           33

[INFO DRT-0167] List of default vias:
  Layer via
    default via: M1M2_PR
  Layer via2
    default via: M2M3_PR
  Layer via3
    default via: M3M4_PR
  Layer via4
    default via: M4M5_PR
[INFO DRT-0162] Library cell analysis.
[INFO DRT-0163] Instance analysis.
[INFO DRT-0164] Number of unique instances = 39.
[INFO DRT-0168] Init region query.
[INFO DRT-0024]   Complete FR_MASTERSLICE.
[INFO DRT-0024]   Complete Fr_VIA.
[INFO DRT-0024]   Complete li1.
[INFO DRT-0024]   Complete mcon.
[INFO DRT-0024]   Complete met1.
[INFO DRT-0024]   Complete via.
[INFO DRT-0024]   Complete met2.
[INFO DRT-0024]   Complete via2.
[INFO DRT-0024]   Complete met3.
[INFO DRT-0024]   Complete via3.
[INFO DRT-0024]   Complete met4.
[INFO DRT-0024]   Complete via4.
[INFO DRT-0024]   Complete met5.
[INFO DRT-0033] FR_MASTERSLICE shape region query size = 0.
[INFO DRT-0033] FR_VIA shape region query size = 0.
[INFO DRT-0033] li1 shape region query size = 1222.
[INFO DRT-0033] mcon shape region query size = 840.
[INFO DRT-0033] met1 shape region query size = 351.
[INFO DRT-0033] via shape region query size = 220.
[INFO DRT-0033] met2 shape region query size = 143.
[INFO DRT-0033] via2 shape region query size = 176.
[INFO DRT-0033] met3 shape region query size = 133.
[INFO DRT-0033] via3 shape region query size = 176.
[INFO DRT-0033] met4 shape region query size = 60.
[INFO DRT-0033] via4 shape region query size = 0.
[INFO DRT-0033] met5 shape region query size = 0.
[INFO DRT-0165] Start pin access.
[INFO DRT-0078]   Complete 58 pins.
[INFO DRT-0081]   Complete 21 unique inst patterns.
[INFO DRT-0084]   Complete 19 groups.
#scanned instances     = 136
#unique  instances     = 39
#stdCellGenAp          = 590
#stdCellValidPlanarAp  = 0
#stdCellValidViaAp     = 379
#stdCellPinNoAp        = 0
#stdCellPinCnt         = 66
#instTermValidViaApCnt = 0
#macroGenAp            = 0
#macroValidPlanarAp    = 0
#macroValidViaAp       = 0
#macroNoAp             = 0
[INFO DRT-0166] Complete pin access.
[INFO DRT-0267] cpu time = 00:00:01, elapsed time = 00:00:01, memory = 114.84 (MB), peak = 114.84 (MB)

Number of guides:     158

[INFO DRT-0169] Post process guides.
[INFO DRT-0176] GCELLGRID X 0 DO 7 STEP 6900 ;
[INFO DRT-0177] GCELLGRID Y 0 DO 7 STEP 6900 ;
[INFO DRT-0028]   Complete FR_MASTERSLICE.
[INFO DRT-0028]   Complete Fr_VIA.
[INFO DRT-0028]   Complete li1.
[INFO DRT-0028]   Complete mcon.
[INFO DRT-0028]   Complete met1.
[INFO DRT-0028]   Complete via.
[INFO DRT-0028]   Complete met2.
[INFO DRT-0028]   Complete via2.
[INFO DRT-0028]   Complete met3.
[INFO DRT-0028]   Complete via3.
[INFO DRT-0028]   Complete met4.
[INFO DRT-0028]   Complete via4.
[INFO DRT-0028]   Complete met5.
[INFO DRT-0178] Init guide query.
[INFO DRT-0035]   Complete FR_MASTERSLICE (guide).
[INFO DRT-0035]   Complete Fr_VIA (guide).
[INFO DRT-0035]   Complete li1 (guide).
[INFO DRT-0035]   Complete mcon (guide).
[INFO DRT-0035]   Complete met1 (guide).
[INFO DRT-0035]   Complete via (guide).
[INFO DRT-0035]   Complete met2 (guide).
[INFO DRT-0035]   Complete via2 (guide).
[INFO DRT-0035]   Complete met3 (guide).
[INFO DRT-0035]   Complete via3 (guide).
[INFO DRT-0035]   Complete met4 (guide).
[INFO DRT-0035]   Complete via4 (guide).
[INFO DRT-0035]   Complete met5 (guide).
[INFO DRT-0036] FR_MASTERSLICE guide region query size = 0.
[INFO DRT-0036] FR_VIA guide region query size = 0.
[INFO DRT-0036] li1 guide region query size = 59.
[INFO DRT-0036] mcon guide region query size = 0.
[INFO DRT-0036] met1 guide region query size = 44.
[INFO DRT-0036] via guide region query size = 0.
[INFO DRT-0036] met2 guide region query size = 26.
[INFO DRT-0036] via2 guide region query size = 0.
[INFO DRT-0036] met3 guide region query size = 3.
[INFO DRT-0036] via3 guide region query size = 0.
[INFO DRT-0036] met4 guide region query size = 1.
[INFO DRT-0036] via4 guide region query size = 0.
[INFO DRT-0036] met5 guide region query size = 0.
[INFO DRT-0179] Init gr pin query.
[INFO DRT-0245] skipped writing guide updates to database.
[INFO DRT-0185] Post process initialize RPin region query.
[INFO DRT-0181] Start track assignment.
[INFO DRT-0184] Done with 86 vertical wires in 1 frboxes and 47 horizontal wires in 1 frboxes.
[INFO DRT-0186] Done with 9 vertical wires in 1 frboxes and 7 horizontal wires in 1 frboxes.
[INFO DRT-0182] Complete track assignment.
[INFO DRT-0267] cpu time = 00:00:00, elapsed time = 00:00:00, memory = 115.59 (MB), peak = 115.59 (MB)
[INFO DRT-0187] Start routing data preparation.
[INFO DRT-0267] cpu time = 00:00:00, elapsed time = 00:00:00, memory = 115.59 (MB), peak = 115.59 (MB)
[INFO DRT-0194] Start detail routing.
[INFO DRT-0195] Start 0th optimization iteration.
    Completing 10% with 0 violations.
    elapsed time = 00:00:00, memory = 121.32 (MB).
[INFO DRT-0199]   Number of violations = 4.
Viol/Layer        met1
Short                4
[INFO DRT-0267] cpu time = 00:00:00, elapsed time = 00:00:00, memory = 466.94 (MB), peak = 478.77 (MB)
Total wire length = 380 um.
Total wire length on LAYER li1 = 0 um.
Total wire length on LAYER met1 = 166 um.
Total wire length on LAYER met2 = 196 um.
Total wire length on LAYER met3 = 17 um.
Total wire length on LAYER met4 = 0 um.
Total wire length on LAYER met5 = 0 um.
Total number of vias = 122.
Up-via summary (total 122):

----------------------
 FR_MASTERSLICE      0
            li1     66
           met1     55
           met2      1
           met3      0
           met4      0
----------------------
                   122


[INFO DRT-0195] Start 1st optimization iteration.
    Completing 10% with 4 violations.
    elapsed time = 00:00:00, memory = 466.94 (MB).
    Completing 20% with 2 violations.
    elapsed time = 00:00:00, memory = 466.94 (MB).
    Completing 30% with 2 violations.
    elapsed time = 00:00:00, memory = 466.94 (MB).
    Completing 40% with 2 violations.
    elapsed time = 00:00:00, memory = 466.94 (MB).
[INFO DRT-0199]   Number of violations = 2.
Viol/Layer        met1
Short                2
[INFO DRT-0267] cpu time = 00:00:00, elapsed time = 00:00:00, memory = 467.06 (MB), peak = 479.06 (MB)
Total wire length = 382 um.
Total wire length on LAYER li1 = 0 um.
Total wire length on LAYER met1 = 164 um.
Total wire length on LAYER met2 = 200 um.
Total wire length on LAYER met3 = 17 um.
Total wire length on LAYER met4 = 0 um.
Total wire length on LAYER met5 = 0 um.
Total number of vias = 124.
Up-via summary (total 124):

----------------------
 FR_MASTERSLICE      0
            li1     66
           met1     57
           met2      1
           met3      0
           met4      0
----------------------
                   124


[INFO DRT-0195] Start 2nd optimization iteration.
    Completing 10% with 2 violations.
    elapsed time = 00:00:00, memory = 467.06 (MB).
    Completing 20% with 2 violations.
    elapsed time = 00:00:00, memory = 467.06 (MB).
    Completing 30% with 2 violations.
    elapsed time = 00:00:00, memory = 467.06 (MB).
    Completing 40% with 2 violations.
    elapsed time = 00:00:00, memory = 467.06 (MB).
[INFO DRT-0199]   Number of violations = 10.
Viol/Layer        met1
Metal Spacing        2
Short                8
[INFO DRT-0267] cpu time = 00:00:00, elapsed time = 00:00:00, memory = 469.98 (MB), peak = 481.74 (MB)
Total wire length = 382 um.
Total wire length on LAYER li1 = 0 um.
Total wire length on LAYER met1 = 168 um.
Total wire length on LAYER met2 = 196 um.
Total wire length on LAYER met3 = 17 um.
Total wire length on LAYER met4 = 0 um.
Total wire length on LAYER met5 = 0 um.
Total number of vias = 123.
Up-via summary (total 123):

----------------------
 FR_MASTERSLICE      0
            li1     66
           met1     56
           met2      1
           met3      0
           met4      0
----------------------
                   123


[INFO DRT-0195] Start 3rd optimization iteration.
    Completing 10% with 10 violations.
    elapsed time = 00:00:00, memory = 469.98 (MB).
[INFO DRT-0199]   Number of violations = 0.
[INFO DRT-0267] cpu time = 00:00:00, elapsed time = 00:00:00, memory = 467.05 (MB), peak = 481.74 (MB)
Total wire length = 376 um.
Total wire length on LAYER li1 = 0 um.
Total wire length on LAYER met1 = 159 um.
Total wire length on LAYER met2 = 199 um.
Total wire length on LAYER met3 = 17 um.
Total wire length on LAYER met4 = 0 um.
Total wire length on LAYER met5 = 0 um.
Total number of vias = 126.
Up-via summary (total 126):

----------------------
 FR_MASTERSLICE      0
            li1     66
           met1     59
           met2      1
           met3      0
           met4      0
----------------------
                   126


[INFO DRT-0198] Complete detail routing.
Total wire length = 376 um.
Total wire length on LAYER li1 = 0 um.
Total wire length on LAYER met1 = 159 um.
Total wire length on LAYER met2 = 199 um.
Total wire length on LAYER met3 = 17 um.
Total wire length on LAYER met4 = 0 um.
Total wire length on LAYER met5 = 0 um.
Total number of vias = 126.
Up-via summary (total 126):

----------------------
 FR_MASTERSLICE      0
            li1     66
           met1     59
           met2      1
           met3      0
           met4      0
----------------------
                   126


[INFO DRT-0267] cpu time = 00:00:02, elapsed time = 00:00:01, memory = 467.05 (MB), peak = 481.74 (MB)

[INFO DRT-0180] Post processing.
Setting global connections for newly added cells…
Writing OpenROAD database to '/openlane/designs/priority_encoder/runs/RUN_2024.11.06_13.57.03/results/routing/priority_encoder.odb'…
Writing netlist to '/openlane/designs/priority_encoder/runs/RUN_2024.11.06_13.57.03/results/routing/priority_encoder.nl.v'…
Writing powered netlist to '/openlane/designs/priority_encoder/runs/RUN_2024.11.06_13.57.03/results/routing/priority_encoder.pnl.v'…
Writing layout to '/openlane/designs/priority_encoder/runs/RUN_2024.11.06_13.57.03/results/routing/priority_encoder.def'…
